Log file open, 03/22/18 14:38:50
LogWindows: Failed to load 'aqProf.dll' (GetLastError=126)
LogWindows: File 'aqProf.dll' does not exist
LogWindows: Failed to load 'VtuneApi.dll' (GetLastError=126)
LogWindows: File 'VtuneApi.dll' does not exist
LogWindows: Failed to load 'VtuneApi32e.dll' (GetLastError=126)
LogWindows: File 'VtuneApi32e.dll' does not exist
LogInit: Display: Running engine for game: VRProj
LogPlatformFile: Not using cached read wrapper
LogInit: Display: RandInit(-680087675) SRandInit(-680087675).
LogInit: Read version file with build ID '3709383'
LogInit: Overriding engine version to CL 3832480, compatible CL 3709383
LogInit: Registered custom module enumerator with build ID '3709383'
LogTaskGraph: Started task graph with 5 named threads and 14 total threads with 3 sets of task threads.
LogStats: Stats thread started at 0.163002
LogD3D11RHI: Aftermath initialized
LogPluginManager: Mounting plugin Paper2D
LogPluginManager: Mounting plugin LightPropagationVolume
LogPluginManager: Mounting plugin CodeLiteSourceCodeAccess
LogPluginManager: Mounting plugin GitSourceControl
LogPluginManager: Mounting plugin KDevelopSourceCodeAccess
LogPluginManager: Mounting plugin NullSourceCodeAccess
LogPluginManager: Mounting plugin PerforceSourceControl
LogPluginManager: Mounting plugin SubversionSourceControl
LogPluginManager: Mounting plugin UObjectPlugin
LogPluginManager: Mounting plugin VisualStudioCodeSourceCodeAccess
LogPluginManager: Mounting plugin VisualStudioSourceCodeAccess
LogPluginManager: Mounting plugin XCodeSourceCodeAccess
LogPluginManager: Mounting plugin AssetManagerEditor
LogPluginManager: Mounting plugin AudioCapture
LogPluginManager: Mounting plugin FacialAnimation
LogPluginManager: Mounting plugin GameplayTagsEditor
LogPluginManager: Mounting plugin MobileLauncherProfileWizard
LogPluginManager: Mounting plugin PluginBrowser
LogPluginManager: Mounting plugin SpeedTreeImporter
LogPluginManager: Mounting plugin AlembicImporter
LogPluginManager: Mounting plugin CharacterAI
LogPluginManager: Mounting plugin HTML5Networking
LogPluginManager: Mounting plugin Substance
LogPluginManager: Mounting plugin AndroidMedia
LogPluginManager: Mounting plugin AvfMedia
LogPluginManager: Mounting plugin ImgMedia
LogPluginManager: Mounting plugin MediaCompositing
LogPluginManager: Mounting plugin MediaPlayerEditor
LogPluginManager: Mounting plugin WmfMedia
LogPluginManager: Mounting plugin TcpMessaging
LogPluginManager: Mounting plugin UdpMessaging
LogPluginManager: Mounting plugin ActorSequence
LogPluginManager: Mounting plugin LevelSequenceEditor
LogPluginManager: Mounting plugin MatineeToLevelSequence
LogPluginManager: Mounting plugin OnlineSubsystemGooglePlay
LogPluginManager: Mounting plugin OnlineSubsystemIOS
LogPluginManager: Mounting plugin OnlineSubsystem
LogPluginManager: Mounting plugin OnlineSubsystemNull
LogPluginManager: Mounting plugin OnlineSubsystemUtils
LogPluginManager: Mounting plugin AndroidDeviceProfileSelector
LogPluginManager: Mounting plugin AndroidMoviePlayer
LogPluginManager: Mounting plugin AndroidPermission
LogPluginManager: Mounting plugin AppleARKit
LogPluginManager: Mounting plugin AppleMoviePlayer
LogPluginManager: Mounting plugin ArchVisCharacter
LogPluginManager: Mounting plugin CableComponent
LogPluginManager: Mounting plugin CustomMeshComponent
LogPluginManager: Mounting plugin ExampleDeviceProfileSelector
LogPluginManager: Mounting plugin GoogleCloudMessaging
LogPluginManager: Mounting plugin ImmediatePhysics
LogPluginManager: Mounting plugin IOSDeviceProfileSelector
LogPluginManager: Mounting plugin LinuxDeviceProfileSelector
LogPluginManager: Mounting plugin LocationServicesBPLibrary
LogPluginManager: Mounting plugin MobilePatchingUtils
LogPluginManager: Mounting plugin OculusVR
LogPluginManager: Plugin shader directory ../../../Engine/Plugins/Runtime/Oculus/OculusVR/Shaders found
LogPluginManager: Mapping shader source directory ../../../Engine/Plugins/Runtime/Oculus/OculusVR/Shaders to virtual directory /Plugin/OculusVR
LogPluginManager: Mounting plugin PhysXVehicles
LogPluginManager: Mounting plugin ProceduralMeshComponent
LogPluginManager: Mounting plugin RuntimePhysXCooking
LogPluginManager: Mounting plugin SteamVR
LogPluginManager: Mounting plugin WindowsMoviePlayer
LogModuleManager: Display: Found up-to-date module file D:/GitHub/Packages/PGVR/GumshoeVR/Binaries/Win64/UE4Editor-VRProj.dll (API version 3709383).
LogModuleManager: Display: Found up-to-date module file ../../../Engine/Plugins/2D/Paper2D/Binaries/Win64/UE4Editor-Paper2D.dll (API version 3709383).
LogModuleManager: Display: Found up-to-date module file ../../../Engine/Plugins/2D/Paper2D/Binaries/Win64/UE4Editor-Paper2DEditor.dll (API version 3709383).
LogModuleManager: Display: Found up-to-date module file ../../../Engine/Plugins/2D/Paper2D/Binaries/Win64/UE4Editor-PaperSpriteSheetImporter.dll (API version 3709383).
LogModuleManager: Display: Found up-to-date module file ../../../Engine/Plugins/2D/Paper2D/Binaries/Win64/UE4Editor-PaperTiledImporter.dll (API version 3709383).
LogModuleManager: Display: Found up-to-date module file ../../../Engine/Plugins/2D/Paper2D/Binaries/Win64/UE4Editor-SmartSnapping.dll (API version 3709383).
LogModuleManager: Display: Found up-to-date module file ../../../Engine/Plugins/Blendables/LightPropagationVolume/Binaries/Win64/UE4Editor-LightPropagationVolumeRuntime.dll (API version 3709383).
LogModuleManager: Display: Found up-to-date module file ../../../Engine/Plugins/Blendables/LightPropagationVolume/Binaries/Win64/UE4Editor-LightPropagationVolumeEditor.dll (API version 3709383).
LogModuleManager: Display: Found up-to-date module file ../../../Engine/Plugins/Developer/GitSourceControl/Binaries/Win64/UE4Editor-GitSourceControl.dll (API version 3709383).
LogModuleManager: Display: Found up-to-date module file ../../../Engine/Plugins/Developer/PerforceSourceControl/Binaries/Win64/UE4Editor-PerforceSourceControl.dll (API version 3709383).
LogModuleManager: Display: Found up-to-date module file ../../../Engine/Plugins/Developer/SubversionSourceControl/Binaries/Win64/UE4Editor-SubversionSourceControl.dll (API version 3709383).
LogModuleManager: Display: Found up-to-date module file ../../../Engine/Plugins/Developer/UObjectPlugin/Binaries/Win64/UE4Editor-UObjectPlugin.dll (API version 3709383).
LogModuleManager: Display: Found up-to-date module file ../../../Engine/Plugins/Developer/VisualStudioCodeSourceCodeAccess/Binaries/Win64/UE4Editor-VisualStudioCodeSourceCodeAccess.dll (API version 3709383).
LogModuleManager: Display: Found up-to-date module file ../../../Engine/Plugins/Developer/VisualStudioSourceCodeAccess/Binaries/Win64/UE4Editor-VisualStudioSourceCodeAccess.dll (API version 3709383).
LogModuleManager: Display: Found up-to-date module file ../../../Engine/Plugins/Editor/AssetManagerEditor/Binaries/Win64/UE4Editor-AssetManagerEditor.dll (API version 3709383).
LogModuleManager: Display: Found up-to-date module file ../../../Engine/Plugins/Editor/AudioCapture/Binaries/Win64/UE4Editor-AudioCapture.dll (API version 3709383).
LogModuleManager: Display: Found up-to-date module file ../../../Engine/Plugins/Editor/FacialAnimation/Binaries/Win64/UE4Editor-FacialAnimation.dll (API version 3709383).
LogModuleManager: Display: Found up-to-date module file ../../../Engine/Plugins/Editor/FacialAnimation/Binaries/Win64/UE4Editor-FacialAnimationEditor.dll (API version 3709383).
LogModuleManager: Display: Found up-to-date module file ../../../Engine/Plugins/Editor/GameplayTagsEditor/Binaries/Win64/UE4Editor-GameplayTagsEditor.dll (API version 3709383).
LogModuleManager: Display: Found up-to-date module file ../../../Engine/Plugins/Editor/MobileLauncherProfileWizard/Binaries/Win64/UE4Editor-MobileLauncherProfileWizard.dll (API version 3709383).
LogModuleManager: Display: Found up-to-date module file ../../../Engine/Plugins/Editor/PluginBrowser/Binaries/Win64/UE4Editor-PluginBrowser.dll (API version 3709383).
LogModuleManager: Display: Found up-to-date module file ../../../Engine/Plugins/Editor/SpeedTreeImporter/Binaries/Win64/UE4Editor-SpeedTreeImporter.dll (API version 3709383).
LogModuleManager: Display: Found up-to-date module file ../../../Engine/Plugins/Experimental/AlembicImporter/Binaries/Win64/UE4Editor-AlembicImporter.dll (API version 3709383).
LogModuleManager: Display: Found up-to-date module file ../../../Engine/Plugins/Experimental/AlembicImporter/Binaries/Win64/UE4Editor-AlembicLibrary.dll (API version 3709383).
LogModuleManager: Display: Found up-to-date module file ../../../Engine/Plugins/Experimental/CharacterAI/Binaries/Win64/UE4Editor-CharacterAI.dll (API version 3709383).
LogModuleManager: Display: Found up-to-date module file ../../../Engine/Plugins/Experimental/HTML5Networking/Binaries/Win64/UE4Editor-HTML5Networking.dll (API version 3709383).
LogModuleManager: Display: Found up-to-date module file ../../../Engine/Plugins/Marketplace/Substance/Binaries/Win64/UE4Editor-SubstanceCore.dll (API version 3709383).
LogModuleManager: Display: Found up-to-date module file ../../../Engine/Plugins/Marketplace/Substance/Binaries/Win64/UE4Editor-SubstanceEditor.dll (API version 3709383).
LogModuleManager: Display: Found up-to-date module file ../../../Engine/Plugins/Marketplace/Substance/Binaries/Win64/UE4Editor-SubstanceSource.dll (API version 3709383).
LogModuleManager: Display: Found up-to-date module file ../../../Engine/Plugins/Marketplace/Substance/Binaries/Win64/UE4Editor-SubstanceLiveLink.dll (API version 3709383).
LogModuleManager: Display: Found up-to-date module file ../../../Engine/Plugins/Media/AndroidMedia/Binaries/Win64/UE4Editor-AndroidMediaEditor.dll (API version 3709383).
LogModuleManager: Display: Found up-to-date module file ../../../Engine/Plugins/Media/AndroidMedia/Binaries/Win64/UE4Editor-AndroidMediaFactory.dll (API version 3709383).
LogModuleManager: Display: Found up-to-date module file ../../../Engine/Plugins/Media/AvfMedia/Binaries/Win64/UE4Editor-AvfMediaEditor.dll (API version 3709383).
LogModuleManager: Display: Found up-to-date module file ../../../Engine/Plugins/Media/AvfMedia/Binaries/Win64/UE4Editor-AvfMediaFactory.dll (API version 3709383).
LogModuleManager: Display: Found up-to-date module file ../../../Engine/Plugins/Media/AvfMedia/Binaries/Win64/UE4Editor-AvfMediaFactory.dll (API version 3709383).
LogModuleManager: Display: Found up-to-date module file ../../../Engine/Plugins/Media/ImgMedia/Binaries/Win64/UE4Editor-ImgMedia.dll (API version 3709383).
LogModuleManager: Display: Found up-to-date module file ../../../Engine/Plugins/Media/ImgMedia/Binaries/Win64/UE4Editor-ImgMediaEditor.dll (API version 3709383).
LogModuleManager: Display: Found up-to-date module file ../../../Engine/Plugins/Media/ImgMedia/Binaries/Win64/UE4Editor-ImgMediaFactory.dll (API version 3709383).
LogModuleManager: Display: Found up-to-date module file ../../../Engine/Plugins/Media/ImgMedia/Binaries/Win64/UE4Editor-ImgMediaFactory.dll (API version 3709383).
LogModuleManager: Display: Found up-to-date module file ../../../Engine/Plugins/Media/ImgMedia/Binaries/Win64/UE4Editor-OpenExrWrapper.dll (API version 3709383).
LogModuleManager: Display: Found up-to-date module file ../../../Engine/Plugins/Media/MediaCompositing/Binaries/Win64/UE4Editor-MediaCompositing.dll (API version 3709383).
LogModuleManager: Display: Found up-to-date module file ../../../Engine/Plugins/Media/MediaCompositing/Binaries/Win64/UE4Editor-MediaCompositingEditor.dll (API version 3709383).
LogModuleManager: Display: Found up-to-date module file ../../../Engine/Plugins/Media/MediaPlayerEditor/Binaries/Win64/UE4Editor-MediaPlayerEditor.dll (API version 3709383).
LogModuleManager: Display: Found up-to-date module file ../../../Engine/Plugins/Media/WmfMedia/Binaries/Win64/UE4Editor-WmfMedia.dll (API version 3709383).
LogModuleManager: Display: Found up-to-date module file ../../../Engine/Plugins/Media/WmfMedia/Binaries/Win64/UE4Editor-WmfMediaEditor.dll (API version 3709383).
LogModuleManager: Display: Found up-to-date module file ../../../Engine/Plugins/Media/WmfMedia/Binaries/Win64/UE4Editor-WmfMediaFactory.dll (API version 3709383).
LogModuleManager: Display: Found up-to-date module file ../../../Engine/Plugins/Media/WmfMedia/Binaries/Win64/UE4Editor-WmfMediaFactory.dll (API version 3709383).
LogModuleManager: Display: Found up-to-date module file ../../../Engine/Plugins/Messaging/TcpMessaging/Binaries/Win64/UE4Editor-TcpMessaging.dll (API version 3709383).
LogModuleManager: Display: Found up-to-date module file ../../../Engine/Plugins/Messaging/UdpMessaging/Binaries/Win64/UE4Editor-UdpMessaging.dll (API version 3709383).
LogModuleManager: Display: Found up-to-date module file ../../../Engine/Plugins/MovieScene/ActorSequence/Binaries/Win64/UE4Editor-ActorSequence.dll (API version 3709383).
LogModuleManager: Display: Found up-to-date module file ../../../Engine/Plugins/MovieScene/LevelSequenceEditor/Binaries/Win64/UE4Editor-LevelSequenceEditor.dll (API version 3709383).
LogModuleManager: Display: Found up-to-date module file ../../../Engine/Plugins/MovieScene/MatineeToLevelSequence/Binaries/Win64/UE4Editor-MatineeToLevelSequence.dll (API version 3709383).
LogModuleManager: Display: Found up-to-date module file ../../../Engine/Plugins/Online/OnlineSubsystem/Binaries/Win64/UE4Editor-OnlineSubsystem.dll (API version 3709383).
LogModuleManager: Display: Found up-to-date module file ../../../Engine/Plugins/Online/OnlineSubsystemNull/Binaries/Win64/UE4Editor-OnlineSubsystemNull.dll (API version 3709383).
LogModuleManager: Display: Found up-to-date module file ../../../Engine/Plugins/Online/OnlineSubsystemUtils/Binaries/Win64/UE4Editor-OnlineSubsystemUtils.dll (API version 3709383).
LogModuleManager: Display: Found up-to-date module file ../../../Engine/Plugins/Online/OnlineSubsystemUtils/Binaries/Win64/UE4Editor-OnlineBlueprintSupport.dll (API version 3709383).
LogModuleManager: Display: Found up-to-date module file ../../../Engine/Plugins/Runtime/AndroidDeviceProfileSelector/Binaries/Win64/UE4Editor-AndroidDeviceProfileSelector.dll (API version 3709383).
LogModuleManager: Display: Found up-to-date module file ../../../Engine/Plugins/Runtime/AndroidPermission/Binaries/Win64/UE4Editor-AndroidPermission.dll (API version 3709383).
LogModuleManager: Display: Found up-to-date module file ../../../Engine/Plugins/Runtime/AppleARKit/Binaries/Win64/UE4Editor-AppleARKit.dll (API version 3709383).
LogModuleManager: Display: Found up-to-date module file ../../../Engine/Plugins/Runtime/ArchVisCharacter/Binaries/Win64/UE4Editor-ArchVisCharacter.dll (API version 3709383).
LogModuleManager: Display: Found up-to-date module file ../../../Engine/Plugins/Runtime/CableComponent/Binaries/Win64/UE4Editor-CableComponent.dll (API version 3709383).
LogModuleManager: Display: Found up-to-date module file ../../../Engine/Plugins/Runtime/CustomMeshComponent/Binaries/Win64/UE4Editor-CustomMeshComponent.dll (API version 3709383).
LogModuleManager: Display: Found up-to-date module file ../../../Engine/Plugins/Runtime/ExampleDeviceProfileSelector/Binaries/Win64/UE4Editor-ExampleDeviceProfileSelector.dll (API version 3709383).
LogModuleManager: Display: Found up-to-date module file ../../../Engine/Plugins/Runtime/ImmediatePhysics/Binaries/Win64/UE4Editor-ImmediatePhysics.dll (API version 3709383).
LogModuleManager: Display: Found up-to-date module file ../../../Engine/Plugins/Runtime/ImmediatePhysics/Binaries/Win64/UE4Editor-ImmediatePhysicsEditor.dll (API version 3709383).
LogModuleManager: Display: Found up-to-date module file ../../../Engine/Plugins/Runtime/LocationServicesBPLibrary/Binaries/Win64/UE4Editor-LocationServicesBPLibrary.dll (API version 3709383).
LogModuleManager: Display: Found up-to-date module file ../../../Engine/Plugins/Runtime/MobilePatchingUtils/Binaries/Win64/UE4Editor-MobilePatchingUtils.dll (API version 3709383).
LogModuleManager: Display: Found up-to-date module file ../../../Engine/Plugins/Runtime/Oculus/OculusVR/Binaries/Win64/UE4Editor-OculusHMD.dll (API version 3709383).
LogModuleManager: Display: Found up-to-date module file ../../../Engine/Plugins/Runtime/Oculus/OculusVR/Binaries/Win64/UE4Editor-OculusInput.dll (API version 3709383).
LogModuleManager: Display: Found up-to-date module file ../../../Engine/Plugins/Runtime/Oculus/OculusVR/Binaries/Win64/UE4Editor-OculusEditor.dll (API version 3709383).
LogModuleManager: Display: Found up-to-date module file ../../../Engine/Plugins/Runtime/PhysXVehicles/Binaries/Win64/UE4Editor-PhysXVehicles.dll (API version 3709383).
LogModuleManager: Display: Found up-to-date module file ../../../Engine/Plugins/Runtime/PhysXVehicles/Binaries/Win64/UE4Editor-PhysXVehiclesEditor.dll (API version 3709383).
LogModuleManager: Display: Found up-to-date module file ../../../Engine/Plugins/Runtime/ProceduralMeshComponent/Binaries/Win64/UE4Editor-ProceduralMeshComponent.dll (API version 3709383).
LogModuleManager: Display: Found up-to-date module file ../../../Engine/Plugins/Runtime/ProceduralMeshComponent/Binaries/Win64/UE4Editor-ProceduralMeshComponentEditor.dll (API version 3709383).
LogModuleManager: Display: Found up-to-date module file ../../../Engine/Plugins/Runtime/RuntimePhysXCooking/Binaries/Win64/UE4Editor-RuntimePhysXCooking.dll (API version 3709383).
LogModuleManager: Display: Found up-to-date module file ../../../Engine/Plugins/Runtime/Steam/SteamVR/Binaries/Win64/UE4Editor-SteamVR.dll (API version 3709383).
LogModuleManager: Display: Found up-to-date module file ../../../Engine/Plugins/Runtime/Steam/SteamVR/Binaries/Win64/UE4Editor-SteamVRController.dll (API version 3709383).
LogModuleManager: Display: Found up-to-date module file ../../../Engine/Plugins/Runtime/WindowsMoviePlayer/Binaries/Win64/UE4Editor-WindowsMoviePlayer.dll (API version 3709383).
LogInit: Using libcurl 7.47.1
LogInit:  - built for x86_64-pc-win32
LogInit:  - supports SSL with OpenSSL/1.0.2g
LogInit:  - supports HTTP deflate (compression) using libz 1.2.8
LogInit:  - other features:
LogInit:      CURL_VERSION_SSL
LogInit:      CURL_VERSION_LIBZ
LogInit:      CURL_VERSION_IPV6
LogInit:      CURL_VERSION_ASYNCHDNS
LogInit:      CURL_VERSION_LARGEFILE
LogInit:      CURL_VERSION_IDN
LogInit:  CurlRequestOptions (configurable via config and command line):
LogInit:  - bVerifyPeer = false  - Libcurl will NOT verify peer certificate
LogInit:  - bUseHttpProxy = false  - Libcurl will NOT use HTTP proxy
LogInit:  - bDontReuseConnections = false  - Libcurl will reuse connections
LogInit:  - CertBundlePath = nullptr  - Libcurl will use whatever was configured at build time.
LogInit: Build: ++UE4+Release-4.18-CL-3832480
LogInit: Engine Version: 4.18.3-3832480+++UE4+Release-4.18
LogInit: Compatible Engine Version: 4.18.0-3709383+++UE4+Release-4.18
LogInit: Net CL: 3709383
LogDevObjectVersion: Number of dev versions registered: 16
LogDevObjectVersion:   Dev-Blueprints (B0D832E4-1F89-4F0D-ACCF-7EB736FD4AA2): 10
LogDevObjectVersion:   Dev-Build (E1C64328-A22C-4D53-A36C-8E866417BD8C): 0
LogDevObjectVersion:   Dev-Core (375EC13C-06E4-48FB-B500-84F0262A717E): 2
LogDevObjectVersion:   Dev-Editor (E4B068ED-F494-42E9-A231-DA0B2E46BB41): 20
LogDevObjectVersion:   Dev-Framework (CFFC743F-43B0-4480-9391-14DF171D2073): 30
LogDevObjectVersion:   Dev-Mobile (B02B49B5-BB20-44E9-A304-32B752E40360): 0
LogDevObjectVersion:   Dev-Networking (A4E4105C-59A1-49B5-A7C5-40C4547EDFEE): 0
LogDevObjectVersion:   Dev-Online (39C831C9-5AE6-47DC-9A44-9C173E1C8E7C): 0
LogDevObjectVersion:   Dev-Physics (78F01B33-EBEA-4F98-B9B4-84EACCB95AA2): 0
LogDevObjectVersion:   Dev-Platform (6631380F-2D4D-43E0-8009-CF276956A95A): 0
LogDevObjectVersion:   Dev-Rendering (12F88B9F-8875-4AFC-A67C-D90C383ABD29): 20
LogDevObjectVersion:   Dev-Sequencer (7B5AE74C-D270-4C10-A958-57980B212A5A): 4
LogDevObjectVersion:   Dev-VR (D7296918-1DD6-4BDD-9DE2-64A83CC13884): 0
LogDevObjectVersion:   Dev-LoadTimes (C2A15278-BFE7-4AFE-6C17-90FF531DF755): 1
LogDevObjectVersion:   Private-Geometry (6EACA3D4-40EC-4CC1-B786-8BED09428FC5): 1
LogDevObjectVersion:   Dev-AnimPhys (29E575DD-E0A3-4627-9D10-D276232CDCEA): 12
LogInit: Compiled (64-bit): Jan 12 2018 02:04:55
LogInit: Compiled with Visual C++: 19.00.24215.01
LogInit: Build Configuration: Development
LogInit: Branch Name: ++UE4+Release-4.18
LogInit: Command line:  
LogInit: Base directory: C:/Program Files/Epic Games/UE_4.18/Engine/Binaries/Win64/
LogInit: Installed Engine Build: 1
LogInit: Presizing for max 8388607 objects, including 0 objects not considered by GC, pre-allocating 0 bytes for permanent pool.
LogInit: Object subsystem initialized
[2018.03.22-14.38.52:017][  0]LogInit: Selected Device Profile: [Windows]
[2018.03.22-14.38.52:017][  0]LogInit: Applying CVar settings loaded from the selected device profile: [Windows]
[2018.03.22-14.38.52:027][  0]LogInit: Computer: AMTX206-01
[2018.03.22-14.38.52:027][  0]LogInit: User: at9amt
[2018.03.22-14.38.52:027][  0]LogInit: CPU Page size=4096, Cores=4
[2018.03.22-14.38.52:027][  0]LogInit: High frequency timer resolution =3.328130 MHz
[2018.03.22-14.38.52:028][  0]LogMemory: Memory total: Physical=15.9GB (16GB approx)
[2018.03.22-14.38.52:028][  0]LogMemory: Platform Memory Stats for Windows
[2018.03.22-14.38.52:028][  0]LogMemory: Process Physical Memory: 274.50 MB used, 274.50 MB peak
[2018.03.22-14.38.52:028][  0]LogMemory: Process Virtual Memory: 273.70 MB used, 273.70 MB peak
[2018.03.22-14.38.52:028][  0]LogMemory: Physical Memory: 6568.09 MB used,  9693.05 MB free, 16261.14 MB total
[2018.03.22-14.38.52:028][  0]LogMemory: Virtual Memory: 648.31 MB used,  9693.05 MB free, 134217728.00 MB total
[2018.03.22-14.38.52:160][  0]LogInit: Using OS detected language (en-GB).
[2018.03.22-14.38.52:160][  0]LogInit: Using OS detected locale (en-GB).
[2018.03.22-14.38.52:162][  0]LogTextLocalizationManager: No specific localization for 'en-GB' exists, so the 'en' localization will be used.
[2018.03.22-14.38.52:531][  0]LogInit: Setting process to per monitor DPI aware
[2018.03.22-14.38.52:756][  0]LogD3D11RHI: D3D11 adapters:
[2018.03.22-14.38.52:795][  0]LogD3D11RHI:    0. 'NVIDIA GeForce GTX 1070' (Feature Level 11_0)
[2018.03.22-14.38.52:795][  0]LogD3D11RHI:       8086/0/8130 MB DedicatedVideo/DedicatedSystem/SharedSystem, Outputs:1, VendorId:0x10de
[2018.03.22-14.38.52:802][  0]LogD3D11RHI:    1. 'Intel(R) HD Graphics 530' (Feature Level 11_0)
[2018.03.22-14.38.52:802][  0]LogD3D11RHI:       128/0/8130 MB DedicatedVideo/DedicatedSystem/SharedSystem, Outputs:1, VendorId:0x8086
[2018.03.22-14.38.52:803][  0]LogD3D11RHI:    2. 'Microsoft Basic Render Driver' (Feature Level 11_0)
[2018.03.22-14.38.52:803][  0]LogD3D11RHI:       0/0/8130 MB DedicatedVideo/DedicatedSystem/SharedSystem, Outputs:0, VendorId:0x1414
[2018.03.22-14.38.52:803][  0]LogD3D11RHI: Chosen D3D11 Adapter: 0
[2018.03.22-14.38.52:809][  0]LogD3D11RHI: Creating new Direct3DDevice
[2018.03.22-14.38.52:809][  0]LogD3D11RHI:     GPU DeviceId: 0x1b81 (for the marketing name, search the web for "GPU Device Id")
[2018.03.22-14.38.52:809][  0]LogWindows: EnumDisplayDevices:
[2018.03.22-14.38.52:809][  0]LogWindows:    0. 'Intel(R) HD Graphics 530' (P:0 D:1)
[2018.03.22-14.38.52:810][  0]LogWindows:    1. 'Intel(R) HD Graphics 530' (P:0 D:0)
[2018.03.22-14.38.52:810][  0]LogWindows:    2. 'Intel(R) HD Graphics 530' (P:0 D:0)
[2018.03.22-14.38.52:810][  0]LogWindows:    3. 'NVIDIA GeForce GTX 1070' (P:1 D:1)
[2018.03.22-14.38.52:810][  0]LogWindows:    4. 'NVIDIA GeForce GTX 1070' (P:0 D:0)
[2018.03.22-14.38.52:810][  0]LogWindows:    5. 'NVIDIA GeForce GTX 1070' (P:0 D:0)
[2018.03.22-14.38.52:810][  0]LogWindows:    6. 'NVIDIA GeForce GTX 1070' (P:0 D:0)
[2018.03.22-14.38.52:810][  0]LogWindows: DebugString: PrimaryIsNotTheChoosenAdapter PrimaryIsNotTheChoosenAdapter PrimaryIsNotTheChoosenAdapter FoundDriverCount:4 
[2018.03.22-14.38.52:810][  0]LogD3D11RHI:     Adapter Name: NVIDIA GeForce GTX 1070
[2018.03.22-14.38.52:810][  0]LogD3D11RHI:   Driver Version: 384.94 (internal:22.21.13.8494, unified:384.94)
[2018.03.22-14.38.52:810][  0]LogD3D11RHI:      Driver Date: 7-18-2017
[2018.03.22-14.38.52:810][  0]LogRHI: Texture pool is 5660 MB (70% of 8086 MB)
[2018.03.22-14.38.52:839][  0]LogD3D11RHI: Async texture creation enabled
[2018.03.22-14.38.52:850][  0]LogD3D11RHI: GPU Timing Frequency: 1000.000000 (Debug: 2 1)
[2018.03.22-14.38.52:852][  0]LogShaderCompilers: Guid format shader working directory is 13 characters bigger than the processId version (D:/GitHub/Packages/PGVR/GumshoeVR/Intermediate/Shaders/WorkingDirectory/13068/).
[2018.03.22-14.38.52:852][  0]LogShaderCompilers: Cleaned the shader compiler working directory 'C:/Users/at9amt/AppData/Local/Temp/UnrealShaderWorkingDir/A0D558CA4D21426AE7E76588AF373908/'.
[2018.03.22-14.38.52:852][  0]LogShaderCompilers: Display: Using Local Shader Compiler.
[2018.03.22-14.38.53:667][  0]LogTemp: Display: Loaded TP AllDesktopTargetPlatform
[2018.03.22-14.38.53:714][  0]LogTemp: Display: Loaded TP MacClientTargetPlatform
[2018.03.22-14.38.53:760][  0]LogTemp: Display: Loaded TP MacNoEditorTargetPlatform
[2018.03.22-14.38.53:805][  0]LogTemp: Display: Loaded TP MacServerTargetPlatform
[2018.03.22-14.38.53:851][  0]LogTemp: Display: Loaded TP MacTargetPlatform
[2018.03.22-14.38.53:894][  0]LogTemp: Display: Loaded TP WindowsClientTargetPlatform
[2018.03.22-14.38.53:937][  0]LogTemp: Display: Loaded TP WindowsNoEditorTargetPlatform
[2018.03.22-14.38.53:982][  0]LogTemp: Display: Loaded TP WindowsServerTargetPlatform
[2018.03.22-14.38.54:021][  0]LogTemp: Display: Loaded TP WindowsTargetPlatform
[2018.03.22-14.38.54:065][  0]LogTemp: Display: Loaded TP Android_ASTCTargetPlatform
[2018.03.22-14.38.54:113][  0]LogTemp: Display: Loaded TP Android_ATCTargetPlatform
[2018.03.22-14.38.54:159][  0]LogTemp: Display: Loaded TP Android_DXTTargetPlatform
[2018.03.22-14.38.54:204][  0]LogTemp: Display: Loaded TP Android_ETC1TargetPlatform
[2018.03.22-14.38.54:251][  0]LogTemp: Display: Loaded TP Android_ETC2TargetPlatform
[2018.03.22-14.38.54:335][  0]LogTemp: Display: Loaded TP Android_MultiTargetPlatform
[2018.03.22-14.38.54:335][  0]LogTemp: Display: Loaded TP Android_PVRTCTargetPlatform
[2018.03.22-14.38.54:380][  0]LogTemp: Display: Loaded TP AndroidTargetPlatform
[2018.03.22-14.38.54:413][  0]LogTemp: Display: Loaded TP HTML5TargetPlatform
[2018.03.22-14.38.54:494][  0]LogTemp: Display: Loaded TP IOSTargetPlatform
[2018.03.22-14.38.54:518][  0]LogTemp: Display: Loaded TP TVOSTargetPlatform
[2018.03.22-14.38.54:565][  0]LogTemp: Display: Loaded TP LinuxClientTargetPlatform
[2018.03.22-14.38.54:608][  0]LogTemp: Display: Loaded TP LinuxNoEditorTargetPlatform
[2018.03.22-14.38.54:651][  0]LogTemp: Display: Loaded TP LinuxServerTargetPlatform
[2018.03.22-14.38.54:695][  0]LogTemp: Display: Loaded TP LinuxTargetPlatform
[2018.03.22-14.38.54:695][  0]LogTargetPlatformManager: Display: Building Assets For Windows
[2018.03.22-14.38.55:085][  0]LogDerivedDataCache: Display: Max Cache Size: 512 MB
[2018.03.22-14.38.55:168][  0]LogDerivedDataCache: Loaded boot cache 0.08s 79MB C:/Users/at9amt/AppData/Local/UnrealEngine/4.18/DerivedDataCache/Boot.ddc.
[2018.03.22-14.38.55:168][  0]LogDerivedDataCache: Display: Loaded Boot cache: C:/Users/at9amt/AppData/Local/UnrealEngine/4.18/DerivedDataCache/Boot.ddc
[2018.03.22-14.38.55:168][  0]LogDerivedDataCache: FDerivedDataBackendGraph:  Pak pak cache file D:/GitHub/Packages/PGVR/GumshoeVR/DerivedDataCache/DDC.ddp not found, will not use a pak cache.
[2018.03.22-14.38.55:168][  0]LogDerivedDataCache: Unable to find inner node Pak for hierarchical cache Hierarchy.
[2018.03.22-14.38.55:168][  0]LogDerivedDataCache: FDerivedDataBackendGraph:  CompressedPak pak cache file D:/GitHub/Packages/PGVR/GumshoeVR/DerivedDataCache/Compressed.ddp not found, will not use a pak cache.
[2018.03.22-14.38.55:168][  0]LogDerivedDataCache: Unable to find inner node CompressedPak for hierarchical cache Hierarchy.
[2018.03.22-14.38.55:183][  0]LogDerivedDataCache: Display: Pak cache opened for reading ../../../Engine/DerivedDataCache/Compressed.ddp.
[2018.03.22-14.38.55:194][  0]LogDerivedDataCache: Using Local data cache path C:/Users/at9amt/AppData/Local/UnrealEngine/Common/DerivedDataCache: Writable
[2018.03.22-14.38.55:205][  0]LogMaterial: Verifying Global Shaders for PCD3D_SM5
[2018.03.22-14.38.55:205][  0]LogSlate: Using Freetype 2.6.0
[2018.03.22-14.38.55:205][  0]LogSlate: SlateFontCache - WITH_FREETYPE: 1, WITH_HARFBUZZ: 1
[2018.03.22-14.38.55:205][  0]LogSlate: SlateFontCache - WITH_FREETYPE: 1, WITH_HARFBUZZ: 1
[2018.03.22-14.38.55:517][  0]LogInit: Selected Device Profile: [Windows]
[2018.03.22-14.38.55:738][  0]LogSimplygon: Simplygon DLL not present - disabling.
[2018.03.22-14.38.55:773][  0]LogMeshReduction: Using SimplygonSwarm for distributed automatic mesh merging
[2018.03.22-14.38.55:773][  0]LogMeshReduction: Using QuadricMeshReduction for automatic static mesh reduction
[2018.03.22-14.38.55:773][  0]LogMeshReduction: No automatic skeletal mesh reduction module available
[2018.03.22-14.38.55:773][  0]LogMeshReduction: No automatic mesh merging module available
[2018.03.22-14.38.55:773][  0]LogMeshMerging: No automatic mesh merging module available
[2018.03.22-14.38.55:868][  0]LogNetVersion: VRProj , NetCL: 3709383, EngineNetVer: 2, GameNetVer: 0 (Checksum: 4015886109)
[2018.03.22-14.38.56:021][  0]LogAssetRegistry: FAssetRegistry took 0.0271 seconds to start up
[2018.03.22-14.38.56:474][  0]LogPackageLocalizationCache: Processed 7 localized package path(s) for 2 prioritized culture(s) in 0.046482 seconds
[2018.03.22-14.38.56:479][  0]LogUObjectArray: 35872 objects as part of root set at end of initial load.
[2018.03.22-14.38.56:479][  0]LogUObjectAllocator: 7364112 out of 0 bytes used by permanent object pool.
[2018.03.22-14.38.56:479][  0]LogUObjectArray: CloseDisregardForGC: 0/0 objects in disregard for GC pool
[2018.03.22-14.38.56:525][  0]LogInit: WinSock: version 1.1 (2.2), MaxSocks=32767, MaxUdp=65467
[2018.03.22-14.38.58:832][  0]LogSubstanceCoreModule: Substance [CPU] Engine Loaded, Max Texture Size = 2048
[2018.03.22-14.38.58:858][  0]LogTcpMessaging: Initializing TcpMessaging bridge
[2018.03.22-14.38.58:896][  0]LogUdpMessaging: Initializing bridge on interface 0.0.0.0:0 to multicast group 230.0.0.1:6666.
[2018.03.22-14.38.59:320][  0]LogUObjectGlobals: Warning: Class which was marked abstract was trying to be loaded.  It will be nulled out on save. LightComp LightComponent
[2018.03.22-14.38.59:628][  0]LogStats: FPlatformStackWalk::StackWalkAndDump -  0.308 s
[2018.03.22-14.38.59:628][  0]LogOutputDevice: Error: === Handled ensure: ===
[2018.03.22-14.38.59:628][  0]LogOutputDevice: Error: 
[2018.03.22-14.38.59:628][  0]LogOutputDevice: Error: Ensure condition failed: false [File:D:\Build\++UE4+Release-4.18+Compile\Sync\Engine\Source\Runtime\CoreUObject\Private\UObject\UObjectGlobals.cpp] [Line: 2190]
[2018.03.22-14.38.59:628][  0]LogOutputDevice: Error: Class which was marked abstract was trying to be loaded.  It will be nulled out on save. LightComp LightComponent
[2018.03.22-14.38.59:628][  0]LogOutputDevice: Error: Stack: 
[2018.03.22-14.38.59:628][  0]LogOutputDevice: Error: [Callstack] 0x000000005E292786 UE4Editor-Core.dll!UnknownFunction []
[2018.03.22-14.38.59:628][  0]LogOutputDevice: Error: [Callstack] 0x000000005E03123A UE4Editor-Core.dll!UnknownFunction []
[2018.03.22-14.38.59:628][  0]LogOutputDevice: Error: [Callstack] 0x000000005E04B906 UE4Editor-Core.dll!UnknownFunction []
[2018.03.22-14.38.59:628][  0]LogOutputDevice: Error: [Callstack] 0x000000005DBCF64B UE4Editor-CoreUObject.dll!UnknownFunction []
[2018.03.22-14.38.59:628][  0]LogOutputDevice: Error: [Callstack] 0x000000005DBCD519 UE4Editor-CoreUObject.dll!UnknownFunction []
[2018.03.22-14.38.59:628][  0]LogOutputDevice: Error: [Callstack] 0x000000005DBD0191 UE4Editor-CoreUObject.dll!UnknownFunction []
[2018.03.22-14.38.59:628][  0]LogOutputDevice: Error: [Callstack] 0x000000005DB98A79 UE4Editor-CoreUObject.dll!UnknownFunction []
[2018.03.22-14.38.59:628][  0]LogOutputDevice: Error: [Callstack] 0x000000005DAE3EC4 UE4Editor-CoreUObject.dll!UnknownFunction []
[2018.03.22-14.38.59:628][  0]LogOutputDevice: Error: [Callstack] 0x000000004A822962 UE4Editor-VRProj.dll!AInteractablePrototype::AInteractablePrototype() [d:\github\packages\pgvr\gumshoevr\source\vrproj\interactableprototype.cpp:19]
[2018.03.22-14.38.59:628][  0]LogOutputDevice: Error: [Callstack] 0x000000005D9605CD UE4Editor-CoreUObject.dll!UnknownFunction []
[2018.03.22-14.38.59:628][  0]LogOutputDevice: Error: [Callstack] 0x000000005DBD91B0 UE4Editor-CoreUObject.dll!UnknownFunction []
[2018.03.22-14.38.59:628][  0]LogOutputDevice: Error: [Callstack] 0x000000005DBBB41F UE4Editor-CoreUObject.dll!UnknownFunction []
[2018.03.22-14.38.59:628][  0]LogOutputDevice: Error: [Callstack] 0x000000005D962547 UE4Editor-CoreUObject.dll!UnknownFunction []
[2018.03.22-14.38.59:628][  0]LogOutputDevice: Error: [Callstack] 0x000000005DECE6C0 UE4Editor-Core.dll!UnknownFunction []
[2018.03.22-14.38.59:628][  0]LogOutputDevice: Error: [Callstack] 0x000000005E122282 UE4Editor-Core.dll!UnknownFunction []
[2018.03.22-14.38.59:628][  0]LogOutputDevice: Error: [Callstack] 0x00000000827EF60D UE4Editor-Projects.dll!UnknownFunction []
[2018.03.22-14.38.59:628][  0]LogOutputDevice: Error: [Callstack] 0x00000000827EF91E UE4Editor-Projects.dll!UnknownFunction []
[2018.03.22-14.38.59:628][  0]LogOutputDevice: Error: [Callstack] 0x000000004D5C7F71 UE4Editor.exe!UnknownFunction []
[2018.03.22-14.38.59:628][  0]LogOutputDevice: Error: [Callstack] 0x000000004D5CC4EC UE4Editor.exe!UnknownFunction []
[2018.03.22-14.38.59:628][  0]LogOutputDevice: Error: [Callstack] 0x000000004D5C525A UE4Editor.exe!UnknownFunction []
[2018.03.22-14.38.59:628][  0]LogOutputDevice: Error: [Callstack] 0x000000004D5C54AA UE4Editor.exe!UnknownFunction []
[2018.03.22-14.38.59:628][  0]LogOutputDevice: Error: [Callstack] 0x000000004D5D2379 UE4Editor.exe!UnknownFunction []
[2018.03.22-14.38.59:628][  0]LogOutputDevice: Error: [Callstack] 0x000000004D5D3D57 UE4Editor.exe!UnknownFunction []
[2018.03.22-14.38.59:628][  0]LogOutputDevice: Error: [Callstack] 0x00000000AF622774 KERNEL32.DLL!UnknownFunction []
[2018.03.22-14.38.59:628][  0]LogOutputDevice: Error: [Callstack] 0x00000000B01D0D51 ntdll.dll!UnknownFunction []
[2018.03.22-14.38.59:628][  0]LogOutputDevice: Error: 
[2018.03.22-14.38.59:634][  0]LogStats:                SubmitErrorReport -  0.000 s
[2018.03.22-14.38.59:792][  0]LogStats:                    SendNewReport -  0.159 s
[2018.03.22-14.38.59:792][  0]LogStats:             FDebug::EnsureFailed -  0.473 s
[2018.03.22-14.38.59:793][  0]LogStats: FPlatformStackWalk::StackWalkAndDump -  0.001 s
[2018.03.22-14.38.59:793][  0]LogOutputDevice: Error: === Handled ensure: ===
[2018.03.22-14.38.59:793][  0]LogOutputDevice: Error: 
[2018.03.22-14.38.59:793][  0]LogOutputDevice: Error: Ensure condition failed: AttachmentRules.LocationRule == EAttachmentRule::KeepRelative && AttachmentRules.RotationRule == EAttachmentRule::KeepRelative && AttachmentRules.ScaleRule == EAttachmentRule::KeepRelative [File:D:\Build\++UE4+Release-4.18+Compile\Sync\Engine\Source\Runtime\Engine\Private\Components\SceneComponent.cpp] [Line: 1670]
[2018.03.22-14.38.59:793][  0]LogOutputDevice: Error: AttachToComponent when called from a constructor is only setting up attachment and will always be treated as KeepRelative. Consider calling SetupAttachment directly instead.
[2018.03.22-14.38.59:793][  0]LogOutputDevice: Error: Stack: 
[2018.03.22-14.38.59:793][  0]LogOutputDevice: Error: [Callstack] 0x000000005E292786 UE4Editor-Core.dll!UnknownFunction []
[2018.03.22-14.38.59:793][  0]LogOutputDevice: Error: [Callstack] 0x000000005E03123A UE4Editor-Core.dll!UnknownFunction []
[2018.03.22-14.38.59:793][  0]LogOutputDevice: Error: [Callstack] 0x000000005E04B906 UE4Editor-Core.dll!UnknownFunction []
[2018.03.22-14.38.59:793][  0]LogOutputDevice: Error: [Callstack] 0x000000005B49D468 UE4Editor-Engine.dll!UnknownFunction []
[2018.03.22-14.38.59:793][  0]LogOutputDevice: Error: [Callstack] 0x000000004A823D5E UE4Editor-VRProj.dll!AVRCharacterPrototype::AVRCharacterPrototype() [d:\github\packages\pgvr\gumshoevr\source\vrproj\vrcharacterprototype.cpp:25]
[2018.03.22-14.38.59:793][  0]LogOutputDevice: Error: [Callstack] 0x000000005D9605CD UE4Editor-CoreUObject.dll!UnknownFunction []
[2018.03.22-14.38.59:793][  0]LogOutputDevice: Error: [Callstack] 0x000000005DBD91B0 UE4Editor-CoreUObject.dll!UnknownFunction []
[2018.03.22-14.38.59:793][  0]LogOutputDevice: Error: [Callstack] 0x000000005DBBB41F UE4Editor-CoreUObject.dll!UnknownFunction []
[2018.03.22-14.38.59:793][  0]LogOutputDevice: Error: [Callstack] 0x000000005D962547 UE4Editor-CoreUObject.dll!UnknownFunction []
[2018.03.22-14.38.59:793][  0]LogOutputDevice: Error: [Callstack] 0x000000005DECE6C0 UE4Editor-Core.dll!UnknownFunction []
[2018.03.22-14.38.59:793][  0]LogOutputDevice: Error: [Callstack] 0x000000005E122282 UE4Editor-Core.dll!UnknownFunction []
[2018.03.22-14.38.59:793][  0]LogOutputDevice: Error: [Callstack] 0x00000000827EF60D UE4Editor-Projects.dll!UnknownFunction []
[2018.03.22-14.38.59:793][  0]LogOutputDevice: Error: [Callstack] 0x00000000827EF91E UE4Editor-Projects.dll!UnknownFunction []
[2018.03.22-14.38.59:793][  0]LogOutputDevice: Error: [Callstack] 0x000000004D5C7F71 UE4Editor.exe!UnknownFunction []
[2018.03.22-14.38.59:793][  0]LogOutputDevice: Error: [Callstack] 0x000000004D5CC4EC UE4Editor.exe!UnknownFunction []
[2018.03.22-14.38.59:793][  0]LogOutputDevice: Error: [Callstack] 0x000000004D5C525A UE4Editor.exe!UnknownFunction []
[2018.03.22-14.38.59:793][  0]LogOutputDevice: Error: [Callstack] 0x000000004D5C54AA UE4Editor.exe!UnknownFunction []
[2018.03.22-14.38.59:793][  0]LogOutputDevice: Error: [Callstack] 0x000000004D5D2379 UE4Editor.exe!UnknownFunction []
[2018.03.22-14.38.59:793][  0]LogOutputDevice: Error: [Callstack] 0x000000004D5D3D57 UE4Editor.exe!UnknownFunction []
[2018.03.22-14.38.59:793][  0]LogOutputDevice: Error: [Callstack] 0x00000000AF622774 KERNEL32.DLL!UnknownFunction []
[2018.03.22-14.38.59:793][  0]LogOutputDevice: Error: [Callstack] 0x00000000B01D0D51 ntdll.dll!UnknownFunction []
[2018.03.22-14.38.59:794][  0]LogOutputDevice: Error: 
[2018.03.22-14.38.59:796][  0]LogStats:                SubmitErrorReport -  0.000 s
[2018.03.22-14.38.59:960][  0]LogStats:                    SendNewReport -  0.164 s
[2018.03.22-14.38.59:960][  0]LogStats:             FDebug::EnsureFailed -  0.167 s
[2018.03.22-14.39.00:191][  0]LogMaterial: Uniform references updated for custom material expression Custom.
[2018.03.22-14.39.00:627][  0]SourceControl: Source control is disabled
[2018.03.22-14.39.00:627][  0]SourceControl: Source control is disabled
[2018.03.22-14.39.00:682][  0]SourceControl: Source control is disabled
[2018.03.22-14.39.00:734][  0]SourceControl: Source control is disabled
[2018.03.22-14.39.01:429][  0]LogAndroidPermission: UAndroidPermissionCallbackProxy::GetInstance
[2018.03.22-14.39.01:655][  0]LogOcInput: OculusInput pre-init called
[2018.03.22-14.39.02:103][  0]LogEngine: Initializing Engine...
[2018.03.22-14.39.05:174][  0]LogHMD: SteamVR initialized.  Driver: lighthouse  Display: LHR-DADB35DE
[2018.03.22-14.39.05:389][  0]LogStats: UGameplayTagsManager::ConstructGameplayTagTree: Construct from data asset -  0.000 s
[2018.03.22-14.39.05:389][  0]LogStats: UGameplayTagsManager::ConstructGameplayTagTree: GameplayTagTreeChangedEvent.Broadcast -  0.000 s
[2018.03.22-14.39.05:508][  0]LogAIModule: Creating AISystem for world Untitled
[2018.03.22-14.39.05:521][  0]LogInit: XAudio2 using 'Speakers (Realtek High Definition Audio)' : 2 channels at 48 kHz using 32 bits per sample (channel mask 0x3)
[2018.03.22-14.39.05:537][  0]LogInit: FAudioDevice initialized.
[2018.03.22-14.39.05:617][  0]LogDerivedDataCache: Saved boot cache 0.08s 79MB C:/Users/at9amt/AppData/Local/UnrealEngine/4.18/DerivedDataCache/Boot.ddc.
[2018.03.22-14.39.05:627][  0]LogInit: Texture streaming: Enabled
[2018.03.22-14.39.05:714][  0]LogEngineSessionManager: EngineSessionManager initialized
[2018.03.22-14.39.05:714][  0]LogEngineSessionManager: EngineSessionManager sent abnormal shutdown report. Type=AbnormalShutdown, SessionId={2439BF62-4F6C-7440-FF39-5C8B82E8F1FD}
[2018.03.22-14.39.05:830][  0]LogInit: Transaction tracking system initialized
[2018.03.22-14.39.06:105][  0]BlueprintLog: New page: Editor Load
[2018.03.22-14.39.06:883][  0]LocalizationService: Localization service is disabled
[2018.03.22-14.39.07:525][  0]LogConsoleResponse: Display: 
[2018.03.22-14.39.07:693][  0]LogCook: Display: Max memory allowance for cook 16384mb min free memory 0mb
[2018.03.22-14.39.07:693][  0]LogCook: Display: Mobile HDR setting 1
[2018.03.22-14.39.07:693][  0]LogGameplayTags: Display: UGameplayTagsManager::DoneAddingNativeTags. DelegateIsBound: 0
[2018.03.22-14.39.08:675][  0]LogFileCache: Scanning file cache for directory 'D:/GitHub/Packages/PGVR/GumshoeVR/Content/' took 0.02s
[2018.03.22-14.39.08:716][  0]SourceControl: Source control is disabled
[2018.03.22-14.39.08:716][  0]Cmd: MAP LOAD FILE="D:/GitHub/Packages/PGVR/GumshoeVR/Content/MainMenu/MainMenu.umap" TEMPLATE=0 SHOWPROGRESS=1 FEATURELEVEL=3
[2018.03.22-14.39.08:716][  0]LightingResults: New page: Lighting Build
[2018.03.22-14.39.08:754][  0]MapCheck: New page: Map Check
[2018.03.22-14.39.08:754][  0]LightingResults: New page: Lighting Build
[2018.03.22-14.39.09:242][  0]LogAIModule: Creating AISystem for world MainMenu
[2018.03.22-14.39.09:289][  0]LogEditorServer: Finished looking for orphan Actors (0.000 secs)
[2018.03.22-14.39.09:301][  0]Cmd: MAP CHECKDEP NOCLEARLOG
[2018.03.22-14.39.09:345][  0]MapCheck: Map check complete: 0 Error(s), 0 Warning(s), took 43.612ms to complete.
[2018.03.22-14.39.09:345][  0]LogFileHelpers: Loading map 'MainMenu' took 0.629
[2018.03.22-14.39.09:409][  0]LogWindowsTextInputMethodSystem: Display: IME system now deactivated.
[2018.03.22-14.39.09:484][  0]LogCollectionManager: Loaded 0 collections in 0.001192 seconds
[2018.03.22-14.39.09:560][  0]LogFileCache: Scanning file cache for directory 'D:/GitHub/Packages/PGVR/GumshoeVR/Saved/Collections/' took 0.01s
[2018.03.22-14.39.09:560][  0]LogFileCache: Scanning file cache for directory 'D:/GitHub/Packages/PGVR/GumshoeVR/Content/Developers/at9amt/Collections/' took 0.01s
[2018.03.22-14.39.09:560][  0]LogFileCache: Scanning file cache for directory 'D:/GitHub/Packages/PGVR/GumshoeVR/Content/Collections/' took 0.01s
[2018.03.22-14.39.09:560][  0]LogCollectionManager: Rebuilt the GUID cache for 0 collections in 0.000000 seconds
[2018.03.22-14.39.09:569][  0]LogContentBrowser: Native class hierarchy populated in 0.0080 seconds. Added 2380 classes and 527 folders.
[2018.03.22-14.39.09:625][  0]LogContentBrowser: Native class hierarchy updated for 'WidgetCarousel' in 0.0004 seconds. Added 0 classes and 0 folders.
[2018.03.22-14.39.09:655][  0]LogContentBrowser: Native class hierarchy updated for 'AddContentDialog' in 0.0004 seconds. Added 0 classes and 0 folders.
[2018.03.22-14.39.09:695][  0]LogContentBrowser: Native class hierarchy updated for 'SceneOutliner' in 0.0004 seconds. Added 1 classes and 2 folders.
[2018.03.22-14.39.09:730][  0]LogSlate: Took 0.000148 seconds to synchronously load lazily loaded font '../../../Engine/Content/Slate/Fonts/Roboto-Regular.ttf' (155K)
[2018.03.22-14.39.09:732][  0]LogSlate: Took 0.000216 seconds to synchronously load lazily loaded font '../../../Engine/Content/Slate/Fonts/Roboto-Bold.ttf' (160K)
[2018.03.22-14.39.09:739][  0]LogSlate: Took 0.000368 seconds to synchronously load lazily loaded font '../../../Engine/Content/Editor/Slate/Fonts/FontAwesome.ttf' (139K)
[2018.03.22-14.39.09:831][  0]LogRenderer: Reallocating scene render targets to support 1208x588 Format 26 NumSamples 1 (Frame:1).
[2018.03.22-14.39.09:980][  0]LogContentBrowser: Native class hierarchy updated for 'HierarchicalLODOutliner' in 0.0005 seconds. Added 1 classes and 2 folders.
[2018.03.22-14.39.09:980][  0]LogLoad: (Engine Initialization) Total time: 20.20 seconds
[2018.03.22-14.39.09:980][  0]LogLoad: (Engine Initialization) Total Blueprint compile time: 0.00 seconds
[2018.03.22-14.39.09:980][  0]LogExternalProfiler: Found external profiler: VSPerf
[2018.03.22-14.39.09:980][  0]LogExternalProfiler: Using external profiler: VSPerf
[2018.03.22-14.39.10:026][  0]LogContentStreaming: Texture pool size now 1000 MB
[2018.03.22-14.39.10:072][  1]LogSubstanceLiveLink: Warning: Unable to send data along socket, closing connection
[2018.03.22-14.39.10:077][  1]LogFileCache: Retrieving MD5 hashes for directory 'D:/GitHub/Packages/PGVR/GumshoeVR/Content/' took 0.07s
[2018.03.22-14.39.10:099][  1]LogSlate: Took 0.002920 seconds to synchronously load lazily loaded font '../../../Engine/Content/Slate/Fonts/DroidSansFallback.ttf' (3848K)
[2018.03.22-14.39.10:104][  1]LogSlate: Took 0.003259 seconds to synchronously load lazily loaded font '../../../Engine/Content/SlateDebug/Fonts/LastResort.ttf' (5269K)
[2018.03.22-14.39.10:135][  2]LogAssetRegistry: Asset discovery search completed in 14.1372 seconds
[2018.03.22-14.39.10:138][  2]LogCollectionManager: Rebuilt the object cache for 0 collections in 0.000000 seconds (found 0 objects)
[2018.03.22-14.39.10:138][  2]LogCollectionManager: Fixed up redirectors for 0 collections in 0.000040 seconds (updated 0 objects)
[2018.03.22-14.39.14:078][353]LogSlate: Took 0.000133 seconds to synchronously load lazily loaded font '../../../Engine/Content/Slate/Fonts/Roboto-Light.ttf' (159K)
[2018.03.22-14.39.16:850][601]LogSlate: Took 0.000114 seconds to synchronously load lazily loaded font '../../../Engine/Content/Slate/Fonts/Roboto-Light.ttf' (159K)
[2018.03.22-14.39.17:023][601]LogLinker: Warning: Can't find file '/Game/Apartment/Geometry/Meshes/CubeMaterial'
[2018.03.22-14.39.17:024][601]LogLinker: Warning: Can't find file for asset '/Game/Apartment/Geometry/Meshes/CubeMaterial' while loading D:/GitHub/Packages/PGVR/GumshoeVR/Content/Apartment/Geometry/Meshes/1M_Cube.uasset.
[2018.03.22-14.39.17:024][601]LoadErrors: Error: /Game/Apartment/Geometry/Meshes/1M_Cube : Can't find file for asset. /Game/Apartment/Geometry/Meshes/CubeMaterial
[2018.03.22-14.39.17:024][601]LogLinker: Warning: Can't find file '/Game/Apartment/Geometry/Meshes/CubeMaterial'
[2018.03.22-14.39.17:024][601]LogLinker: Warning: Can't find file for asset '/Game/Apartment/Geometry/Meshes/CubeMaterial' while loading D:/GitHub/Packages/PGVR/GumshoeVR/Content/Apartment/Geometry/Meshes/1M_Cube.uasset.
[2018.03.22-14.39.17:674][601]LogSlate: Took 0.000145 seconds to synchronously load lazily loaded font '../../../Engine/Content/Slate/Fonts/Roboto-Regular.ttf' (155K)
[2018.03.22-14.39.17:733][601]LogLinker: Warning: Asset 'D:/GitHub/Packages/PGVR/GumshoeVR/Content/SuperGrid/StarterPack/Materials/Functions/Basic/BreakSet.uasset' has been saved with empty engine version. The asset will be loaded but may be incompatible.
[2018.03.22-14.39.17:734][601]LogLinker: Warning: Asset 'D:/GitHub/Packages/PGVR/GumshoeVR/Content/SuperGrid/StarterPack/Materials/Functions/Basic/MakeSet.uasset' has been saved with empty engine version. The asset will be loaded but may be incompatible.
[2018.03.22-14.39.17:736][601]LogLinker: Warning: Asset 'D:/GitHub/Packages/PGVR/GumshoeVR/Content/SuperGrid/StarterPack/Materials/Functions/Basic/Roughness.uasset' has been saved with empty engine version. The asset will be loaded but may be incompatible.
[2018.03.22-14.39.17:737][601]LogLinker: Warning: Asset 'D:/GitHub/Packages/PGVR/GumshoeVR/Content/SuperGrid/StarterPack/Materials/Functions/Texture/Dye_SingleColor.uasset' has been saved with empty engine version. The asset will be loaded but may be incompatible.
[2018.03.22-14.39.17:739][601]LogLinker: Warning: Asset 'D:/GitHub/Packages/PGVR/GumshoeVR/Content/SuperGrid/StarterPack/Materials/Functions/Texture/Tex_SimpleGrid.uasset' has been saved with empty engine version. The asset will be loaded but may be incompatible.
[2018.03.22-14.39.17:740][601]LogLinker: Warning: Asset 'D:/GitHub/Packages/PGVR/GumshoeVR/Content/SuperGrid/StarterPack/Source/Textures/T_BasicGrid_M.uasset' has been saved with empty engine version. The asset will be loaded but may be incompatible.
[2018.03.22-14.39.17:744][601]LogLinker: Warning: Asset 'D:/GitHub/Packages/PGVR/GumshoeVR/Content/SuperGrid/StarterPack/Materials/Functions/UV/UV_SetupGrid.uasset' has been saved with empty engine version. The asset will be loaded but may be incompatible.
[2018.03.22-14.39.17:749][601]LogLinker: Warning: Asset 'D:/GitHub/Packages/PGVR/GumshoeVR/Content/SuperGrid/StarterPack/Source/Textures/T_BasicGrid_N.uasset' has been saved with empty engine version. The asset will be loaded but may be incompatible.
[2018.03.22-14.39.18:014][601]LogLinker: Warning: Can't find file '/Game/Apartment/Geometry/Meshes/CubeMaterial'
[2018.03.22-14.39.18:014][601]LoadErrors: Failed to load /Game/Apartment/Geometry/Meshes/CubeMaterial.CubeMaterial Referenced by 1M_Cube
[2018.03.22-14.39.18:014][601]LogLinker: Warning: Can't find file for asset '/Game/Apartment/Geometry/Meshes/CubeMaterial' while loading NULL.
[2018.03.22-14.39.18:015][601]LogLinker: Warning: Can't find file '/Game/Apartment/Geometry/Meshes/CubeMaterial'
[2018.03.22-14.39.18:015][601]LogLinker: Warning: Can't find file for asset '/Game/Apartment/Geometry/Meshes/CubeMaterial' while loading NULL.
[2018.03.22-14.39.18:040][601]LogMaterial: Uniform references updated for custom material expression Custom.
[2018.03.22-14.39.18:815][601]LogAIModule: Creating AISystem for world Apartment
[2018.03.22-14.39.18:908][601]Cmd: MAP LOAD FILE="D:/GitHub/Packages/PGVR/GumshoeVR/Content/Maps/Apartment.umap" TEMPLATE=0 SHOWPROGRESS=1 FEATURELEVEL=3
[2018.03.22-14.39.18:908][601]LightingResults: New page: Lighting Build
[2018.03.22-14.39.18:909][601]LoadErrors: New page: Loading map: Apartment.umap
[2018.03.22-14.39.18:911][601]MapCheck: New page: Map Check
[2018.03.22-14.39.18:911][601]LightingResults: New page: Lighting Build
[2018.03.22-14.39.18:940][601]PIE: Warning: Trying to simulate physics on ''/Game/Maps/Apartment.Apartment:PersistentLevel.CutelryTray_5.StaticMeshComponent0'' but it has ComplexAsSimple collision.
[2018.03.22-14.39.18:989][601]LogEditorServer: Finished looking for orphan Actors (0.000 secs)
[2018.03.22-14.39.19:047][601]Cmd: MAP CHECKDEP NOCLEARLOG
[2018.03.22-14.39.19:121][601]MapCheck: Map check complete: 0 Error(s), 0 Warning(s), took 73.926ms to complete.
[2018.03.22-14.39.19:122][601]LogFileHelpers: Loading map 'Apartment' took 0.215
[2018.03.22-14.39.22:803][870]LogBlueprintUserMessages: Early PlayInEditor Detection: Level '/Game/Maps/Apartment.Apartment:PersistentLevel' has LevelScriptBlueprint '/Game/Maps/Apartment.Apartment:PersistentLevel.Apartment' with GeneratedClass '/Game/Maps/Apartment.Apartment_C' with ClassGeneratedBy '/Game/Maps/Apartment.Apartment:PersistentLevel.Apartment'
[2018.03.22-14.39.22:803][870]LogPlayLevel: PlayLevel: No blueprints needed recompiling
[2018.03.22-14.39.22:803][870]PIE: New page: PIE session: Apartment (22 Mar 2018 14:39:22)
[2018.03.22-14.39.22:804][870]LogPlayLevel: Creating play world package: /Game/Maps/UEDPIE_0_Apartment
[2018.03.22-14.39.23:016][870]LogPlayLevel: PIE: StaticDuplicateObject took: (0.212607s)
[2018.03.22-14.39.23:017][870]LogAIModule: Creating AISystem for world Apartment
[2018.03.22-14.39.23:017][870]LogPlayLevel: PIE: World Init took: (0.000794s)
[2018.03.22-14.39.23:017][870]LogPlayLevel: PIE: Created PIE world by copying editor world from /Game/Maps/Apartment.Apartment to /Game/Maps/UEDPIE_0_Apartment.Apartment (0.213923s)
[2018.03.22-14.39.23:032][870]LogInit: XAudio2 using 'Speakers (Realtek High Definition Audio)' : 2 channels at 48 kHz using 32 bits per sample (channel mask 0x3)
[2018.03.22-14.39.23:046][870]LogInit: FAudioDevice initialized.
[2018.03.22-14.39.23:146][870]LogLoad: Game class is 'GameModePrototype'
[2018.03.22-14.39.23:164][870]PIE: Warning: Trying to simulate physics on ''/Game/Maps/UEDPIE_0_Apartment.Apartment:PersistentLevel.CutelryTray_5.StaticMeshComponent0'' but it has ComplexAsSimple collision.
[2018.03.22-14.39.23:174][870]LogWorld: Bringing World /Game/Maps/UEDPIE_0_Apartment.Apartment up for play (max tick rate 0) at 2018.03.22-14.39.23
[2018.03.22-14.39.23:176][870]LogWorld: Bringing up level for play took: 0.028192
[2018.03.22-14.39.23:213][870]LogContentBrowser: Native class hierarchy updated for 'MovieSceneCapture' in 0.0005 seconds. Added 11 classes and 0 folders.
[2018.03.22-14.39.23:216][870]LogScript: Warning: Accessed None trying to read property Current Audio
	VR_Conroller_C /Game/Maps/UEDPIE_0_Apartment.Apartment:PersistentLevel.VR_Conroller_1082
	Function /Game/CrossScene/Blueprints/VR_Conroller.VR_Conroller_C:ExecuteUbergraph_VR_Conroller:2968
[2018.03.22-14.39.23:216][870]PIE: Error: Blueprint Runtime Error: Accessed None trying to read property Current Audio from function: 'ExecuteUbergraph_VR_Conroller' from node: Stop in graph: EventGraph in object: VR_Conroller with description: Accessed None trying to read property Current Audio
[2018.03.22-14.39.23:222][870]PIE: Play in editor start time for /Game/Maps/UEDPIE_0_Apartment 1.207
[2018.03.22-14.39.23:222][870]LogBlueprintUserMessages: Late PlayInEditor Detection: Level '/Game/Maps/Apartment.Apartment:PersistentLevel' has LevelScriptBlueprint '/Game/Maps/Apartment.Apartment:PersistentLevel.Apartment' with GeneratedClass '/Game/Maps/Apartment.Apartment_C' with ClassGeneratedBy '/Game/Maps/Apartment.Apartment:PersistentLevel.Apartment'
[2018.03.22-14.39.23:731][871]LogRenderer: Reallocating scene render targets to support 2160x1200 Format 10 NumSamples 1 (Frame:1).
[2018.03.22-14.39.28:403][925]LogBlueprintUserMessages: Early EndPlayMap Detection: Level '/Game/Maps/Apartment.Apartment:PersistentLevel' has LevelScriptBlueprint '/Game/Maps/Apartment.Apartment:PersistentLevel.Apartment' with GeneratedClass '/Game/Maps/Apartment.Apartment_C' with ClassGeneratedBy '/Game/Maps/Apartment.Apartment:PersistentLevel.Apartment'
[2018.03.22-14.39.28:623][925]LogBlueprintUserMessages: Late EndPlayMap Detection: Level '/Game/Maps/Apartment.Apartment:PersistentLevel' has LevelScriptBlueprint '/Game/Maps/Apartment.Apartment:PersistentLevel.Apartment' with GeneratedClass '/Game/Maps/Apartment.Apartment_C' with ClassGeneratedBy '/Game/Maps/Apartment.Apartment:PersistentLevel.Apartment'
[2018.03.22-14.39.32:959][230]LogTemp: Repeating last play command: VR Preview
[2018.03.22-14.39.32:979][230]LogBlueprintUserMessages: Early PlayInEditor Detection: Level '/Game/Maps/Apartment.Apartment:PersistentLevel' has LevelScriptBlueprint '/Game/Maps/Apartment.Apartment:PersistentLevel.Apartment' with GeneratedClass '/Game/Maps/Apartment.Apartment_C' with ClassGeneratedBy '/Game/Maps/Apartment.Apartment:PersistentLevel.Apartment'
[2018.03.22-14.39.32:979][230]LogPlayLevel: PlayLevel: No blueprints needed recompiling
[2018.03.22-14.39.32:979][230]PIE: New page: PIE session: Apartment (22 Mar 2018 14:39:32)
[2018.03.22-14.39.32:979][230]LogPlayLevel: Creating play world package: /Game/Maps/UEDPIE_0_Apartment
[2018.03.22-14.39.33:204][230]LogPlayLevel: PIE: StaticDuplicateObject took: (0.224931s)
[2018.03.22-14.39.33:205][230]LogAIModule: Creating AISystem for world Apartment
[2018.03.22-14.39.33:205][230]LogPlayLevel: PIE: World Init took: (0.000741s)
[2018.03.22-14.39.33:206][230]LogPlayLevel: PIE: Created PIE world by copying editor world from /Game/Maps/Apartment.Apartment to /Game/Maps/UEDPIE_0_Apartment.Apartment (0.226217s)
[2018.03.22-14.39.33:219][230]LogInit: XAudio2 using 'Speakers (Realtek High Definition Audio)' : 2 channels at 48 kHz using 32 bits per sample (channel mask 0x3)
[2018.03.22-14.39.33:232][230]LogInit: FAudioDevice initialized.
[2018.03.22-14.39.33:322][230]LogLoad: Game class is 'GameModePrototype'
[2018.03.22-14.39.33:337][230]PIE: Warning: Trying to simulate physics on ''/Game/Maps/UEDPIE_0_Apartment.Apartment:PersistentLevel.CutelryTray_5.StaticMeshComponent0'' but it has ComplexAsSimple collision.
[2018.03.22-14.39.33:348][230]LogWorld: Bringing World /Game/Maps/UEDPIE_0_Apartment.Apartment up for play (max tick rate 0) at 2018.03.22-14.39.33
[2018.03.22-14.39.33:350][230]LogWorld: Bringing up level for play took: 0.027578
[2018.03.22-14.39.33:352][230]LogScript: Warning: Accessed None trying to read property Current Audio
	VR_Conroller_C /Game/Maps/UEDPIE_0_Apartment.Apartment:PersistentLevel.VR_Conroller_1082
	Function /Game/CrossScene/Blueprints/VR_Conroller.VR_Conroller_C:ExecuteUbergraph_VR_Conroller:2968
[2018.03.22-14.39.33:353][230]PIE: Error: Blueprint Runtime Error: Accessed None trying to read property Current Audio from function: 'ExecuteUbergraph_VR_Conroller' from node: Stop in graph: EventGraph in object: VR_Conroller with description: Accessed None trying to read property Current Audio
[2018.03.22-14.39.33:357][230]PIE: Play in editor start time for /Game/Maps/UEDPIE_0_Apartment 1.342
[2018.03.22-14.39.33:357][230]LogBlueprintUserMessages: Late PlayInEditor Detection: Level '/Game/Maps/Apartment.Apartment:PersistentLevel' has LevelScriptBlueprint '/Game/Maps/Apartment.Apartment:PersistentLevel.Apartment' with GeneratedClass '/Game/Maps/Apartment.Apartment_C' with ClassGeneratedBy '/Game/Maps/Apartment.Apartment:PersistentLevel.Apartment'
[2018.03.22-14.39.43:532][460]LogRenderer: Reallocating scene render targets to support 1080x600 Format 10 NumSamples 1 (Frame:230).
[2018.03.22-14.39.43:564][460]LogRenderer: Reallocating scene render targets to support 2160x1200 Format 26 NumSamples 1 (Frame:230).
[2018.03.22-14.39.44:069][496]LogRenderer: Reallocating scene render targets to support 1080x600 Format 10 NumSamples 1 (Frame:266).
[2018.03.22-14.39.44:101][496]LogRenderer: Reallocating scene render targets to support 2160x1200 Format 26 NumSamples 1 (Frame:266).
[2018.03.22-14.39.47:118][748]LogRenderer: Reallocating scene render targets to support 1080x600 Format 10 NumSamples 1 (Frame:518).
[2018.03.22-14.39.47:157][748]LogRenderer: Reallocating scene render targets to support 2160x1200 Format 26 NumSamples 1 (Frame:518).
[2018.03.22-14.40.46:827][837]LogScript: Warning: Attempted to access index 0 from array ComponentTags of length 0!
	VR_Conroller_C /Game/Maps/UEDPIE_0_Apartment.Apartment:PersistentLevel.VR_Conroller_1082
	Function /Game/CrossScene/Blueprints/VR_Conroller.VR_Conroller_C:ExecuteUbergraph_VR_Conroller:1A73
[2018.03.22-14.40.46:827][837]PIE: Error: Blueprint Runtime Error: Attempted to access index 0 from array ComponentTags of length 0! from function: 'ExecuteUbergraph_VR_Conroller' from node: Picked Up Item in graph: EventGraph in object: VR_Conroller with description: Attempted to access index 0 from array ComponentTags of length 0!
[2018.03.22-14.40.47:435][891]LogRenderer: Reallocating scene render targets to support 1080x600 Format 10 NumSamples 1 (Frame:2661).
[2018.03.22-14.40.47:465][891]LogRenderer: Reallocating scene render targets to support 2160x1200 Format 26 NumSamples 1 (Frame:2661).
[2018.03.22-14.41.13:770][822]LogRenderer: Reallocating scene render targets to support 1080x600 Format 10 NumSamples 1 (Frame:3592).
[2018.03.22-14.41.13:785][822]LogRenderer: Reallocating scene render targets to support 2160x1200 Format 26 NumSamples 1 (Frame:3592).
[2018.03.22-14.41.38:589][832]LogRenderer: Reallocating scene render targets to support 1080x600 Format 10 NumSamples 1 (Frame:4602).
[2018.03.22-14.41.38:613][832]LogRenderer: Reallocating scene render targets to support 2160x1200 Format 26 NumSamples 1 (Frame:4602).
[2018.03.22-14.42.04:559][908]LogRenderer: Reallocating scene render targets to support 1080x600 Format 10 NumSamples 1 (Frame:5678).
[2018.03.22-14.42.04:592][908]LogRenderer: Reallocating scene render targets to support 2160x1200 Format 26 NumSamples 1 (Frame:5678).
[2018.03.22-14.42.07:461][ 37]LogScript: Warning: Accessed None trying to read property Current Audio
	VR_Conroller_C /Game/Maps/UEDPIE_0_Apartment.Apartment:PersistentLevel.VR_Conroller_1082
	Function /Game/CrossScene/Blueprints/VR_Conroller.VR_Conroller_C:ExecuteUbergraph_VR_Conroller:0D39
[2018.03.22-14.42.07:461][ 37]PIE: Error: Blueprint Runtime Error: Accessed None trying to read property Current Audio from function: 'ExecuteUbergraph_VR_Conroller' from node: Stop in graph: EventGraph in object: VR_Conroller with description: Accessed None trying to read property Current Audio
[2018.03.22-14.42.20:483][424]LogBlueprintUserMessages: Early EndPlayMap Detection: Level '/Game/Maps/Apartment.Apartment:PersistentLevel' has LevelScriptBlueprint '/Game/Maps/Apartment.Apartment:PersistentLevel.Apartment' with GeneratedClass '/Game/Maps/Apartment.Apartment_C' with ClassGeneratedBy '/Game/Maps/Apartment.Apartment:PersistentLevel.Apartment'
[2018.03.22-14.42.20:642][424]LogBlueprintUserMessages: Late EndPlayMap Detection: Level '/Game/Maps/Apartment.Apartment:PersistentLevel' has LevelScriptBlueprint '/Game/Maps/Apartment.Apartment:PersistentLevel.Apartment' with GeneratedClass '/Game/Maps/Apartment.Apartment_C' with ClassGeneratedBy '/Game/Maps/Apartment.Apartment:PersistentLevel.Apartment'
[2018.03.22-14.42.25:909][838]LogEditorViewport: Clicking on Actor (LMB): StaticMeshActor (Fishtank_01_SM)
[2018.03.22-14.42.53:096][632]Cmd: OBJ SAVEPACKAGE PACKAGE="/Game/Apartment/Geometry/Fishtank/Fishtank_01_SM" FILE="D:/GitHub/Packages/PGVR/GumshoeVR/Content/Apartment/Geometry/Fishtank/Fishtank_01_SM.uasset" SILENT=true
[2018.03.22-14.42.53:121][632]LogSavePackage: Save=16.08ms
[2018.03.22-14.42.53:121][632]LogSavePackage: Moving 'D:/GitHub/Packages/PGVR/GumshoeVR/Saved/Fishtank_01_SM948D05B14880276FE8CE72B1056BCAEF.tmp' to 'D:/GitHub/Packages/PGVR/GumshoeVR/Content/Apartment/Geometry/Fishtank/Fishtank_01_SM.uasset'
[2018.03.22-14.42.53:123][632]LogSavePackage: Display: Finished SavePackage D:/GitHub/Packages/PGVR/GumshoeVR/Content/Apartment/Geometry/Fishtank/Fishtank_01_SM.uasset
[2018.03.22-14.43.03:620][ 45]LogEditorViewport: Clicking on Actor (LMB): StaticMeshActor (OutsideChair_01_SM)
[2018.03.22-14.43.21:613][964]LogSavePackage: Save=13.61ms
[2018.03.22-14.43.21:613][964]LogSavePackage: Moving 'D:/GitHub/Packages/PGVR/GumshoeVR/Saved/OutsideChair_01_SMF64A565641F6BB85287A6283F0A007A8.tmp' to 'D:/GitHub/Packages/PGVR/GumshoeVR/Content/Apartment/Geometry/Meshes/Balcony/OutsideChair_01_SM.uasset'
[2018.03.22-14.43.21:615][964]LogSavePackage: Display: Finished SavePackage D:/GitHub/Packages/PGVR/GumshoeVR/Content/Apartment/Geometry/Meshes/Balcony/OutsideChair_01_SM.uasset
[2018.03.22-14.43.22:685][  2]LogEditorViewport: Clicking on Actor (LMB): StaticMeshActor (OutsideTable_01_SM)
[2018.03.22-14.43.34:755][728]LogSavePackage: Save=13.85ms
[2018.03.22-14.43.34:755][728]LogSavePackage: Moving 'D:/GitHub/Packages/PGVR/GumshoeVR/Saved/OutsideTable_01_SMC9A8289E495DCA29DE28F68D6E2CF845.tmp' to 'D:/GitHub/Packages/PGVR/GumshoeVR/Content/Apartment/Geometry/Meshes/Balcony/OutsideTable_01_SM.uasset'
[2018.03.22-14.43.34:757][728]LogSavePackage: Display: Finished SavePackage D:/GitHub/Packages/PGVR/GumshoeVR/Content/Apartment/Geometry/Meshes/Balcony/OutsideTable_01_SM.uasset
[2018.03.22-14.43.42:151][ 38]LogWindowsTextInputMethodSystem: Display: IME system now deactivated.
[2018.03.22-14.43.42:328][ 39]Cmd: QUIT_EDITOR
[2018.03.22-14.43.42:786][ 39]LogExit: Preparing to exit.
[2018.03.22-14.43.43:037][ 39]PIE: UWidget::RemoveFromParent() called on 'None.Apartment:None' which has no UMG parent (if it was added directly to a native Slate widget via TakeWidget() then it must be removed explicitly rather than via RemoveFromParent())
[2018.03.22-14.43.43:072][ 39]LogExit: Editor shut down
[2018.03.22-14.43.43:081][ 39]LogExit: Transaction tracking system shut down
[2018.03.22-14.43.43:342][ 39]LogDirectoryWatcher: A directory notification for '../../../Engine/Content/' was aborted.
[2018.03.22-14.43.43:343][ 39]LogDirectoryWatcher: A directory notification for 'D:/GitHub/Packages/PGVR/GumshoeVR/Content/' was aborted.
[2018.03.22-14.43.43:343][ 39]LogDirectoryWatcher: A directory notification for '../../../Engine/Plugins/2D/Paper2D/Content/' was aborted.
[2018.03.22-14.43.43:343][ 39]LogDirectoryWatcher: A directory notification for '../../../Engine/Plugins/Media/MediaCompositing/Content/' was aborted.
[2018.03.22-14.43.43:343][ 39]LogDirectoryWatcher: A directory notification for '../../../Engine/Plugins/Runtime/AppleARKit/Content/' was aborted.
[2018.03.22-14.43.43:343][ 39]LogDirectoryWatcher: A directory notification for '../../../Engine/Plugins/Runtime/Oculus/OculusVR/Content/' was aborted.
[2018.03.22-14.43.43:343][ 39]LogDirectoryWatcher: A directory notification for '../../../Engine/Plugins/Runtime/Steam/SteamVR/Content/' was aborted.
[2018.03.22-14.43.43:404][ 39]LogExit: Object subsystem successfully closed.
[2018.03.22-14.43.43:422][ 39]LogD3D11RHI: Shutdown
[2018.03.22-14.43.43:422][ 39]LogD3D11RHI: CleanupD3DDevice
[2018.03.22-14.43.43:430][ 39]LogD3D11RHI: ~FD3D11DynamicRHI
[2018.03.22-14.43.43:443][ 39]LogModuleManager: Shutting down and abandoning module StaticMeshEditor (562)
[2018.03.22-14.43.43:443][ 39]LogModuleManager: Shutting down and abandoning module MovieSceneCapture (560)
[2018.03.22-14.43.43:443][ 39]LogModuleManager: Shutting down and abandoning module HierarchicalLODOutliner (558)
[2018.03.22-14.43.43:443][ 39]LogModuleManager: Shutting down and abandoning module DesktopPlatform (556)
[2018.03.22-14.43.43:443][ 39]LogModuleManager: Shutting down and abandoning module SceneOutliner (554)
[2018.03.22-14.43.43:443][ 39]LogModuleManager: Shutting down and abandoning module AddContentDialog (552)
[2018.03.22-14.43.43:443][ 39]LogDirectoryWatcher: A directory notification for 'C:/Program Files/Epic Games/UE_4.18/FeaturePacks/' was aborted.
[2018.03.22-14.43.43:444][ 39]LogModuleManager: Shutting down and abandoning module WidgetCarousel (551)
[2018.03.22-14.43.43:444][ 39]LogModuleManager: Shutting down and abandoning module EditorWidgets (548)
[2018.03.22-14.43.43:444][ 39]LogModuleManager: Shutting down and abandoning module CollectionManager (546)
[2018.03.22-14.43.43:444][ 39]LogDirectoryWatcher: A directory notification for 'D:/GitHub/Packages/PGVR/GumshoeVR/Content/Collections/' was aborted.
[2018.03.22-14.43.43:444][ 39]LogDirectoryWatcher: A directory notification for 'D:/GitHub/Packages/PGVR/GumshoeVR/Content/Developers/at9amt/Collections/' was aborted.
[2018.03.22-14.43.43:444][ 39]LogDirectoryWatcher: A directory notification for 'D:/GitHub/Packages/PGVR/GumshoeVR/Saved/Collections/' was aborted.
[2018.03.22-14.43.43:444][ 39]LogModuleManager: Shutting down and abandoning module StatsViewer (544)
[2018.03.22-14.43.43:444][ 39]LogModuleManager: Shutting down and abandoning module FoliageEdit (542)
[2018.03.22-14.43.43:444][ 39]LogModuleManager: Shutting down and abandoning module LandscapeEditor (540)
[2018.03.22-14.43.43:444][ 39]LogModuleManager: Shutting down and abandoning module MeshPaintMode (538)
[2018.03.22-14.43.43:444][ 39]LogModuleManager: Shutting down and abandoning module SceneDepthPickerMode (536)
[2018.03.22-14.43.43:444][ 39]LogModuleManager: Shutting down and abandoning module ActorPickerMode (534)
[2018.03.22-14.43.43:444][ 39]LogModuleManager: Shutting down and abandoning module GeometryMode (532)
[2018.03.22-14.43.43:444][ 39]LogModuleManager: Shutting down and abandoning module TextureAlignMode (530)
[2018.03.22-14.43.43:444][ 39]LogModuleManager: Shutting down and abandoning module BspMode (528)
[2018.03.22-14.43.43:444][ 39]LogModuleManager: Shutting down and abandoning module PIEPreviewDeviceProfileSelector (526)
[2018.03.22-14.43.43:444][ 39]LogModuleManager: Shutting down and abandoning module HardwareSurvey (524)
[2018.03.22-14.43.43:444][ 39]LogModuleManager: Shutting down and abandoning module SequenceRecorderSections (522)
[2018.03.22-14.43.43:444][ 39]LogModuleManager: Shutting down and abandoning module AutomationWorker (520)
[2018.03.22-14.43.43:444][ 39]LogModuleManager: Shutting down and abandoning module MatineeToLevelSequence (518)
[2018.03.22-14.43.43:444][ 39]LogModuleManager: Shutting down and abandoning module LevelSequenceEditor (516)
[2018.03.22-14.43.43:444][ 39]LogModuleManager: Shutting down and abandoning module PlacementMode (515)
[2018.03.22-14.43.43:444][ 39]LogModuleManager: Shutting down and abandoning module WmfMediaFactory (512)
[2018.03.22-14.43.43:444][ 39]LogModuleManager: Shutting down and abandoning module WmfMediaEditor (510)
[2018.03.22-14.43.43:444][ 39]LogModuleManager: Shutting down and abandoning module OpenExrWrapper (508)
[2018.03.22-14.43.43:444][ 39]LogModuleManager: Shutting down and abandoning module ImgMediaFactory (506)
[2018.03.22-14.43.43:444][ 39]LogModuleManager: Shutting down and abandoning module ImgMediaEditor (504)
[2018.03.22-14.43.43:444][ 39]LogModuleManager: Shutting down and abandoning module AvfMediaFactory (502)
[2018.03.22-14.43.43:444][ 39]LogModuleManager: Shutting down and abandoning module AvfMediaEditor (500)
[2018.03.22-14.43.43:444][ 39]LogModuleManager: Shutting down and abandoning module AndroidMediaFactory (498)
[2018.03.22-14.43.43:444][ 39]LogModuleManager: Shutting down and abandoning module AndroidMediaEditor (496)
[2018.03.22-14.43.43:444][ 39]LogModuleManager: Shutting down and abandoning module CharacterAI (494)
[2018.03.22-14.43.43:444][ 39]LogModuleManager: Shutting down and abandoning module AudioCapture (492)
[2018.03.22-14.43.43:445][ 39]LogModuleManager: Shutting down and abandoning module SequenceRecorder (491)
[2018.03.22-14.43.43:445][ 39]LogModuleManager: Shutting down and abandoning module SmartSnapping (488)
[2018.03.22-14.43.43:445][ 39]LogModuleManager: Shutting down and abandoning module SessionServices (486)
[2018.03.22-14.43.43:445][ 39]LogModuleManager: Shutting down and abandoning module ViewportSnapping (484)
[2018.03.22-14.43.43:445][ 39]LogModuleManager: Shutting down and abandoning module ViewportInteraction (482)
[2018.03.22-14.43.43:445][ 39]LogModuleManager: Shutting down and abandoning module ClothPainter (480)
[2018.03.22-14.43.43:445][ 39]LogModuleManager: Shutting down and abandoning module SkeletalMeshEditor (479)
[2018.03.22-14.43.43:445][ 39]LogModuleManager: Shutting down and abandoning module LogVisualizer (476)
[2018.03.22-14.43.43:445][ 39]LogModuleManager: Shutting down and abandoning module IntroTutorials (474)
[2018.03.22-14.43.43:445][ 39]LogModuleManager: Shutting down and abandoning module GameProjectGeneration (473)
[2018.03.22-14.43.43:445][ 39]LogModuleManager: Shutting down and abandoning module IOSPlatformEditor (470)
[2018.03.22-14.43.43:445][ 39]LogModuleManager: Shutting down and abandoning module HTML5PlatformEditor (468)
[2018.03.22-14.43.43:445][ 39]LogModuleManager: Shutting down and abandoning module AndroidPlatformEditor (466)
[2018.03.22-14.43.43:445][ 39]LogModuleManager: Shutting down and abandoning module AndroidDeviceDetection (465)
[2018.03.22-14.43.44:298][ 39]LogModuleManager: Shutting down and abandoning module WindowsPlatformEditor (462)
[2018.03.22-14.43.44:298][ 39]LogModuleManager: Shutting down and abandoning module IOSRuntimeSettings (460)
[2018.03.22-14.43.44:298][ 39]LogModuleManager: Shutting down and abandoning module AndroidRuntimeSettings (458)
[2018.03.22-14.43.44:298][ 39]LogModuleManager: Shutting down and abandoning module InputBindingEditor (456)
[2018.03.22-14.43.44:298][ 39]LogModuleManager: Shutting down and abandoning module MergeActors (454)
[2018.03.22-14.43.44:298][ 39]LogModuleManager: Shutting down and abandoning module SizeMap (452)
[2018.03.22-14.43.44:298][ 39]LogModuleManager: Shutting down and abandoning module TreeMap (450)
[2018.03.22-14.43.44:298][ 39]LogModuleManager: Shutting down and abandoning module ReferenceViewer (448)
[2018.03.22-14.43.44:298][ 39]LogModuleManager: Shutting down and abandoning module LocalizationDashboard (446)
[2018.03.22-14.43.44:298][ 39]LogModuleManager: Shutting down and abandoning module LocalizationService (445)
[2018.03.22-14.43.44:298][ 39]LogModuleManager: Shutting down and abandoning module HardwareTargeting (442)
[2018.03.22-14.43.44:298][ 39]LogModuleManager: Shutting down and abandoning module DeviceProfileEditor (440)
[2018.03.22-14.43.44:298][ 39]LogModuleManager: Shutting down and abandoning module UndoHistory (438)
[2018.03.22-14.43.44:298][ 39]LogModuleManager: Shutting down and abandoning module XmlParser (436)
[2018.03.22-14.43.44:298][ 39]LogModuleManager: Shutting down and abandoning module Blutility (434)
[2018.03.22-14.43.44:298][ 39]LogModuleManager: Shutting down and abandoning module ProjectSettingsViewer (432)
[2018.03.22-14.43.44:299][ 39]LogModuleManager: Shutting down and abandoning module ProjectTargetPlatformEditor (431)
[2018.03.22-14.43.44:299][ 39]LogModuleManager: Shutting down and abandoning module EditorSettingsViewer (428)
[2018.03.22-14.43.44:299][ 39]LogModuleManager: Shutting down and abandoning module SettingsEditor (426)
[2018.03.22-14.43.44:299][ 39]LogModuleManager: Shutting down and abandoning module ProjectLauncher (424)
[2018.03.22-14.43.44:299][ 39]LogModuleManager: Shutting down and abandoning module SessionFrontend (422)
[2018.03.22-14.43.44:299][ 39]LogModuleManager: Shutting down and abandoning module ProfilerClient (420)
[2018.03.22-14.43.44:299][ 39]LogModuleManager: Shutting down and abandoning module DeviceManager (418)
[2018.03.22-14.43.44:299][ 39]LogModuleManager: Shutting down and abandoning module TargetDeviceServices (417)
[2018.03.22-14.43.44:361][ 39]LogModuleManager: Shutting down and abandoning module AutomationController (414)
[2018.03.22-14.43.44:361][ 39]LogModuleManager: Shutting down and abandoning module AutomationWindow (412)
[2018.03.22-14.43.44:361][ 39]LogModuleManager: Shutting down and abandoning module Layers (410)
[2018.03.22-14.43.44:361][ 39]LogModuleManager: Shutting down and abandoning module ComponentVisualizers (408)
[2018.03.22-14.43.44:361][ 39]LogModuleManager: Shutting down and abandoning module DetailCustomizations (406)
[2018.03.22-14.43.44:361][ 39]LogModuleManager: Shutting down and abandoning module PackagesDialog (404)
[2018.03.22-14.43.44:361][ 39]LogModuleManager: Shutting down and abandoning module Persona (402)
[2018.03.22-14.43.44:362][ 39]LogModuleManager: Shutting down and abandoning module AdvancedPreviewScene (401)
[2018.03.22-14.43.44:362][ 39]LogModuleManager: Shutting down and abandoning module AnimGraph (399)
[2018.03.22-14.43.44:362][ 39]LogModuleManager: Shutting down and abandoning module Kismet (396)
[2018.03.22-14.43.44:363][ 39]LogModuleManager: Shutting down and abandoning module ClassViewer (394)
[2018.03.22-14.43.44:363][ 39]LogModuleManager: Shutting down and abandoning module Toolbox (392)
[2018.03.22-14.43.44:363][ 39]LogModuleManager: Shutting down and abandoning module ModuleUI (390)
[2018.03.22-14.43.44:363][ 39]LogModuleManager: Shutting down and abandoning module MovieSceneTools (388)
[2018.03.22-14.43.44:363][ 39]LogModuleManager: Shutting down and abandoning module OutputLog (386)
[2018.03.22-14.43.44:363][ 39]LogModuleManager: Shutting down and abandoning module GammaUI (384)
[2018.03.22-14.43.44:363][ 39]LogModuleManager: Shutting down and abandoning module Documentation (382)
[2018.03.22-14.43.44:363][ 39]LogModuleManager: Shutting down and abandoning module MovieSceneTracks (380)
[2018.03.22-14.43.44:363][ 39]LogModuleManager: Shutting down and abandoning module MovieScene (378)
[2018.03.22-14.43.44:363][ 39]LogModuleManager: Shutting down and abandoning module StreamingPauseRendering (376)
[2018.03.22-14.43.44:363][ 39]LogModuleManager: Shutting down and abandoning module LauncherPlatform (374)
[2018.03.22-14.43.44:363][ 39]LogModuleManager: Shutting down and abandoning module AnalyticsET (372)
[2018.03.22-14.43.44:363][ 39]LogModuleManager: Shutting down and abandoning module PortalServices (370)
[2018.03.22-14.43.44:363][ 39]LogModuleManager: Shutting down and abandoning module PortalRpc (368)
[2018.03.22-14.43.44:363][ 39]LogModuleManager: Shutting down and abandoning module MessagingRpc (366)
[2018.03.22-14.43.44:363][ 39]LogModuleManager: Shutting down and abandoning module AIModule (364)
[2018.03.22-14.43.44:363][ 39]LogModuleManager: Shutting down and abandoning module GameplayDebugger (363)
[2018.03.22-14.43.44:363][ 39]LogModuleManager: Shutting down and abandoning module AITestSuite (361)
[2018.03.22-14.43.44:363][ 39]LogModuleManager: Shutting down and abandoning module ProfilerService (358)
[2018.03.22-14.43.44:387][ 39]LogModuleManager: Shutting down and abandoning module TaskGraph (356)
[2018.03.22-14.43.44:387][ 39]LogModuleManager: Shutting down and abandoning module SubstanceLiveLink (354)
[2018.03.22-14.43.44:387][ 39]LogModuleManager: Shutting down and abandoning module SubstanceSource (352)
[2018.03.22-14.43.44:387][ 39]LogModuleManager: Shutting down and abandoning module SubstanceEditor (350)
[2018.03.22-14.43.44:387][ 39]LogModuleManager: Shutting down and abandoning module SteamVRController (348)
[2018.03.22-14.43.44:387][ 39]LogModuleManager: Shutting down and abandoning module ProceduralMeshComponentEditor (346)
[2018.03.22-14.43.44:387][ 39]LogModuleManager: Shutting down and abandoning module ProceduralMeshComponent (344)
[2018.03.22-14.43.44:387][ 39]LogModuleManager: Shutting down and abandoning module OculusInput (342)
[2018.03.22-14.43.44:387][ 39]LogModuleManager: Shutting down and abandoning module MobilePatchingUtils (340)
[2018.03.22-14.43.44:387][ 39]LogModuleManager: Shutting down and abandoning module CustomMeshComponent (338)
[2018.03.22-14.43.44:387][ 39]LogModuleManager: Shutting down and abandoning module CableComponent (336)
[2018.03.22-14.43.44:387][ 39]LogModuleManager: Shutting down and abandoning module ArchVisCharacter (334)
[2018.03.22-14.43.44:387][ 39]LogModuleManager: Shutting down and abandoning module AndroidPermission (332)
[2018.03.22-14.43.44:387][ 39]LogModuleManager: Shutting down and abandoning module ActorSequence (328)
[2018.03.22-14.43.44:387][ 39]LogModuleManager: Shutting down and abandoning module MediaPlayerEditor (326)
[2018.03.22-14.43.44:387][ 39]LogModuleManager: Shutting down and abandoning module MediaCompositingEditor (324)
[2018.03.22-14.43.44:388][ 39]LogModuleManager: Shutting down and abandoning module MediaCompositing (322)
[2018.03.22-14.43.44:388][ 39]LogModuleManager: Shutting down and abandoning module HTML5Networking (320)
[2018.03.22-14.43.44:388][ 39]LogModuleManager: Shutting down and abandoning module AlembicImporter (318)
[2018.03.22-14.43.44:388][ 39]LogModuleManager: Shutting down and abandoning module AlembicLibrary (317)
[2018.03.22-14.43.44:388][ 39]LogModuleManager: Shutting down and abandoning module GeometryCache (316)
[2018.03.22-14.43.44:388][ 39]LogModuleManager: Shutting down and abandoning module GeometryCacheEd (315)
[2018.03.22-14.43.44:388][ 39]LogModuleManager: Shutting down and abandoning module SpeedTreeImporter (310)
[2018.03.22-14.43.44:388][ 39]LogModuleManager: Shutting down and abandoning module PluginBrowser (308)
[2018.03.22-14.43.44:388][ 39]LogModuleManager: Shutting down and abandoning module MobileLauncherProfileWizard (306)
[2018.03.22-14.43.44:388][ 39]LogModuleManager: Shutting down and abandoning module VisualStudioSourceCodeAccess (304)
[2018.03.22-14.43.44:388][ 39]LogModuleManager: Shutting down and abandoning module VisualStudioCodeSourceCodeAccess (302)
[2018.03.22-14.43.44:388][ 39]LogModuleManager: Shutting down and abandoning module UObjectPlugin (300)
[2018.03.22-14.43.44:388][ 39]LogModuleManager: Shutting down and abandoning module SubversionSourceControl (298)
[2018.03.22-14.43.44:388][ 39]LogModuleManager: Shutting down and abandoning module PerforceSourceControl (296)
[2018.03.22-14.43.44:388][ 39]LogModuleManager: Shutting down and abandoning module GitSourceControl (294)
[2018.03.22-14.43.44:388][ 39]LogModuleManager: Shutting down and abandoning module SourceControl (293)
[2018.03.22-14.43.44:388][ 39]LogModuleManager: Shutting down and abandoning module LightPropagationVolumeEditor (290)
[2018.03.22-14.43.44:388][ 39]LogModuleManager: Shutting down and abandoning module PaperTiledImporter (288)
[2018.03.22-14.43.44:388][ 39]LogModuleManager: Shutting down and abandoning module PaperSpriteSheetImporter (286)
[2018.03.22-14.43.44:388][ 39]LogModuleManager: Shutting down and abandoning module Paper2DEditor (284)
[2018.03.22-14.43.44:388][ 39]LogModuleManager: Shutting down and abandoning module MeshPaint (283)
[2018.03.22-14.43.44:388][ 39]LogModuleManager: Shutting down and abandoning module LevelEditor (281)
[2018.03.22-14.43.44:389][ 39]LogModuleManager: Shutting down and abandoning module PixelInspectorModule (280)
[2018.03.22-14.43.44:389][ 39]LogModuleManager: Shutting down and abandoning module MainFrame (278)
[2018.03.22-14.43.44:389][ 39]LogModuleManager: Shutting down and abandoning module HotReload (277)
[2018.03.22-14.43.44:389][ 39]LogDirectoryWatcher: A directory notification for 'D:/GitHub/Packages/PGVR/GumshoeVR/Binaries/Win64' was aborted.
[2018.03.22-14.43.44:389][ 39]LogModuleManager: Shutting down and abandoning module VRProj (272)
[2018.03.22-14.43.44:389][ 39]LogModuleManager: Shutting down and abandoning module RuntimePhysXCooking (270)
[2018.03.22-14.43.44:389][ 39]LogModuleManager: Shutting down and abandoning module PhysXVehiclesEditor (268)
[2018.03.22-14.43.44:389][ 39]LogModuleManager: Shutting down and abandoning module PhysXVehicles (266)
[2018.03.22-14.43.44:389][ 39]LogModuleManager: Shutting down and abandoning module OculusEditor (264)
[2018.03.22-14.43.44:389][ 39]LogModuleManager: Shutting down and abandoning module LocationServicesBPLibrary (262)
[2018.03.22-14.43.44:389][ 39]LogModuleManager: Shutting down and abandoning module ImmediatePhysicsEditor (260)
[2018.03.22-14.43.44:389][ 39]LogModuleManager: Shutting down and abandoning module ImmediatePhysics (258)
[2018.03.22-14.43.44:390][ 39]LogModuleManager: Shutting down and abandoning module UdpMessaging (256)
[2018.03.22-14.43.44:490][ 39]LogModuleManager: Shutting down and abandoning module TcpMessaging (254)
[2018.03.22-14.43.44:591][ 39]LogModuleManager: Shutting down and abandoning module SubstanceCore (252)
[2018.03.22-14.43.44:591][ 39]LogModuleManager: Shutting down and abandoning module GameplayTagsEditor (250)
[2018.03.22-14.43.44:591][ 39]LogModuleManager: Shutting down and abandoning module FacialAnimationEditor (248)
[2018.03.22-14.43.44:591][ 39]LogModuleManager: Shutting down and abandoning module FacialAnimation (246)
[2018.03.22-14.43.44:591][ 39]LogModuleManager: Shutting down and abandoning module AssetManagerEditor (244)
[2018.03.22-14.43.44:591][ 39]LogModuleManager: Shutting down and abandoning module GraphEditor (243)
[2018.03.22-14.43.44:591][ 39]LogModuleManager: Shutting down and abandoning module ContentBrowser (241)
[2018.03.22-14.43.44:592][ 39]LogModuleManager: Shutting down and abandoning module LightPropagationVolumeRuntime (238)
[2018.03.22-14.43.44:592][ 39]LogModuleManager: Shutting down and abandoning module Paper2D (236)
[2018.03.22-14.43.44:592][ 39]LogModuleManager: Shutting down and abandoning module WindowsMoviePlayer (234)
[2018.03.22-14.43.44:592][ 39]LogModuleManager: Shutting down and abandoning module WmfMedia (232)
[2018.03.22-14.43.44:592][ 39]LogModuleManager: Shutting down and abandoning module ImgMedia (230)
[2018.03.22-14.43.44:592][ 39]LogModuleManager: Shutting down and abandoning module PacketHandler (228)
[2018.03.22-14.43.44:592][ 39]LogModuleManager: Shutting down and abandoning module ClothingSystemEditor (226)
[2018.03.22-14.43.44:592][ 39]LogModuleManager: Shutting down and abandoning module ClothingSystemRuntime (224)
[2018.03.22-14.43.44:592][ 39]LogModuleManager: Shutting down and abandoning module MediaAssets (222)
[2018.03.22-14.43.44:592][ 39]LogModuleManager: Shutting down and abandoning module Media (221)
[2018.03.22-14.43.44:598][ 39]LogModuleManager: Shutting down and abandoning module Overlay (218)
[2018.03.22-14.43.44:598][ 39]LogModuleManager: Shutting down and abandoning module OverlayEditor (217)
[2018.03.22-14.43.44:598][ 39]LogModuleManager: Shutting down and abandoning module VREditor (214)
[2018.03.22-14.43.44:598][ 39]LogModuleManager: Shutting down and abandoning module StringTableEditor (212)
[2018.03.22-14.43.44:598][ 39]LogModuleManager: Shutting down and abandoning module GameplayTasksEditor (210)
[2018.03.22-14.43.44:598][ 39]LogModuleManager: Shutting down and abandoning module BehaviorTreeEditor (208)
[2018.03.22-14.43.44:598][ 39]LogModuleManager: Shutting down and abandoning module FunctionalTesting (206)
[2018.03.22-14.43.44:598][ 39]LogModuleManager: Shutting down and abandoning module CollisionAnalyzer (204)
[2018.03.22-14.43.44:598][ 39]LogModuleManager: Shutting down and abandoning module WorkspaceMenuStructure (203)
[2018.03.22-14.43.44:598][ 39]LogModuleManager: Shutting down and abandoning module UMG (200)
[2018.03.22-14.43.44:598][ 39]LogModuleManager: Shutting down and abandoning module UMGEditor (199)
[2018.03.22-14.43.44:598][ 39]LogModuleManager: Shutting down and abandoning module Sequencer (198)
[2018.03.22-14.43.44:599][ 39]LogModuleManager: Shutting down and abandoning module MessageLog (195)
[2018.03.22-14.43.44:599][ 39]LogModuleManager: Shutting down and abandoning module SlateReflector (190)
[2018.03.22-14.43.44:599][ 39]LogModuleManager: Shutting down and abandoning module Slate (188)
[2018.03.22-14.43.44:599][ 39]LogModuleManager: Shutting down and abandoning module EditorStyle (186)
[2018.03.22-14.43.44:601][ 39]LogModuleManager: Shutting down and abandoning module MRMesh (184)
[2018.03.22-14.43.44:601][ 39]LogModuleManager: Shutting down and abandoning module SourceCodeAccess (182)
[2018.03.22-14.43.44:601][ 39]LogModuleManager: Shutting down and abandoning module HeadMountedDisplay (180)
[2018.03.22-14.43.44:601][ 39]LogModuleManager: Shutting down and abandoning module XAudio2 (178)
[2018.03.22-14.43.44:601][ 39]LogModuleManager: Shutting down and abandoning module Networking (176)
[2018.03.22-14.43.44:601][ 39]LogModuleManager: Shutting down and abandoning module Core (172)
[2018.03.22-14.43.44:601][ 39]LogModuleManager: Shutting down and abandoning module LevelSequence (168)
[2018.03.22-14.43.44:601][ 39]LogModuleManager: Shutting down and abandoning module DirectoryWatcher (166)
[2018.03.22-14.43.44:602][ 39]LogModuleManager: Shutting down and abandoning module KismetCompiler (164)
[2018.03.22-14.43.44:602][ 39]LogModuleManager: Shutting down and abandoning module MeshUtilities (162)
[2018.03.22-14.43.44:602][ 39]LogModuleManager: Shutting down and abandoning module MeshMergeUtilities (161)
[2018.03.22-14.43.44:602][ 39]LogModuleManager: Shutting down and abandoning module MeshReductionInterface (160)
[2018.03.22-14.43.44:602][ 39]LogModuleManager: Shutting down and abandoning module SimplygonSwarm (159)
[2018.03.22-14.43.44:602][ 39]LogModuleManager: Shutting down and abandoning module SimplygonMeshReduction (157)
[2018.03.22-14.43.44:602][ 39]LogModuleManager: Shutting down and abandoning module QuadricMeshReduction (155)
[2018.03.22-14.43.44:602][ 39]LogModuleManager: Shutting down and abandoning module MaterialBaking (151)
[2018.03.22-14.43.44:602][ 39]LogModuleManager: Shutting down and abandoning module DerivedDataCache (148)
[2018.03.22-14.43.44:678][ 39]LogDerivedDataCache: Shutdown
[2018.03.22-14.43.44:678][ 39]LogModuleManager: Shutting down and abandoning module TargetPlatform (146)
[2018.03.22-14.43.44:678][ 39]LogModuleManager: Shutting down and abandoning module VulkanShaderFormat (145)
[2018.03.22-14.43.44:678][ 39]LogModuleManager: Shutting down and abandoning module ShaderFormatVectorVM (143)
[2018.03.22-14.43.44:678][ 39]LogModuleManager: Shutting down and abandoning module ShaderFormatOpenGL (141)
[2018.03.22-14.43.44:678][ 39]LogModuleManager: Shutting down and abandoning module ShaderFormatD3D (139)
[2018.03.22-14.43.44:678][ 39]LogModuleManager: Shutting down and abandoning module MetalShaderFormat (137)
[2018.03.22-14.43.44:678][ 39]LogModuleManager: Shutting down and abandoning module TextureFormatUncompressed (135)
[2018.03.22-14.43.44:678][ 39]LogModuleManager: Shutting down and abandoning module TextureFormatPVR (133)
[2018.03.22-14.43.44:678][ 39]LogModuleManager: Shutting down and abandoning module TextureFormatDXT (131)
[2018.03.22-14.43.44:678][ 39]LogModuleManager: Shutting down and abandoning module TextureFormatIntelISPCTexComp (129)
[2018.03.22-14.43.44:678][ 39]LogModuleManager: Shutting down and abandoning module TextureFormatASTC (127)
[2018.03.22-14.43.44:678][ 39]LogModuleManager: Shutting down and abandoning module ImageWrapper (126)
[2018.03.22-14.43.44:679][ 39]LogModuleManager: Shutting down and abandoning module TextureFormatAndroid (123)
[2018.03.22-14.43.44:679][ 39]LogModuleManager: Shutting down and abandoning module AudioFormatOpus (121)
[2018.03.22-14.43.44:679][ 39]LogModuleManager: Shutting down and abandoning module AudioFormatOgg (119)
[2018.03.22-14.43.44:679][ 39]LogModuleManager: Shutting down and abandoning module AudioFormatADPCM (117)
[2018.03.22-14.43.44:679][ 39]LogModuleManager: Shutting down and abandoning module LinuxTargetPlatform (115)
[2018.03.22-14.43.44:679][ 39]LogModuleManager: Shutting down and abandoning module LinuxServerTargetPlatform (113)
[2018.03.22-14.43.44:679][ 39]LogModuleManager: Shutting down and abandoning module LinuxNoEditorTargetPlatform (111)
[2018.03.22-14.43.44:679][ 39]LogModuleManager: Shutting down and abandoning module LinuxClientTargetPlatform (109)
[2018.03.22-14.43.44:679][ 39]LogModuleManager: Shutting down and abandoning module TVOSTargetPlatform (107)
[2018.03.22-14.43.44:679][ 39]LogModuleManager: Shutting down and abandoning module Messaging (105)
[2018.03.22-14.43.44:679][ 39]LogModuleManager: Shutting down and abandoning module IOSTargetPlatform (103)
[2018.03.22-14.43.44:679][ 39]LogModuleManager: Shutting down and abandoning module HTML5TargetPlatform (101)
[2018.03.22-14.43.44:679][ 39]LogModuleManager: Shutting down and abandoning module AndroidTargetPlatform (99)
[2018.03.22-14.43.44:679][ 39]LogModuleManager: Shutting down and abandoning module Android_PVRTCTargetPlatform (97)
[2018.03.22-14.43.44:679][ 39]LogModuleManager: Shutting down and abandoning module Android_MultiTargetPlatform (95)
[2018.03.22-14.43.44:679][ 39]LogModuleManager: Shutting down and abandoning module Android_ETC2TargetPlatform (93)
[2018.03.22-14.43.44:679][ 39]LogModuleManager: Shutting down and abandoning module Android_ETC1TargetPlatform (91)
[2018.03.22-14.43.44:679][ 39]LogModuleManager: Shutting down and abandoning module Android_DXTTargetPlatform (89)
[2018.03.22-14.43.44:679][ 39]LogModuleManager: Shutting down and abandoning module Android_ATCTargetPlatform (87)
[2018.03.22-14.43.44:679][ 39]LogModuleManager: Shutting down and abandoning module Android_ASTCTargetPlatform (85)
[2018.03.22-14.43.44:679][ 39]LogModuleManager: Shutting down and abandoning module WindowsTargetPlatform (83)
[2018.03.22-14.43.44:679][ 39]LogModuleManager: Shutting down and abandoning module WindowsServerTargetPlatform (81)
[2018.03.22-14.43.44:679][ 39]LogModuleManager: Shutting down and abandoning module WindowsNoEditorTargetPlatform (79)
[2018.03.22-14.43.44:679][ 39]LogModuleManager: Shutting down and abandoning module WindowsClientTargetPlatform (77)
[2018.03.22-14.43.44:679][ 39]LogModuleManager: Shutting down and abandoning module MacTargetPlatform (75)
[2018.03.22-14.43.44:679][ 39]LogModuleManager: Shutting down and abandoning module MacServerTargetPlatform (73)
[2018.03.22-14.43.44:679][ 39]LogModuleManager: Shutting down and abandoning module MacNoEditorTargetPlatform (71)
[2018.03.22-14.43.44:679][ 39]LogModuleManager: Shutting down and abandoning module MacClientTargetPlatform (69)
[2018.03.22-14.43.44:679][ 39]LogModuleManager: Shutting down and abandoning module AllDesktopTargetPlatform (67)
[2018.03.22-14.43.44:679][ 39]LogModuleManager: Shutting down and abandoning module InputCore (64)
[2018.03.22-14.43.44:679][ 39]LogModuleManager: Shutting down and abandoning module Settings (62)
[2018.03.22-14.43.44:679][ 39]LogModuleManager: Shutting down and abandoning module PhysXCooking (60)
[2018.03.22-14.43.44:679][ 39]LogModuleManager: Shutting down and abandoning module SteamVR (58)
[2018.03.22-14.43.44:679][ 39]LogModuleManager: Shutting down and abandoning module OculusHMD (56)
[2018.03.22-14.43.44:679][ 39]LogModuleManager: Shutting down and abandoning module ExampleDeviceProfileSelector (54)
[2018.03.22-14.43.44:679][ 39]LogModuleManager: Shutting down and abandoning module AppleARKit (52)
[2018.03.22-14.43.44:679][ 39]LogModuleManager: Shutting down and abandoning module AugmentedReality (51)
[2018.03.22-14.43.44:679][ 39]LogModuleManager: Shutting down and abandoning module OnlineBlueprintSupport (48)
[2018.03.22-14.43.44:679][ 39]LogModuleManager: Shutting down and abandoning module OnlineSubsystem (44)
[2018.03.22-14.43.44:679][ 39]LogModuleManager: Shutting down and abandoning module XMPP (43)
[2018.03.22-14.43.44:679][ 39]LogModuleManager: Shutting down and abandoning module HTTP (41)
[2018.03.22-14.43.44:679][ 39]LogHttp: Display: Http module shutting down, but needs to wait on 1 outstanding Http requests:
[2018.03.22-14.43.44:679][ 39]LogHttp: Display: 	verb=[POST] url=[https://datarouter.ol.epicgames.com/datarouter/api/v1/public/data?SessionID=%7BD978DF98-4696-442E-8B83-3799C5F08E6A%7D&AppID=UEEditor.Rocket.Release&AppVersion=4.18.3-3832480%2B%2B%2BUE4%2BRelease-4.18&UserID=42399b40401598bff7095c92fded185e%7C%7Caed38978-7903-4a25-92c3-ce1bf6490cdb&AppEnvironment=datacollector-binary&UploadType=eteventstream] status=Processing
[2018.03.22-14.43.44:701][ 39]LogModuleManager: Shutting down and abandoning module SSL (40)
[2018.03.22-14.43.44:702][ 39]LogModuleManager: Shutting down and abandoning module AnimationModifiers (36)
[2018.03.22-14.43.44:702][ 39]LogModuleManager: Shutting down and abandoning module PropertyEditor (35)
[2018.03.22-14.43.44:702][ 39]LogModuleManager: Shutting down and abandoning module AudioEditor (32)
[2018.03.22-14.43.44:702][ 39]LogModuleManager: Shutting down and abandoning module TextureCompressor (30)
[2018.03.22-14.43.44:702][ 39]LogModuleManager: Shutting down and abandoning module ShaderCore (28)
[2018.03.22-14.43.44:702][ 39]LogModuleManager: Shutting down and abandoning module Landscape (26)
[2018.03.22-14.43.44:702][ 39]LogModuleManager: Shutting down and abandoning module SlateRHIRenderer (24)
[2018.03.22-14.43.44:705][ 39]LogModuleManager: Shutting down and abandoning module OpenGLDrv (22)
[2018.03.22-14.43.44:705][ 39]LogModuleManager: Shutting down and abandoning module D3D11RHI (20)
[2018.03.22-14.43.44:705][ 39]LogModuleManager: Shutting down and abandoning module AnimGraphRuntime (18)
[2018.03.22-14.43.44:705][ 39]LogModuleManager: Shutting down and abandoning module Renderer (16)
[2018.03.22-14.43.44:705][ 39]LogModuleManager: Shutting down and abandoning module Engine (14)
[2018.03.22-14.43.44:705][ 39]LogModuleManager: Shutting down and abandoning module CoreUObject (12)
[2018.03.22-14.43.44:705][ 39]LogModuleManager: Shutting down and abandoning module NetworkFile (10)
[2018.03.22-14.43.44:705][ 39]LogModuleManager: Shutting down and abandoning module CookedIterativeFile (8)
[2018.03.22-14.43.44:705][ 39]LogModuleManager: Shutting down and abandoning module StreamingFile (6)
[2018.03.22-14.43.44:705][ 39]LogModuleManager: Shutting down and abandoning module SandboxFile (4)
[2018.03.22-14.43.44:705][ 39]LogModuleManager: Shutting down and abandoning module PakFile (2)
[2018.03.22-14.43.44:709][ 39]LogExit: Exiting.
[2018.03.22-14.43.44:727][ 39]Log file closed, 03/22/18 14:43:44
