Log file open, 02/24/18 20:10:17
LogWindows: Failed to load 'aqProf.dll' (GetLastError=126)
LogWindows: File 'aqProf.dll' does not exist
LogWindows: Failed to load 'VtuneApi.dll' (GetLastError=126)
LogWindows: File 'VtuneApi.dll' does not exist
LogWindows: Failed to load 'VtuneApi32e.dll' (GetLastError=126)
LogWindows: File 'VtuneApi32e.dll' does not exist
LogInit: Display: Running engine for game: VRProj
LogPlatformFile: Not using cached read wrapper
LogInit: Display: RandInit(-1086269310) SRandInit(-1086269310).
LogInit: Read version file with build ID '3709383'
LogInit: Overriding engine version to CL 3832480, compatible CL 3709383
LogInit: Registered custom module enumerator with build ID '3709383'
LogTaskGraph: Started task graph with 5 named threads and 14 total threads with 3 sets of task threads.
LogStats: Stats thread started at 0.222280
LogD3D11RHI: Aftermath initialized
LogPluginManager: Mounting plugin Paper2D
LogPluginManager: Mounting plugin LightPropagationVolume
LogPluginManager: Mounting plugin CodeLiteSourceCodeAccess
LogPluginManager: Mounting plugin GitSourceControl
LogPluginManager: Mounting plugin KDevelopSourceCodeAccess
LogPluginManager: Mounting plugin NullSourceCodeAccess
LogPluginManager: Mounting plugin PerforceSourceControl
LogPluginManager: Mounting plugin SubversionSourceControl
LogPluginManager: Mounting plugin UObjectPlugin
LogPluginManager: Mounting plugin VisualStudioCodeSourceCodeAccess
LogPluginManager: Mounting plugin VisualStudioSourceCodeAccess
LogPluginManager: Mounting plugin XCodeSourceCodeAccess
LogPluginManager: Mounting plugin AssetManagerEditor
LogPluginManager: Mounting plugin AudioCapture
LogPluginManager: Mounting plugin FacialAnimation
LogPluginManager: Mounting plugin GameplayTagsEditor
LogPluginManager: Mounting plugin MobileLauncherProfileWizard
LogPluginManager: Mounting plugin PluginBrowser
LogPluginManager: Mounting plugin SpeedTreeImporter
LogPluginManager: Mounting plugin AlembicImporter
LogPluginManager: Mounting plugin CharacterAI
LogPluginManager: Mounting plugin HTML5Networking
LogPluginManager: Mounting plugin AndroidMedia
LogPluginManager: Mounting plugin AvfMedia
LogPluginManager: Mounting plugin ImgMedia
LogPluginManager: Mounting plugin MediaCompositing
LogPluginManager: Mounting plugin MediaPlayerEditor
LogPluginManager: Mounting plugin WmfMedia
LogPluginManager: Mounting plugin TcpMessaging
LogPluginManager: Mounting plugin UdpMessaging
LogPluginManager: Mounting plugin ActorSequence
LogPluginManager: Mounting plugin LevelSequenceEditor
LogPluginManager: Mounting plugin MatineeToLevelSequence
LogPluginManager: Mounting plugin OnlineSubsystemGooglePlay
LogPluginManager: Mounting plugin OnlineSubsystemIOS
LogPluginManager: Mounting plugin OnlineSubsystem
LogPluginManager: Mounting plugin OnlineSubsystemNull
LogPluginManager: Mounting plugin OnlineSubsystemUtils
LogPluginManager: Mounting plugin AndroidDeviceProfileSelector
LogPluginManager: Mounting plugin AndroidMoviePlayer
LogPluginManager: Mounting plugin AndroidPermission
LogPluginManager: Mounting plugin AppleARKit
LogPluginManager: Mounting plugin AppleMoviePlayer
LogPluginManager: Mounting plugin ArchVisCharacter
LogPluginManager: Mounting plugin CableComponent
LogPluginManager: Mounting plugin CustomMeshComponent
LogPluginManager: Mounting plugin ExampleDeviceProfileSelector
LogPluginManager: Mounting plugin GoogleCloudMessaging
LogPluginManager: Mounting plugin ImmediatePhysics
LogPluginManager: Mounting plugin IOSDeviceProfileSelector
LogPluginManager: Mounting plugin LinuxDeviceProfileSelector
LogPluginManager: Mounting plugin LocationServicesBPLibrary
LogPluginManager: Mounting plugin MobilePatchingUtils
LogPluginManager: Mounting plugin OculusVR
LogPluginManager: Plugin shader directory ../../../Engine/Plugins/Runtime/Oculus/OculusVR/Shaders found
LogPluginManager: Mapping shader source directory ../../../Engine/Plugins/Runtime/Oculus/OculusVR/Shaders to virtual directory /Plugin/OculusVR
LogPluginManager: Mounting plugin PhysXVehicles
LogPluginManager: Mounting plugin ProceduralMeshComponent
LogPluginManager: Mounting plugin RuntimePhysXCooking
LogPluginManager: Mounting plugin SteamVR
LogPluginManager: Mounting plugin WindowsMoviePlayer
LogModuleManager: Display: Found up-to-date module file ../../../../../../Users/Jay/Documents/GitHub/PGVR/GumshoeVR/Binaries/Win64/UE4Editor-VRProj.dll (API version 3709383).
LogModuleManager: Display: Found up-to-date module file ../../../Engine/Plugins/2D/Paper2D/Binaries/Win64/UE4Editor-Paper2D.dll (API version 3709383).
LogModuleManager: Display: Found up-to-date module file ../../../Engine/Plugins/2D/Paper2D/Binaries/Win64/UE4Editor-Paper2DEditor.dll (API version 3709383).
LogModuleManager: Display: Found up-to-date module file ../../../Engine/Plugins/2D/Paper2D/Binaries/Win64/UE4Editor-PaperSpriteSheetImporter.dll (API version 3709383).
LogModuleManager: Display: Found up-to-date module file ../../../Engine/Plugins/2D/Paper2D/Binaries/Win64/UE4Editor-PaperTiledImporter.dll (API version 3709383).
LogModuleManager: Display: Found up-to-date module file ../../../Engine/Plugins/2D/Paper2D/Binaries/Win64/UE4Editor-SmartSnapping.dll (API version 3709383).
LogModuleManager: Display: Found up-to-date module file ../../../Engine/Plugins/Blendables/LightPropagationVolume/Binaries/Win64/UE4Editor-LightPropagationVolumeRuntime.dll (API version 3709383).
LogModuleManager: Display: Found up-to-date module file ../../../Engine/Plugins/Blendables/LightPropagationVolume/Binaries/Win64/UE4Editor-LightPropagationVolumeEditor.dll (API version 3709383).
LogModuleManager: Display: Found up-to-date module file ../../../Engine/Plugins/Developer/GitSourceControl/Binaries/Win64/UE4Editor-GitSourceControl.dll (API version 3709383).
LogModuleManager: Display: Found up-to-date module file ../../../Engine/Plugins/Developer/PerforceSourceControl/Binaries/Win64/UE4Editor-PerforceSourceControl.dll (API version 3709383).
LogModuleManager: Display: Found up-to-date module file ../../../Engine/Plugins/Developer/SubversionSourceControl/Binaries/Win64/UE4Editor-SubversionSourceControl.dll (API version 3709383).
LogModuleManager: Display: Found up-to-date module file ../../../Engine/Plugins/Developer/UObjectPlugin/Binaries/Win64/UE4Editor-UObjectPlugin.dll (API version 3709383).
LogModuleManager: Display: Found up-to-date module file ../../../Engine/Plugins/Developer/VisualStudioCodeSourceCodeAccess/Binaries/Win64/UE4Editor-VisualStudioCodeSourceCodeAccess.dll (API version 3709383).
LogModuleManager: Display: Found up-to-date module file ../../../Engine/Plugins/Developer/VisualStudioSourceCodeAccess/Binaries/Win64/UE4Editor-VisualStudioSourceCodeAccess.dll (API version 3709383).
LogModuleManager: Display: Found up-to-date module file ../../../Engine/Plugins/Editor/AssetManagerEditor/Binaries/Win64/UE4Editor-AssetManagerEditor.dll (API version 3709383).
LogModuleManager: Display: Found up-to-date module file ../../../Engine/Plugins/Editor/AudioCapture/Binaries/Win64/UE4Editor-AudioCapture.dll (API version 3709383).
LogModuleManager: Display: Found up-to-date module file ../../../Engine/Plugins/Editor/FacialAnimation/Binaries/Win64/UE4Editor-FacialAnimation.dll (API version 3709383).
LogModuleManager: Display: Found up-to-date module file ../../../Engine/Plugins/Editor/FacialAnimation/Binaries/Win64/UE4Editor-FacialAnimationEditor.dll (API version 3709383).
LogModuleManager: Display: Found up-to-date module file ../../../Engine/Plugins/Editor/GameplayTagsEditor/Binaries/Win64/UE4Editor-GameplayTagsEditor.dll (API version 3709383).
LogModuleManager: Display: Found up-to-date module file ../../../Engine/Plugins/Editor/MobileLauncherProfileWizard/Binaries/Win64/UE4Editor-MobileLauncherProfileWizard.dll (API version 3709383).
LogModuleManager: Display: Found up-to-date module file ../../../Engine/Plugins/Editor/PluginBrowser/Binaries/Win64/UE4Editor-PluginBrowser.dll (API version 3709383).
LogModuleManager: Display: Found up-to-date module file ../../../Engine/Plugins/Editor/SpeedTreeImporter/Binaries/Win64/UE4Editor-SpeedTreeImporter.dll (API version 3709383).
LogModuleManager: Display: Found up-to-date module file ../../../Engine/Plugins/Experimental/AlembicImporter/Binaries/Win64/UE4Editor-AlembicImporter.dll (API version 3709383).
LogModuleManager: Display: Found up-to-date module file ../../../Engine/Plugins/Experimental/AlembicImporter/Binaries/Win64/UE4Editor-AlembicLibrary.dll (API version 3709383).
LogModuleManager: Display: Found up-to-date module file ../../../Engine/Plugins/Experimental/CharacterAI/Binaries/Win64/UE4Editor-CharacterAI.dll (API version 3709383).
LogModuleManager: Display: Found up-to-date module file ../../../Engine/Plugins/Experimental/HTML5Networking/Binaries/Win64/UE4Editor-HTML5Networking.dll (API version 3709383).
LogModuleManager: Display: Found up-to-date module file ../../../Engine/Plugins/Media/AndroidMedia/Binaries/Win64/UE4Editor-AndroidMediaEditor.dll (API version 3709383).
LogModuleManager: Display: Found up-to-date module file ../../../Engine/Plugins/Media/AndroidMedia/Binaries/Win64/UE4Editor-AndroidMediaFactory.dll (API version 3709383).
LogModuleManager: Display: Found up-to-date module file ../../../Engine/Plugins/Media/AvfMedia/Binaries/Win64/UE4Editor-AvfMediaEditor.dll (API version 3709383).
LogModuleManager: Display: Found up-to-date module file ../../../Engine/Plugins/Media/AvfMedia/Binaries/Win64/UE4Editor-AvfMediaFactory.dll (API version 3709383).
LogModuleManager: Display: Found up-to-date module file ../../../Engine/Plugins/Media/AvfMedia/Binaries/Win64/UE4Editor-AvfMediaFactory.dll (API version 3709383).
LogModuleManager: Display: Found up-to-date module file ../../../Engine/Plugins/Media/ImgMedia/Binaries/Win64/UE4Editor-ImgMedia.dll (API version 3709383).
LogModuleManager: Display: Found up-to-date module file ../../../Engine/Plugins/Media/ImgMedia/Binaries/Win64/UE4Editor-ImgMediaEditor.dll (API version 3709383).
LogModuleManager: Display: Found up-to-date module file ../../../Engine/Plugins/Media/ImgMedia/Binaries/Win64/UE4Editor-ImgMediaFactory.dll (API version 3709383).
LogModuleManager: Display: Found up-to-date module file ../../../Engine/Plugins/Media/ImgMedia/Binaries/Win64/UE4Editor-ImgMediaFactory.dll (API version 3709383).
LogModuleManager: Display: Found up-to-date module file ../../../Engine/Plugins/Media/ImgMedia/Binaries/Win64/UE4Editor-OpenExrWrapper.dll (API version 3709383).
LogModuleManager: Display: Found up-to-date module file ../../../Engine/Plugins/Media/MediaCompositing/Binaries/Win64/UE4Editor-MediaCompositing.dll (API version 3709383).
LogModuleManager: Display: Found up-to-date module file ../../../Engine/Plugins/Media/MediaCompositing/Binaries/Win64/UE4Editor-MediaCompositingEditor.dll (API version 3709383).
LogModuleManager: Display: Found up-to-date module file ../../../Engine/Plugins/Media/MediaPlayerEditor/Binaries/Win64/UE4Editor-MediaPlayerEditor.dll (API version 3709383).
LogModuleManager: Display: Found up-to-date module file ../../../Engine/Plugins/Media/WmfMedia/Binaries/Win64/UE4Editor-WmfMedia.dll (API version 3709383).
LogModuleManager: Display: Found up-to-date module file ../../../Engine/Plugins/Media/WmfMedia/Binaries/Win64/UE4Editor-WmfMediaEditor.dll (API version 3709383).
LogModuleManager: Display: Found up-to-date module file ../../../Engine/Plugins/Media/WmfMedia/Binaries/Win64/UE4Editor-WmfMediaFactory.dll (API version 3709383).
LogModuleManager: Display: Found up-to-date module file ../../../Engine/Plugins/Media/WmfMedia/Binaries/Win64/UE4Editor-WmfMediaFactory.dll (API version 3709383).
LogModuleManager: Display: Found up-to-date module file ../../../Engine/Plugins/Messaging/TcpMessaging/Binaries/Win64/UE4Editor-TcpMessaging.dll (API version 3709383).
LogModuleManager: Display: Found up-to-date module file ../../../Engine/Plugins/Messaging/UdpMessaging/Binaries/Win64/UE4Editor-UdpMessaging.dll (API version 3709383).
LogModuleManager: Display: Found up-to-date module file ../../../Engine/Plugins/MovieScene/ActorSequence/Binaries/Win64/UE4Editor-ActorSequence.dll (API version 3709383).
LogModuleManager: Display: Found up-to-date module file ../../../Engine/Plugins/MovieScene/LevelSequenceEditor/Binaries/Win64/UE4Editor-LevelSequenceEditor.dll (API version 3709383).
LogModuleManager: Display: Found up-to-date module file ../../../Engine/Plugins/MovieScene/MatineeToLevelSequence/Binaries/Win64/UE4Editor-MatineeToLevelSequence.dll (API version 3709383).
LogModuleManager: Display: Found up-to-date module file ../../../Engine/Plugins/Online/OnlineSubsystem/Binaries/Win64/UE4Editor-OnlineSubsystem.dll (API version 3709383).
LogModuleManager: Display: Found up-to-date module file ../../../Engine/Plugins/Online/OnlineSubsystemNull/Binaries/Win64/UE4Editor-OnlineSubsystemNull.dll (API version 3709383).
LogModuleManager: Display: Found up-to-date module file ../../../Engine/Plugins/Online/OnlineSubsystemUtils/Binaries/Win64/UE4Editor-OnlineSubsystemUtils.dll (API version 3709383).
LogModuleManager: Display: Found up-to-date module file ../../../Engine/Plugins/Online/OnlineSubsystemUtils/Binaries/Win64/UE4Editor-OnlineBlueprintSupport.dll (API version 3709383).
LogModuleManager: Display: Found up-to-date module file ../../../Engine/Plugins/Runtime/AndroidDeviceProfileSelector/Binaries/Win64/UE4Editor-AndroidDeviceProfileSelector.dll (API version 3709383).
LogModuleManager: Display: Found up-to-date module file ../../../Engine/Plugins/Runtime/AndroidPermission/Binaries/Win64/UE4Editor-AndroidPermission.dll (API version 3709383).
LogModuleManager: Display: Found up-to-date module file ../../../Engine/Plugins/Runtime/AppleARKit/Binaries/Win64/UE4Editor-AppleARKit.dll (API version 3709383).
LogModuleManager: Display: Found up-to-date module file ../../../Engine/Plugins/Runtime/ArchVisCharacter/Binaries/Win64/UE4Editor-ArchVisCharacter.dll (API version 3709383).
LogModuleManager: Display: Found up-to-date module file ../../../Engine/Plugins/Runtime/CableComponent/Binaries/Win64/UE4Editor-CableComponent.dll (API version 3709383).
LogModuleManager: Display: Found up-to-date module file ../../../Engine/Plugins/Runtime/CustomMeshComponent/Binaries/Win64/UE4Editor-CustomMeshComponent.dll (API version 3709383).
LogModuleManager: Display: Found up-to-date module file ../../../Engine/Plugins/Runtime/ExampleDeviceProfileSelector/Binaries/Win64/UE4Editor-ExampleDeviceProfileSelector.dll (API version 3709383).
LogModuleManager: Display: Found up-to-date module file ../../../Engine/Plugins/Runtime/ImmediatePhysics/Binaries/Win64/UE4Editor-ImmediatePhysics.dll (API version 3709383).
LogModuleManager: Display: Found up-to-date module file ../../../Engine/Plugins/Runtime/ImmediatePhysics/Binaries/Win64/UE4Editor-ImmediatePhysicsEditor.dll (API version 3709383).
LogModuleManager: Display: Found up-to-date module file ../../../Engine/Plugins/Runtime/LocationServicesBPLibrary/Binaries/Win64/UE4Editor-LocationServicesBPLibrary.dll (API version 3709383).
LogModuleManager: Display: Found up-to-date module file ../../../Engine/Plugins/Runtime/MobilePatchingUtils/Binaries/Win64/UE4Editor-MobilePatchingUtils.dll (API version 3709383).
LogModuleManager: Display: Found up-to-date module file ../../../Engine/Plugins/Runtime/Oculus/OculusVR/Binaries/Win64/UE4Editor-OculusHMD.dll (API version 3709383).
LogModuleManager: Display: Found up-to-date module file ../../../Engine/Plugins/Runtime/Oculus/OculusVR/Binaries/Win64/UE4Editor-OculusInput.dll (API version 3709383).
LogModuleManager: Display: Found up-to-date module file ../../../Engine/Plugins/Runtime/Oculus/OculusVR/Binaries/Win64/UE4Editor-OculusEditor.dll (API version 3709383).
LogModuleManager: Display: Found up-to-date module file ../../../Engine/Plugins/Runtime/PhysXVehicles/Binaries/Win64/UE4Editor-PhysXVehicles.dll (API version 3709383).
LogModuleManager: Display: Found up-to-date module file ../../../Engine/Plugins/Runtime/PhysXVehicles/Binaries/Win64/UE4Editor-PhysXVehiclesEditor.dll (API version 3709383).
LogModuleManager: Display: Found up-to-date module file ../../../Engine/Plugins/Runtime/ProceduralMeshComponent/Binaries/Win64/UE4Editor-ProceduralMeshComponent.dll (API version 3709383).
LogModuleManager: Display: Found up-to-date module file ../../../Engine/Plugins/Runtime/ProceduralMeshComponent/Binaries/Win64/UE4Editor-ProceduralMeshComponentEditor.dll (API version 3709383).
LogModuleManager: Display: Found up-to-date module file ../../../Engine/Plugins/Runtime/RuntimePhysXCooking/Binaries/Win64/UE4Editor-RuntimePhysXCooking.dll (API version 3709383).
LogModuleManager: Display: Found up-to-date module file ../../../Engine/Plugins/Runtime/Steam/SteamVR/Binaries/Win64/UE4Editor-SteamVR.dll (API version 3709383).
LogModuleManager: Display: Found up-to-date module file ../../../Engine/Plugins/Runtime/Steam/SteamVR/Binaries/Win64/UE4Editor-SteamVRController.dll (API version 3709383).
LogModuleManager: Display: Found up-to-date module file ../../../Engine/Plugins/Runtime/WindowsMoviePlayer/Binaries/Win64/UE4Editor-WindowsMoviePlayer.dll (API version 3709383).
LogInit: Using libcurl 7.47.1
LogInit:  - built for x86_64-pc-win32
LogInit:  - supports SSL with OpenSSL/1.0.2g
LogInit:  - supports HTTP deflate (compression) using libz 1.2.8
LogInit:  - other features:
LogInit:      CURL_VERSION_SSL
LogInit:      CURL_VERSION_LIBZ
LogInit:      CURL_VERSION_IPV6
LogInit:      CURL_VERSION_ASYNCHDNS
LogInit:      CURL_VERSION_LARGEFILE
LogInit:      CURL_VERSION_IDN
LogInit:  CurlRequestOptions (configurable via config and command line):
LogInit:  - bVerifyPeer = false  - Libcurl will NOT verify peer certificate
LogInit:  - bUseHttpProxy = false  - Libcurl will NOT use HTTP proxy
LogInit:  - bDontReuseConnections = false  - Libcurl will reuse connections
LogInit:  - CertBundlePath = nullptr  - Libcurl will use whatever was configured at build time.
LogInit: Build: ++UE4+Release-4.18-CL-3832480
LogInit: Engine Version: 4.18.3-3832480+++UE4+Release-4.18
LogInit: Compatible Engine Version: 4.18.0-3709383+++UE4+Release-4.18
LogInit: Net CL: 3709383
LogDevObjectVersion: Number of dev versions registered: 16
LogDevObjectVersion:   Dev-Blueprints (B0D832E4-1F89-4F0D-ACCF-7EB736FD4AA2): 10
LogDevObjectVersion:   Dev-Build (E1C64328-A22C-4D53-A36C-8E866417BD8C): 0
LogDevObjectVersion:   Dev-Core (375EC13C-06E4-48FB-B500-84F0262A717E): 2
LogDevObjectVersion:   Dev-Editor (E4B068ED-F494-42E9-A231-DA0B2E46BB41): 20
LogDevObjectVersion:   Dev-Framework (CFFC743F-43B0-4480-9391-14DF171D2073): 30
LogDevObjectVersion:   Dev-Mobile (B02B49B5-BB20-44E9-A304-32B752E40360): 0
LogDevObjectVersion:   Dev-Networking (A4E4105C-59A1-49B5-A7C5-40C4547EDFEE): 0
LogDevObjectVersion:   Dev-Online (39C831C9-5AE6-47DC-9A44-9C173E1C8E7C): 0
LogDevObjectVersion:   Dev-Physics (78F01B33-EBEA-4F98-B9B4-84EACCB95AA2): 0
LogDevObjectVersion:   Dev-Platform (6631380F-2D4D-43E0-8009-CF276956A95A): 0
LogDevObjectVersion:   Dev-Rendering (12F88B9F-8875-4AFC-A67C-D90C383ABD29): 20
LogDevObjectVersion:   Dev-Sequencer (7B5AE74C-D270-4C10-A958-57980B212A5A): 4
LogDevObjectVersion:   Dev-VR (D7296918-1DD6-4BDD-9DE2-64A83CC13884): 0
LogDevObjectVersion:   Dev-LoadTimes (C2A15278-BFE7-4AFE-6C17-90FF531DF755): 1
LogDevObjectVersion:   Private-Geometry (6EACA3D4-40EC-4CC1-B786-8BED09428FC5): 1
LogDevObjectVersion:   Dev-AnimPhys (29E575DD-E0A3-4627-9D10-D276232CDCEA): 12
LogInit: Compiled (64-bit): Jan 12 2018 02:04:55
LogInit: Compiled with Visual C++: 19.00.24215.01
LogInit: Build Configuration: Development
LogInit: Branch Name: ++UE4+Release-4.18
LogInit: Command line:  
LogInit: Base directory: C:/Program Files/Epic Games/UE_4.18/Engine/Binaries/Win64/
LogInit: Installed Engine Build: 1
LogInit: Presizing for max 8388607 objects, including 0 objects not considered by GC, pre-allocating 0 bytes for permanent pool.
LogInit: Object subsystem initialized
[2018.02.24-20.10.21:713][  0]LogInit: Selected Device Profile: [Windows]
[2018.02.24-20.10.21:713][  0]LogInit: Applying CVar settings loaded from the selected device profile: [Windows]
[2018.02.24-20.10.21:729][  0]LogInit: Computer: JAY-PC
[2018.02.24-20.10.21:729][  0]LogInit: User: Jay
[2018.02.24-20.10.21:729][  0]LogInit: CPU Page size=4096, Cores=4
[2018.02.24-20.10.21:729][  0]LogInit: High frequency timer resolution =3.906417 MHz
[2018.02.24-20.10.21:729][  0]LogMemory: Memory total: Physical=15.9GB (16GB approx)
[2018.02.24-20.10.21:729][  0]LogMemory: Platform Memory Stats for Windows
[2018.02.24-20.10.21:729][  0]LogMemory: Process Physical Memory: 272.63 MB used, 272.63 MB peak
[2018.02.24-20.10.21:729][  0]LogMemory: Process Virtual Memory: 269.75 MB used, 269.75 MB peak
[2018.02.24-20.10.21:729][  0]LogMemory: Physical Memory: 7701.50 MB used,  8630.78 MB free, 16332.28 MB total
[2018.02.24-20.10.21:729][  0]LogMemory: Virtual Memory: 663.50 MB used,  8630.78 MB free, 134217728.00 MB total
[2018.02.24-20.10.22:043][  0]LogInit: Using OS detected language (en-US).
[2018.02.24-20.10.22:043][  0]LogInit: Using OS detected locale (en-GB).
[2018.02.24-20.10.22:048][  0]LogTextLocalizationManager: No specific localization for 'en-US' exists, so the 'en' localization will be used.
[2018.02.24-20.10.22:567][  0]LogInit: Setting process to per monitor DPI aware
[2018.02.24-20.10.23:010][  0]LogD3D11RHI: D3D11 adapters:
[2018.02.24-20.10.23:029][  0]LogD3D11RHI:    0. 'ASUS R9 280 Series' (Feature Level 11_0)
[2018.02.24-20.10.23:029][  0]LogD3D11RHI:       3052/0/8166 MB DedicatedVideo/DedicatedSystem/SharedSystem, Outputs:2, VendorId:0x1002
[2018.02.24-20.10.23:033][  0]LogD3D11RHI:    1. 'Microsoft Basic Render Driver' (Feature Level 11_0)
[2018.02.24-20.10.23:033][  0]LogD3D11RHI:       0/0/8166 MB DedicatedVideo/DedicatedSystem/SharedSystem, Outputs:0, VendorId:0x1414
[2018.02.24-20.10.23:033][  0]LogD3D11RHI: Chosen D3D11 Adapter: 0
[2018.02.24-20.10.23:046][  0]LogD3D11RHI: Creating new Direct3DDevice
[2018.02.24-20.10.23:047][  0]LogD3D11RHI:     GPU DeviceId: 0x679a (for the marketing name, search the web for "GPU Device Id")
[2018.02.24-20.10.23:047][  0]LogWindows: EnumDisplayDevices:
[2018.02.24-20.10.23:047][  0]LogWindows:    0. 'ASUS R9 280 Series' (P:1 D:1)
[2018.02.24-20.10.23:047][  0]LogWindows:    1. 'ASUS R9 280 Series' (P:0 D:1)
[2018.02.24-20.10.23:047][  0]LogWindows:    2. 'ASUS R9 280 Series' (P:0 D:0)
[2018.02.24-20.10.23:048][  0]LogWindows:    3. 'ASUS R9 280 Series' (P:0 D:0)
[2018.02.24-20.10.23:048][  0]LogWindows:    4. 'ASUS R9 280 Series' (P:0 D:0)
[2018.02.24-20.10.23:048][  0]LogWindows:    5. 'ASUS R9 280 Series' (P:0 D:0)
[2018.02.24-20.10.23:048][  0]LogWindows: DebugString: GetVideoDriverDetailsInvalid PrimaryIsNotTheChoosenAdapter GetVideoDriverDetailsInvalid PrimaryIsNotTheChoosenAdapter GetVideoDriverDetailsInvalid PrimaryIsNotTheChoosenAdapter GetVideoDriverDetailsInvalid PrimaryIsNotTheChoosenAdapter GetVideoDriverDetailsInvalid PrimaryIsNotTheChoosenAdapter GetVideoDriverDetailsInvalid PrimaryIsNotTheChoosenAdapter FoundDriverCount:0 
[2018.02.24-20.10.23:048][  0]LogD3D11RHI:     Adapter Name: ASUS R9 280 Series
[2018.02.24-20.10.23:048][  0]LogD3D11RHI:   Driver Version: Unknown (internal:Unknown, unified:Unknown)
[2018.02.24-20.10.23:048][  0]LogD3D11RHI:      Driver Date: Unknown
[2018.02.24-20.10.23:048][  0]LogRHI: Texture pool is 2136 MB (70% of 3052 MB)
[2018.02.24-20.10.23:084][  0]LogD3D11RHI: Async texture creation enabled
[2018.02.24-20.10.23:099][  0]LogD3D11RHI: GPU Timing Frequency: 27.000000 (Debug: 2 1)
[2018.02.24-20.10.23:101][  0]LogShaderCompilers: Guid format shader working directory is -16 characters bigger than the processId version (../../../../../../Users/Jay/Documents/GitHub/PGVR/GumshoeVR/Intermediate/Shaders/WorkingDirectory/35160/).
[2018.02.24-20.10.23:101][  0]LogShaderCompilers: Cleaned the shader compiler working directory 'C:/Users/Jay/AppData/Local/Temp/UnrealShaderWorkingDir/1E8821AE40E464B0D194E6A2805B2D72/'.
[2018.02.24-20.10.23:101][  0]LogShaderCompilers: Display: Using Local Shader Compiler.
[2018.02.24-20.10.24:650][  0]LogTemp: Display: Loaded TP AllDesktopTargetPlatform
[2018.02.24-20.10.24:758][  0]LogTemp: Display: Loaded TP MacClientTargetPlatform
[2018.02.24-20.10.24:876][  0]LogTemp: Display: Loaded TP MacNoEditorTargetPlatform
[2018.02.24-20.10.24:999][  0]LogTemp: Display: Loaded TP MacServerTargetPlatform
[2018.02.24-20.10.25:118][  0]LogTemp: Display: Loaded TP MacTargetPlatform
[2018.02.24-20.10.25:241][  0]LogTemp: Display: Loaded TP WindowsClientTargetPlatform
[2018.02.24-20.10.25:356][  0]LogTemp: Display: Loaded TP WindowsNoEditorTargetPlatform
[2018.02.24-20.10.25:479][  0]LogTemp: Display: Loaded TP WindowsServerTargetPlatform
[2018.02.24-20.10.25:583][  0]LogTemp: Display: Loaded TP WindowsTargetPlatform
[2018.02.24-20.10.25:691][  0]LogTemp: Display: Loaded TP Android_ASTCTargetPlatform
[2018.02.24-20.10.25:794][  0]LogTemp: Display: Loaded TP Android_ATCTargetPlatform
[2018.02.24-20.10.25:900][  0]LogTemp: Display: Loaded TP Android_DXTTargetPlatform
[2018.02.24-20.10.26:007][  0]LogTemp: Display: Loaded TP Android_ETC1TargetPlatform
[2018.02.24-20.10.26:113][  0]LogTemp: Display: Loaded TP Android_ETC2TargetPlatform
[2018.02.24-20.10.26:339][  0]LogTemp: Display: Loaded TP Android_MultiTargetPlatform
[2018.02.24-20.10.26:339][  0]LogTemp: Display: Loaded TP Android_PVRTCTargetPlatform
[2018.02.24-20.10.26:443][  0]LogTemp: Display: Loaded TP AndroidTargetPlatform
[2018.02.24-20.10.26:536][  0]LogTemp: Display: Loaded TP HTML5TargetPlatform
[2018.02.24-20.10.26:717][  0]LogTemp: Display: Loaded TP IOSTargetPlatform
[2018.02.24-20.10.26:776][  0]LogTemp: Display: Loaded TP TVOSTargetPlatform
[2018.02.24-20.10.26:888][  0]LogTemp: Display: Loaded TP LinuxClientTargetPlatform
[2018.02.24-20.10.26:997][  0]LogTemp: Display: Loaded TP LinuxNoEditorTargetPlatform
[2018.02.24-20.10.27:101][  0]LogTemp: Display: Loaded TP LinuxServerTargetPlatform
[2018.02.24-20.10.27:208][  0]LogTemp: Display: Loaded TP LinuxTargetPlatform
[2018.02.24-20.10.27:208][  0]LogTargetPlatformManager: Display: Building Assets For Windows
[2018.02.24-20.10.28:229][  0]LogDerivedDataCache: Display: Max Cache Size: 512 MB
[2018.02.24-20.10.28:369][  0]LogDerivedDataCache: Loaded boot cache 0.14s 79MB C:/Users/Jay/AppData/Local/UnrealEngine/4.18/DerivedDataCache/Boot.ddc.
[2018.02.24-20.10.28:370][  0]LogDerivedDataCache: Display: Loaded Boot cache: C:/Users/Jay/AppData/Local/UnrealEngine/4.18/DerivedDataCache/Boot.ddc
[2018.02.24-20.10.28:370][  0]LogDerivedDataCache: FDerivedDataBackendGraph:  Pak pak cache file ../../../../../../Users/Jay/Documents/GitHub/PGVR/GumshoeVR/DerivedDataCache/DDC.ddp not found, will not use a pak cache.
[2018.02.24-20.10.28:370][  0]LogDerivedDataCache: Unable to find inner node Pak for hierarchical cache Hierarchy.
[2018.02.24-20.10.28:370][  0]LogDerivedDataCache: FDerivedDataBackendGraph:  CompressedPak pak cache file ../../../../../../Users/Jay/Documents/GitHub/PGVR/GumshoeVR/DerivedDataCache/Compressed.ddp not found, will not use a pak cache.
[2018.02.24-20.10.28:370][  0]LogDerivedDataCache: Unable to find inner node CompressedPak for hierarchical cache Hierarchy.
[2018.02.24-20.10.28:392][  0]LogDerivedDataCache: Display: Pak cache opened for reading ../../../Engine/DerivedDataCache/Compressed.ddp.
[2018.02.24-20.10.28:406][  0]LogDerivedDataCache: Using Local data cache path C:/Users/Jay/AppData/Local/UnrealEngine/Common/DerivedDataCache: Writable
[2018.02.24-20.10.28:426][  0]LogMaterial: Verifying Global Shaders for PCD3D_SM5
[2018.02.24-20.10.28:426][  0]LogSlate: Using Freetype 2.6.0
[2018.02.24-20.10.28:428][  0]LogSlate: SlateFontCache - WITH_FREETYPE: 1, WITH_HARFBUZZ: 1
[2018.02.24-20.10.28:428][  0]LogSlate: SlateFontCache - WITH_FREETYPE: 1, WITH_HARFBUZZ: 1
[2018.02.24-20.10.29:092][  0]LogInit: Selected Device Profile: [Windows]
[2018.02.24-20.10.29:740][  0]LogSimplygon: Simplygon DLL not present - disabling.
[2018.02.24-20.10.29:832][  0]LogMeshReduction: Using SimplygonSwarm for distributed automatic mesh merging
[2018.02.24-20.10.29:832][  0]LogMeshReduction: Using QuadricMeshReduction for automatic static mesh reduction
[2018.02.24-20.10.29:832][  0]LogMeshReduction: No automatic skeletal mesh reduction module available
[2018.02.24-20.10.29:832][  0]LogMeshReduction: No automatic mesh merging module available
[2018.02.24-20.10.29:832][  0]LogMeshMerging: No automatic mesh merging module available
[2018.02.24-20.10.29:890][  0]LogNetVersion: VRProj , NetCL: 3709383, EngineNetVer: 2, GameNetVer: 0 (Checksum: 4015886109)
[2018.02.24-20.10.30:162][  0]LogAssetRegistry: FAssetRegistry took 0.0298 seconds to start up
[2018.02.24-20.10.31:100][  0]LogPackageLocalizationCache: Processed 7 localized package path(s) for 2 prioritized culture(s) in 0.144345 seconds
[2018.02.24-20.10.31:107][  0]LogUObjectArray: 35870 objects as part of root set at end of initial load.
[2018.02.24-20.10.31:107][  0]LogUObjectAllocator: 7363704 out of 0 bytes used by permanent object pool.
[2018.02.24-20.10.31:107][  0]LogUObjectArray: CloseDisregardForGC: 0/0 objects in disregard for GC pool
[2018.02.24-20.10.31:224][  0]LogInit: WinSock: version 1.1 (2.2), MaxSocks=32767, MaxUdp=65467
[2018.02.24-20.10.37:095][  0]LogTcpMessaging: Initializing TcpMessaging bridge
[2018.02.24-20.10.37:192][  0]LogUdpMessaging: Initializing bridge on interface 0.0.0.0:0 to multicast group 230.0.0.1:6666.
[2018.02.24-20.10.38:591][  0]LogUObjectGlobals: Warning: Class which was marked abstract was trying to be loaded.  It will be nulled out on save. LightComp LightComponent
[2018.02.24-20.10.39:146][  0]LogStats: FPlatformStackWalk::StackWalkAndDump -  0.555 s
[2018.02.24-20.10.39:146][  0]LogOutputDevice: Error: === Handled ensure: ===
[2018.02.24-20.10.39:146][  0]LogOutputDevice: Error: 
[2018.02.24-20.10.39:146][  0]LogOutputDevice: Error: Ensure condition failed: false [File:D:\Build\++UE4+Release-4.18+Compile\Sync\Engine\Source\Runtime\CoreUObject\Private\UObject\UObjectGlobals.cpp] [Line: 2190]
[2018.02.24-20.10.39:146][  0]LogOutputDevice: Error: Class which was marked abstract was trying to be loaded.  It will be nulled out on save. LightComp LightComponent
[2018.02.24-20.10.39:146][  0]LogOutputDevice: Error: Stack: 
[2018.02.24-20.10.39:146][  0]LogOutputDevice: Error: [Callstack] 0x00000000110E2786 UE4Editor-Core.dll!UnknownFunction []
[2018.02.24-20.10.39:146][  0]LogOutputDevice: Error: [Callstack] 0x0000000010E8123A UE4Editor-Core.dll!UnknownFunction []
[2018.02.24-20.10.39:146][  0]LogOutputDevice: Error: [Callstack] 0x0000000010E9B906 UE4Editor-Core.dll!UnknownFunction []
[2018.02.24-20.10.39:146][  0]LogOutputDevice: Error: [Callstack] 0x0000000010A1F64B UE4Editor-CoreUObject.dll!UnknownFunction []
[2018.02.24-20.10.39:146][  0]LogOutputDevice: Error: [Callstack] 0x0000000010A1D519 UE4Editor-CoreUObject.dll!UnknownFunction []
[2018.02.24-20.10.39:146][  0]LogOutputDevice: Error: [Callstack] 0x0000000010A20191 UE4Editor-CoreUObject.dll!UnknownFunction []
[2018.02.24-20.10.39:147][  0]LogOutputDevice: Error: [Callstack] 0x00000000109E8A79 UE4Editor-CoreUObject.dll!UnknownFunction []
[2018.02.24-20.10.39:147][  0]LogOutputDevice: Error: [Callstack] 0x0000000010933EC4 UE4Editor-CoreUObject.dll!UnknownFunction []
[2018.02.24-20.10.39:147][  0]LogOutputDevice: Error: [Callstack] 0x00000000D9942962 UE4Editor-VRProj.dll!AInteractablePrototype::AInteractablePrototype() [d:\unreal\vrproj 4.18\source\vrproj\interactableprototype.cpp:19]
[2018.02.24-20.10.39:147][  0]LogOutputDevice: Error: [Callstack] 0x00000000107B05CD UE4Editor-CoreUObject.dll!UnknownFunction []
[2018.02.24-20.10.39:147][  0]LogOutputDevice: Error: [Callstack] 0x0000000010A291B0 UE4Editor-CoreUObject.dll!UnknownFunction []
[2018.02.24-20.10.39:147][  0]LogOutputDevice: Error: [Callstack] 0x0000000010A0B41F UE4Editor-CoreUObject.dll!UnknownFunction []
[2018.02.24-20.10.39:147][  0]LogOutputDevice: Error: [Callstack] 0x00000000107B2547 UE4Editor-CoreUObject.dll!UnknownFunction []
[2018.02.24-20.10.39:147][  0]LogOutputDevice: Error: [Callstack] 0x0000000010D1E6C0 UE4Editor-Core.dll!UnknownFunction []
[2018.02.24-20.10.39:147][  0]LogOutputDevice: Error: [Callstack] 0x0000000010F72282 UE4Editor-Core.dll!UnknownFunction []
[2018.02.24-20.10.39:147][  0]LogOutputDevice: Error: [Callstack] 0x00000000331DF60D UE4Editor-Projects.dll!UnknownFunction []
[2018.02.24-20.10.39:147][  0]LogOutputDevice: Error: [Callstack] 0x00000000331DF91E UE4Editor-Projects.dll!UnknownFunction []
[2018.02.24-20.10.39:147][  0]LogOutputDevice: Error: [Callstack] 0x00000000920B7F71 UE4Editor.exe!UnknownFunction []
[2018.02.24-20.10.39:147][  0]LogOutputDevice: Error: [Callstack] 0x00000000920BC4EC UE4Editor.exe!UnknownFunction []
[2018.02.24-20.10.39:147][  0]LogOutputDevice: Error: [Callstack] 0x00000000920B525A UE4Editor.exe!UnknownFunction []
[2018.02.24-20.10.39:147][  0]LogOutputDevice: Error: [Callstack] 0x00000000920B54AA UE4Editor.exe!UnknownFunction []
[2018.02.24-20.10.39:147][  0]LogOutputDevice: Error: [Callstack] 0x00000000920C2379 UE4Editor.exe!UnknownFunction []
[2018.02.24-20.10.39:147][  0]LogOutputDevice: Error: [Callstack] 0x00000000920C3D57 UE4Editor.exe!UnknownFunction []
[2018.02.24-20.10.39:147][  0]LogOutputDevice: Error: [Callstack] 0x0000000058C41FE4 KERNEL32.DLL!UnknownFunction []
[2018.02.24-20.10.39:147][  0]LogOutputDevice: Error: [Callstack] 0x00000000599FEFB1 ntdll.dll!UnknownFunction []
[2018.02.24-20.10.39:147][  0]LogOutputDevice: Error: 
[2018.02.24-20.10.39:158][  0]LogStats:                SubmitErrorReport -  0.000 s
[2018.02.24-20.10.39:613][  0]LogStats:                    SendNewReport -  0.456 s
[2018.02.24-20.10.39:613][  0]LogStats:             FDebug::EnsureFailed -  1.022 s
[2018.02.24-20.10.39:615][  0]LogStats: FPlatformStackWalk::StackWalkAndDump -  0.001 s
[2018.02.24-20.10.39:615][  0]LogOutputDevice: Error: === Handled ensure: ===
[2018.02.24-20.10.39:615][  0]LogOutputDevice: Error: 
[2018.02.24-20.10.39:615][  0]LogOutputDevice: Error: Ensure condition failed: AttachmentRules.LocationRule == EAttachmentRule::KeepRelative && AttachmentRules.RotationRule == EAttachmentRule::KeepRelative && AttachmentRules.ScaleRule == EAttachmentRule::KeepRelative [File:D:\Build\++UE4+Release-4.18+Compile\Sync\Engine\Source\Runtime\Engine\Private\Components\SceneComponent.cpp] [Line: 1670]
[2018.02.24-20.10.39:615][  0]LogOutputDevice: Error: AttachToComponent when called from a constructor is only setting up attachment and will always be treated as KeepRelative. Consider calling SetupAttachment directly instead.
[2018.02.24-20.10.39:615][  0]LogOutputDevice: Error: Stack: 
[2018.02.24-20.10.39:615][  0]LogOutputDevice: Error: [Callstack] 0x00000000110E2786 UE4Editor-Core.dll!UnknownFunction []
[2018.02.24-20.10.39:615][  0]LogOutputDevice: Error: [Callstack] 0x0000000010E8123A UE4Editor-Core.dll!UnknownFunction []
[2018.02.24-20.10.39:615][  0]LogOutputDevice: Error: [Callstack] 0x0000000010E9B906 UE4Editor-Core.dll!UnknownFunction []
[2018.02.24-20.10.39:615][  0]LogOutputDevice: Error: [Callstack] 0x000000000E2ED468 UE4Editor-Engine.dll!UnknownFunction []
[2018.02.24-20.10.39:615][  0]LogOutputDevice: Error: [Callstack] 0x00000000D9943D5E UE4Editor-VRProj.dll!AVRCharacterPrototype::AVRCharacterPrototype() [d:\unreal\vrproj 4.18\source\vrproj\vrcharacterprototype.cpp:25]
[2018.02.24-20.10.39:615][  0]LogOutputDevice: Error: [Callstack] 0x00000000107B05CD UE4Editor-CoreUObject.dll!UnknownFunction []
[2018.02.24-20.10.39:615][  0]LogOutputDevice: Error: [Callstack] 0x0000000010A291B0 UE4Editor-CoreUObject.dll!UnknownFunction []
[2018.02.24-20.10.39:615][  0]LogOutputDevice: Error: [Callstack] 0x0000000010A0B41F UE4Editor-CoreUObject.dll!UnknownFunction []
[2018.02.24-20.10.39:615][  0]LogOutputDevice: Error: [Callstack] 0x00000000107B2547 UE4Editor-CoreUObject.dll!UnknownFunction []
[2018.02.24-20.10.39:615][  0]LogOutputDevice: Error: [Callstack] 0x0000000010D1E6C0 UE4Editor-Core.dll!UnknownFunction []
[2018.02.24-20.10.39:615][  0]LogOutputDevice: Error: [Callstack] 0x0000000010F72282 UE4Editor-Core.dll!UnknownFunction []
[2018.02.24-20.10.39:615][  0]LogOutputDevice: Error: [Callstack] 0x00000000331DF60D UE4Editor-Projects.dll!UnknownFunction []
[2018.02.24-20.10.39:615][  0]LogOutputDevice: Error: [Callstack] 0x00000000331DF91E UE4Editor-Projects.dll!UnknownFunction []
[2018.02.24-20.10.39:615][  0]LogOutputDevice: Error: [Callstack] 0x00000000920B7F71 UE4Editor.exe!UnknownFunction []
[2018.02.24-20.10.39:615][  0]LogOutputDevice: Error: [Callstack] 0x00000000920BC4EC UE4Editor.exe!UnknownFunction []
[2018.02.24-20.10.39:615][  0]LogOutputDevice: Error: [Callstack] 0x00000000920B525A UE4Editor.exe!UnknownFunction []
[2018.02.24-20.10.39:615][  0]LogOutputDevice: Error: [Callstack] 0x00000000920B54AA UE4Editor.exe!UnknownFunction []
[2018.02.24-20.10.39:615][  0]LogOutputDevice: Error: [Callstack] 0x00000000920C2379 UE4Editor.exe!UnknownFunction []
[2018.02.24-20.10.39:615][  0]LogOutputDevice: Error: [Callstack] 0x00000000920C3D57 UE4Editor.exe!UnknownFunction []
[2018.02.24-20.10.39:615][  0]LogOutputDevice: Error: [Callstack] 0x0000000058C41FE4 KERNEL32.DLL!UnknownFunction []
[2018.02.24-20.10.39:615][  0]LogOutputDevice: Error: [Callstack] 0x00000000599FEFB1 ntdll.dll!UnknownFunction []
[2018.02.24-20.10.39:615][  0]LogOutputDevice: Error: 
[2018.02.24-20.10.39:620][  0]LogStats:                SubmitErrorReport -  0.000 s
[2018.02.24-20.10.40:083][  0]LogStats:                    SendNewReport -  0.464 s
[2018.02.24-20.10.40:083][  0]LogStats:             FDebug::EnsureFailed -  0.470 s
[2018.02.24-20.10.40:695][  0]LogMaterial: Uniform references updated for custom material expression Custom.
[2018.02.24-20.10.41:712][  0]SourceControl: Source control is disabled
[2018.02.24-20.10.41:712][  0]SourceControl: Source control is disabled
[2018.02.24-20.10.41:837][  0]SourceControl: Source control is disabled
[2018.02.24-20.10.41:973][  0]SourceControl: Source control is disabled
[2018.02.24-20.10.44:027][  0]LogAndroidPermission: UAndroidPermissionCallbackProxy::GetInstance
[2018.02.24-20.10.44:725][  0]LogOcInput: OculusInput pre-init called
[2018.02.24-20.10.45:379][  0]LogEngine: Initializing Engine...
[2018.02.24-20.10.45:387][  0]LogHMD: Failed to initialize OpenVR with code 105
[2018.02.24-20.10.45:702][  0]LogStats: UGameplayTagsManager::ConstructGameplayTagTree: Construct from data asset -  0.000 s
[2018.02.24-20.10.45:702][  0]LogStats: UGameplayTagsManager::ConstructGameplayTagTree: GameplayTagTreeChangedEvent.Broadcast -  0.000 s
[2018.02.24-20.10.45:997][  0]LogAIModule: Creating AISystem for world Untitled
[2018.02.24-20.10.46:017][  0]LogInit: XAudio2 using 'Speakers (5- Plantronics GameCom 780/788)' : 6 channels at 48 kHz using 16 bits per sample (channel mask 0x60f)
[2018.02.24-20.10.46:043][  0]LogInit: FAudioDevice initialized.
[2018.02.24-20.10.46:428][  0]LogDerivedDataCache: Saved boot cache 0.38s 79MB C:/Users/Jay/AppData/Local/UnrealEngine/4.18/DerivedDataCache/Boot.ddc.
[2018.02.24-20.10.46:450][  0]LogInit: Texture streaming: Enabled
[2018.02.24-20.10.46:693][  0]LogEngineSessionManager: EngineSessionManager initialized
[2018.02.24-20.10.46:998][  0]LogInit: Transaction tracking system initialized
[2018.02.24-20.10.47:706][  0]BlueprintLog: New page: Editor Load
[2018.02.24-20.10.49:815][  0]LocalizationService: Localization service is disabled
[2018.02.24-20.10.51:494][  0]LogConsoleResponse: Display: 
[2018.02.24-20.10.51:790][  0]LogCook: Display: Max memory allowance for cook 16384mb min free memory 0mb
[2018.02.24-20.10.51:790][  0]LogCook: Display: Mobile HDR setting 1
[2018.02.24-20.10.51:790][  0]LogGameplayTags: Display: UGameplayTagsManager::DoneAddingNativeTags. DelegateIsBound: 0
[2018.02.24-20.10.52:228][  0]LogFileCache: Scanning file cache for directory 'C:/Users/Jay/Documents/GitHub/PGVR/GumshoeVR/Content/' took 0.05s
[2018.02.24-20.10.54:696][  0]SourceControl: Source control is disabled
[2018.02.24-20.10.54:696][  0]Cmd: MAP LOAD FILE="../../../../../../Users/Jay/Documents/GitHub/PGVR/GumshoeVR/Content/MainMenu/MainMenu.umap" TEMPLATE=0 SHOWPROGRESS=1 FEATURELEVEL=3
[2018.02.24-20.10.54:697][  0]LightingResults: New page: Lighting Build
[2018.02.24-20.10.54:789][  0]MapCheck: New page: Map Check
[2018.02.24-20.10.54:789][  0]LightingResults: New page: Lighting Build
[2018.02.24-20.10.56:045][  0]LogAIModule: Creating AISystem for world MainMenu
[2018.02.24-20.10.56:129][  0]LogEditorServer: Finished looking for orphan Actors (0.000 secs)
[2018.02.24-20.10.56:182][  0]Cmd: MAP CHECKDEP NOCLEARLOG
[2018.02.24-20.10.56:329][  0]MapCheck: Map check complete: 0 Error(s), 0 Warning(s), took 147.443ms to complete.
[2018.02.24-20.10.56:329][  0]LogFileHelpers: Loading map 'MainMenu' took 1.633
[2018.02.24-20.10.56:534][  0]LogCollectionManager: Loaded 0 collections in 0.003753 seconds
[2018.02.24-20.10.56:682][  0]LogFileCache: Scanning file cache for directory 'C:/Users/Jay/Documents/GitHub/PGVR/GumshoeVR/Saved/Collections/' took 0.01s
[2018.02.24-20.10.56:682][  0]LogFileCache: Scanning file cache for directory 'C:/Users/Jay/Documents/GitHub/PGVR/GumshoeVR/Content/Developers/Jay/Collections/' took 0.01s
[2018.02.24-20.10.56:682][  0]LogFileCache: Scanning file cache for directory 'C:/Users/Jay/Documents/GitHub/PGVR/GumshoeVR/Content/Collections/' took 0.01s
[2018.02.24-20.10.56:682][  0]LogCollectionManager: Rebuilt the GUID cache for 0 collections in 0.000000 seconds
[2018.02.24-20.10.56:698][  0]LogContentBrowser: Native class hierarchy populated in 0.0150 seconds. Added 2366 classes and 521 folders.
[2018.02.24-20.10.56:843][  0]LogContentBrowser: Native class hierarchy updated for 'WidgetCarousel' in 0.0014 seconds. Added 0 classes and 0 folders.
[2018.02.24-20.10.56:944][  0]LogContentBrowser: Native class hierarchy updated for 'AddContentDialog' in 0.0014 seconds. Added 0 classes and 0 folders.
[2018.02.24-20.10.57:046][  0]LogContentBrowser: Native class hierarchy updated for 'SceneOutliner' in 0.0015 seconds. Added 1 classes and 2 folders.
[2018.02.24-20.10.57:117][  0]LogSlate: Took 0.000393 seconds to synchronously load lazily loaded font '../../../Engine/Content/Slate/Fonts/Roboto-Regular.ttf' (155K)
[2018.02.24-20.10.57:120][  0]LogSlate: Took 0.000370 seconds to synchronously load lazily loaded font '../../../Engine/Content/Slate/Fonts/Roboto-Bold.ttf' (160K)
[2018.02.24-20.10.57:127][  0]LogSlate: Took 0.000347 seconds to synchronously load lazily loaded font '../../../Engine/Content/Editor/Slate/Fonts/FontAwesome.ttf' (139K)
[2018.02.24-20.10.57:268][  0]LogRenderer: Reallocating scene render targets to support 1280x724 Format 26 NumSamples 1 (Frame:1).
[2018.02.24-20.10.57:571][  0]LogContentBrowser: Native class hierarchy updated for 'HierarchicalLODOutliner' in 0.0015 seconds. Added 1 classes and 2 folders.
[2018.02.24-20.10.57:571][  0]LogLoad: (Engine Initialization) Total time: 42.12 seconds
[2018.02.24-20.10.57:571][  0]LogLoad: (Engine Initialization) Total Blueprint compile time: 0.00 seconds
[2018.02.24-20.10.57:571][  0]LogExternalProfiler: Found external profiler: VSPerf
[2018.02.24-20.10.57:571][  0]LogExternalProfiler: Using external profiler: VSPerf
[2018.02.24-20.10.57:624][  0]LogContentStreaming: Texture pool size now 1000 MB
[2018.02.24-20.10.57:719][  1]LogFileCache: Retrieving MD5 hashes for directory 'C:/Users/Jay/Documents/GitHub/PGVR/GumshoeVR/Content/' took 0.12s
[2018.02.24-20.10.57:808][  2]LogAssetRegistry: Asset discovery search completed in 27.6678 seconds
[2018.02.24-20.10.57:811][  2]LogCollectionManager: Rebuilt the object cache for 0 collections in 0.000001 seconds (found 0 objects)
[2018.02.24-20.10.57:811][  2]LogCollectionManager: Fixed up redirectors for 0 collections in 0.000063 seconds (updated 0 objects)
[2018.02.24-20.10.59:037][ 91]LogSlate: Took 0.000441 seconds to synchronously load lazily loaded font '../../../Engine/Content/Slate/Fonts/Roboto-Light.ttf' (159K)
[2018.02.24-20.11.01:708][254]LogSlate: Took 0.000361 seconds to synchronously load lazily loaded font '../../../Engine/Content/Slate/Fonts/Roboto-Light.ttf' (159K)
[2018.02.24-20.11.07:276][740]LogSlate: Took 0.000336 seconds to synchronously load lazily loaded font '../../../Engine/Content/Slate/Fonts/Roboto-Light.ttf' (159K)
[2018.02.24-20.11.08:089][740]LogSlate: Took 0.000373 seconds to synchronously load lazily loaded font '../../../Engine/Content/Slate/Fonts/Roboto-Regular.ttf' (155K)
[2018.02.24-20.11.08:759][740]LogLinker: Warning: Asset '../../../../../../Users/Jay/Documents/GitHub/PGVR/GumshoeVR/Content/SuperGrid/StarterPack/Materials/Functions/Basic/BreakSet.uasset' has been saved with empty engine version. The asset will be loaded but may be incompatible.
[2018.02.24-20.11.08:762][740]LogLinker: Warning: Asset '../../../../../../Users/Jay/Documents/GitHub/PGVR/GumshoeVR/Content/SuperGrid/StarterPack/Materials/Functions/Basic/MakeSet.uasset' has been saved with empty engine version. The asset will be loaded but may be incompatible.
[2018.02.24-20.11.08:766][740]LogLinker: Warning: Asset '../../../../../../Users/Jay/Documents/GitHub/PGVR/GumshoeVR/Content/SuperGrid/StarterPack/Materials/Functions/Basic/Roughness.uasset' has been saved with empty engine version. The asset will be loaded but may be incompatible.
[2018.02.24-20.11.08:769][740]LogLinker: Warning: Asset '../../../../../../Users/Jay/Documents/GitHub/PGVR/GumshoeVR/Content/SuperGrid/StarterPack/Materials/Functions/Texture/Dye_SingleColor.uasset' has been saved with empty engine version. The asset will be loaded but may be incompatible.
[2018.02.24-20.11.08:774][740]LogLinker: Warning: Asset '../../../../../../Users/Jay/Documents/GitHub/PGVR/GumshoeVR/Content/SuperGrid/StarterPack/Materials/Functions/Texture/Tex_SimpleGrid.uasset' has been saved with empty engine version. The asset will be loaded but may be incompatible.
[2018.02.24-20.11.08:776][740]LogLinker: Warning: Asset '../../../../../../Users/Jay/Documents/GitHub/PGVR/GumshoeVR/Content/SuperGrid/StarterPack/Source/Textures/T_BasicGrid_M.uasset' has been saved with empty engine version. The asset will be loaded but may be incompatible.
[2018.02.24-20.11.08:789][740]LogLinker: Warning: Asset '../../../../../../Users/Jay/Documents/GitHub/PGVR/GumshoeVR/Content/SuperGrid/StarterPack/Materials/Functions/UV/UV_SetupGrid.uasset' has been saved with empty engine version. The asset will be loaded but may be incompatible.
[2018.02.24-20.11.08:804][740]LogLinker: Warning: Asset '../../../../../../Users/Jay/Documents/GitHub/PGVR/GumshoeVR/Content/SuperGrid/StarterPack/Source/Textures/T_BasicGrid_N.uasset' has been saved with empty engine version. The asset will be loaded but may be incompatible.
[2018.02.24-20.11.09:297][740]LogMaterial: Uniform references updated for custom material expression Custom.
[2018.02.24-20.11.10:527][740]LogAIModule: Creating AISystem for world Apartment
[2018.02.24-20.11.10:738][740]Cmd: MAP LOAD FILE="../../../../../../Users/Jay/Documents/GitHub/PGVR/GumshoeVR/Content/Maps/Apartment.umap" TEMPLATE=0 SHOWPROGRESS=1 FEATURELEVEL=3
[2018.02.24-20.11.10:738][740]LightingResults: New page: Lighting Build
[2018.02.24-20.11.10:739][740]LoadErrors: New page: Loading map: Apartment.umap
[2018.02.24-20.11.10:741][740]MapCheck: New page: Map Check
[2018.02.24-20.11.10:741][740]LightingResults: New page: Lighting Build
[2018.02.24-20.11.10:823][740]LogSkeletalMesh: USkeletalMeshComponent::InitArticulated : Could not find root physics body: '/Game/Maps/Apartment.Apartment:PersistentLevel.AnsweringMachine_01_SM_Anim_2.SkeletalMeshComponent0'
[2018.02.24-20.11.10:875][740]LogEditorServer: Finished looking for orphan Actors (0.000 secs)
[2018.02.24-20.11.10:964][740]Cmd: MAP CHECKDEP NOCLEARLOG
[2018.02.24-20.11.11:226][740]MapCheck: Map check complete: 0 Error(s), 0 Warning(s), took 262.469ms to complete.
[2018.02.24-20.11.11:228][740]LogFileHelpers: Loading map 'Apartment' took 0.491
[2018.02.24-20.11.31:014][ 36]LogTexture: Display: Building textures: lambert1_Metallic (AutoDXT, 2048X2048)
[2018.02.24-20.11.31:014][ 36]LogTexture: Display: Building textures: lambert1_Height (AutoDXT, 2048X2048)
[2018.02.24-20.11.31:014][ 36]LogTexture: Display: Building textures: lambert1_Roughness (AutoDXT, 2048X2048)
[2018.02.24-20.11.31:014][ 36]LogTexture: Display: Building textures: lambert1_Base_Color (AutoDXT, 2048X2048)
[2018.02.24-20.11.31:014][ 36]LogTexture: Display: Building textures: lambert1_Normal_DirectX (BC5, 2048X2048)
[2018.02.24-20.11.31:014][ 36]LogMaterial: Missing cached shader map for material Wall, compiling. 
[2018.02.24-20.11.31:271][ 36]LogContentBrowser: Native class hierarchy updated for 'MaterialEditor' in 0.0023 seconds. Added 1 classes and 0 folders.
[2018.02.24-20.11.31:277][ 36]LogMaterial: Missing cached shader map for material Wall, compiling. 
[2018.02.24-20.11.31:822][ 36]LogMaterial: Missing cached shader map for material Wall, compiling. 
[2018.02.24-20.11.31:880][ 36]LogMaterial: Missing cached shader map for material Wall, compiling. 
[2018.02.24-20.11.31:958][ 36]LogMaterial: Missing cached shader map for material FMatExpressionPreview MaterialExpressionTextureSample_1, compiling. 
[2018.02.24-20.11.31:967][ 36]LogMaterial: Missing cached shader map for material FMatExpressionPreview MaterialExpressionTextureSample_3, compiling. 
[2018.02.24-20.11.31:975][ 36]LogMaterial: Missing cached shader map for material FMatExpressionPreview MaterialExpressionTextureSample_0, compiling. 
[2018.02.24-20.11.31:984][ 36]LogMaterial: Missing cached shader map for material FMatExpressionPreview MaterialExpressionTextureSample_5, compiling. 
[2018.02.24-20.11.31:992][ 36]LogMaterial: Missing cached shader map for material FMatExpressionPreview MaterialExpressionTextureSample_2, compiling. 
[2018.02.24-20.11.32:009][ 36]LogSlate: Took 0.000466 seconds to synchronously load lazily loaded font '../../../Engine/Content/Editor/Slate/Fonts/Roboto-BoldCondensed.ttf' (158K)
[2018.02.24-20.17.12:498][599]LogFactory: FactoryCreateFile: StaticMesh with FbxFactory (0 0 E:\Game Art\3rd Year\Semester_01\Research Methods\Assets\Environment_01\Wall_03_SM.fbx)
[2018.02.24-20.17.12:540][599]LogFbx: ItemName: GlobalSettings, ItemCount : 1
[2018.02.24-20.17.12:540][599]LogFbx: ItemName: NodeAttribute, ItemCount : 6
[2018.02.24-20.17.12:540][599]LogFbx: ItemName: Model, ItemCount : 7
[2018.02.24-20.17.12:540][599]LogFbx: ItemName: Geometry, ItemCount : 1
[2018.02.24-20.17.12:540][599]LogFbx: ItemName: Material, ItemCount : 1
[2018.02.24-20.17.12:540][599]LogFbx: ItemName: Texture, ItemCount : 1
[2018.02.24-20.17.12:540][599]LogFbx: ItemName: CollectionExclusive, ItemCount : 1
[2018.02.24-20.17.12:540][599]LogFbx: ItemName: Video, ItemCount : 1
[2018.02.24-20.17.12:555][599]LogFbx: Loading FBX Scene from E:\Game Art\3rd Year\Semester_01\Research Methods\Assets\Environment_01\Wall_03_SM.fbx
[2018.02.24-20.17.12:581][599]LogFbx: FBX Scene Loaded Succesfully
[2018.02.24-20.17.17:782][599]LogFbx: Loading FBX Scene from E:\Game Art\3rd Year\Semester_01\Research Methods\Assets\Environment_01\Wall_03_SM.fbx
[2018.02.24-20.17.17:796][599]LogFbx: FBX Scene Loaded Succesfully
[2018.02.24-20.17.17:798][599]LogFbx: Warning: Triangulating static mesh polySurface2
[2018.02.24-20.17.17:801][599]LogStaticMesh: Building static mesh Wall_03_SM...
[2018.02.24-20.17.17:802][599]LogStaticMesh: Built static mesh [0.00s] /Game/Apartment/Geometry/Meshes/Environment/Wall_03_SM.Wall_03_SM
[2018.02.24-20.17.17:803][599]LogStaticMesh: Warning: Wall_03_SM has degenerate tangent bases which will result in incorrect shading.  MikkTSpace relies on tangent bases and may result in mesh corruption, consider disabling this option.
[2018.02.24-20.17.17:803][599]LogStaticMesh: Warning: Wall_03_SM has some nearly zero bi-normals which can create some issues. (Tolerance of 1E-4)
[2018.02.24-20.17.17:822][599]FBXImport: Warning: Wall_03_SM has degenerate tangent bases which will result in incorrect shading.  MikkTSpace relies on tangent bases and may result in mesh corruption, consider disabling this option. 
[2018.02.24-20.17.17:822][599]FBXImport: Warning: Wall_03_SM has some nearly zero bi-normals which can create some issues. (Tolerance of 1E-4) 
[2018.02.24-20.17.24:896][726]LogEditorViewport: Clicking on Actor (LMB): StaticMeshActor (SuperGrid_Box34)
[2018.02.24-20.17.44:814][122]LogActorFactory: Actor Factory created Wall_03_SM
[2018.02.24-20.17.46:550][148]LogActorFactory: Actor Factory created Wall_03_SM
[2018.02.24-20.18.12:845][831]LogRenderer: Reallocating scene render targets to support 1280x744 Format 26 NumSamples 1 (Frame:1).
[2018.02.24-20.18.21:800][ 51]LogEditorViewport: Clicking on Actor (LMB): StaticMeshActor (Wall_01_SM40)
[2018.02.24-20.18.22:790][ 99]Cmd: DELETE
[2018.02.24-20.18.22:790][ 99]Cmd: ACTOR DELETE
[2018.02.24-20.18.22:812][ 99]LogEditorActor: Deleted Actor: StaticMeshActor
[2018.02.24-20.18.22:876][ 99]LogEditorActor: Deleted 1 Actors (0.086 secs)
[2018.02.24-20.18.25:884][285]LogEditorViewport: Clicking on Actor (LMB): StaticMeshActor (Wall_03_SM)
[2018.02.24-20.18.39:128][574]LogEditorViewport: Clicking on Actor (LMB): StaticMeshActor (Wall_01_SM38)
[2018.02.24-20.18.43:514][657]LogEditorViewport: Clicking on Actor (LMB): StaticMeshActor (Wall_03_SM)
[2018.02.24-20.18.49:663][773]LogEditorViewport: Clicking on Actor (LMB): Keypad_Main_C (Keypad_Main)
[2018.02.24-20.18.53:931][ 81]Cmd: TRANSACTION UNDO
[2018.02.24-20.18.53:931][ 81]LogEditorTransaction: Undo Move Actors
[2018.02.24-20.18.54:782][136]LogEditorViewport: Clicking on Actor (context menu): StaticMeshActor (Wall_03_SM)
[2018.02.24-20.18.57:821][352]LogEditorViewport: Clicking on Actor (LMB): Keypad_Main_C (Keypad_Main)
[2018.02.24-20.19.01:855][562]Cmd: TRANSACTION UNDO
[2018.02.24-20.19.01:855][562]LogEditorTransaction: Undo Move Actors
[2018.02.24-20.19.22:702][912]Cmd: TRANSACTION UNDO
[2018.02.24-20.19.22:702][912]LogEditorTransaction: Undo Move Actors
[2018.02.24-20.19.41:261][ 49]LogActorFactory: Actor Factory created Shelf_01_SM
[2018.02.24-20.19.42:191][114]LogActorFactory: Actor Factory created Shelf_01_SM
[2018.02.24-20.19.42:850][157]LogActorFactory: Actor Factory created Shelf_01_SM
[2018.02.24-20.20.12:118][889]LogEditorViewport: Clicking on Actor (LMB): Keypad_Main_C (Keypad_Main)
[2018.02.24-20.20.15:143][934]LogEditorViewport: Clicking on Actor (LMB): StaticMeshActor (Shelf_01_SM5)
[2018.02.24-20.20.18:824][ 21]LogEditorViewport: Clicking on Actor (LMB): Knife_C (Knife)
[2018.02.24-20.20.21:199][ 63]LogEditorViewport: Clicking on Actor (CTRL LMB): StaticMeshActor (Shelf_01_SM5)
[2018.02.24-20.20.31:716][296]LogEditorViewport: Clicking on Actor (context menu): Knife_C (Knife)
[2018.02.24-20.20.33:017][398]LogEditorViewport: Clicking on Actor (LMB): StaticMeshActor (Shelf_01_SM5)
[2018.02.24-20.20.35:410][438]LogEditorViewport: Clicking on Actor (LMB): StaticMeshActor (Wall_03_SM)
[2018.02.24-20.20.36:491][457]LogEditorViewport: Clicking on Actor (LMB): StaticMeshActor (Wall_03_SM)
[2018.02.24-20.20.37:338][471]LogEditorViewport: Clicking on Actor (LMB): Knife_C (Knife)
[2018.02.24-20.20.39:857][515]LogEditorViewport: Clicking on Actor (LMB): StaticMeshActor (Shelf_01_SM5)
[2018.02.24-20.20.42:775][564]LogEditorViewport: Clicking on Actor (LMB): StaticMeshActor (Wall_03_SM)
[2018.02.24-20.20.43:762][596]LogEditorViewport: Clicking on Actor (LMB): Keypad_Main_C (Keypad_Main)
[2018.02.24-20.20.50:300][729]LogEditorViewport: Clicking on Actor (LMB): StaticMeshActor (Wall_03_SM)
[2018.02.24-20.20.51:955][755]Cmd: OBJ SAVEPACKAGE PACKAGE="/Game/Maps/Apartment" FILE="../../../../../../Users/Jay/Documents/GitHub/PGVR/GumshoeVR/Content/Maps/Apartment.umap" SILENT=true AUTOSAVING=false KEEPDIRTY=false
[2018.02.24-20.20.54:017][755]LogSavePackage: Save=1906.45ms
[2018.02.24-20.20.54:017][755]LogSavePackage: Moving '../../../../../../Users/Jay/Documents/GitHub/PGVR/GumshoeVR/Saved/Apartment27F67E6640FDA36BE8A403A110589433.tmp' to '../../../../../../Users/Jay/Documents/GitHub/PGVR/GumshoeVR/Content/Maps/Apartment.umap'
[2018.02.24-20.20.54:034][755]LogSavePackage: Display: Finished SavePackage ../../../../../../Users/Jay/Documents/GitHub/PGVR/GumshoeVR/Content/Maps/Apartment.umap
[2018.02.24-20.20.54:925][771]LogEditorViewport: Clicking on Actor (LMB): StaticMeshActor (Wall_01_SM41)
[2018.02.24-20.20.57:211][813]LogEditorViewport: Clicking on Actor (LMB): StaticMeshActor (SuperGrid_Box34)
[2018.02.24-20.21.00:008][849]LogSavePackage: Save=16.61ms
[2018.02.24-20.21.00:008][849]LogSavePackage: Moving '../../../../../../Users/Jay/Documents/GitHub/PGVR/GumshoeVR/Saved/Wall_03_SM374656144AE368FE842FA480AD3B6ACD.tmp' to '../../../../../../Users/Jay/Documents/GitHub/PGVR/GumshoeVR/Content/Apartment/Geometry/Meshes/Environment/Wall_03_SM.uasset'
[2018.02.24-20.21.00:019][849]LogSavePackage: Display: Finished SavePackage ../../../../../../Users/Jay/Documents/GitHub/PGVR/GumshoeVR/Content/Apartment/Geometry/Meshes/Environment/Wall_03_SM.uasset
[2018.02.24-20.21.00:107][849]LogWindowsTextInputMethodSystem: Display: IME system now deactivated.
[2018.02.24-20.21.00:311][850]Cmd: QUIT_EDITOR
[2018.02.24-20.21.00:354][850]LogExit: Preparing to exit.
[2018.02.24-20.21.01:479][850]LogDirectoryWatcher: A directory notification failed for 'C:/Users/Jay/Documents/GitHub/PGVR/GumshoeVR/Content/', and we were unable to create a new request.
[2018.02.24-20.21.01:496][850]PIE: UWidget::RemoveFromParent() called on 'None.Apartment:None' which has no UMG parent (if it was added directly to a native Slate widget via TakeWidget() then it must be removed explicitly rather than via RemoveFromParent())
[2018.02.24-20.21.01:497][850]PIE: UWidget::RemoveFromParent() called on 'None.Apartment:None' which has no UMG parent (if it was added directly to a native Slate widget via TakeWidget() then it must be removed explicitly rather than via RemoveFromParent())
[2018.02.24-20.21.01:546][850]LogExit: Editor shut down
[2018.02.24-20.21.01:554][850]LogExit: Transaction tracking system shut down
[2018.02.24-20.21.01:811][850]LogDirectoryWatcher: A directory notification for '../../../Engine/Content/' was aborted.
[2018.02.24-20.21.01:811][850]LogDirectoryWatcher: A directory notification for '../../../../../../Users/Jay/Documents/GitHub/PGVR/GumshoeVR/Content/' was aborted.
[2018.02.24-20.21.01:811][850]LogDirectoryWatcher: A directory notification for '../../../Engine/Plugins/2D/Paper2D/Content/' was aborted.
[2018.02.24-20.21.01:811][850]LogDirectoryWatcher: A directory notification for '../../../Engine/Plugins/Media/MediaCompositing/Content/' was aborted.
[2018.02.24-20.21.01:811][850]LogDirectoryWatcher: A directory notification for '../../../Engine/Plugins/Runtime/AppleARKit/Content/' was aborted.
[2018.02.24-20.21.01:812][850]LogDirectoryWatcher: A directory notification for '../../../Engine/Plugins/Runtime/Oculus/OculusVR/Content/' was aborted.
[2018.02.24-20.21.01:812][850]LogDirectoryWatcher: A directory notification for '../../../Engine/Plugins/Runtime/Steam/SteamVR/Content/' was aborted.
[2018.02.24-20.21.01:901][850]LogExit: Object subsystem successfully closed.
[2018.02.24-20.21.01:931][850]LogD3D11RHI: Shutdown
[2018.02.24-20.21.01:931][850]LogD3D11RHI: CleanupD3DDevice
[2018.02.24-20.21.01:939][850]LogD3D11RHI: ~FD3D11DynamicRHI
[2018.02.24-20.21.01:980][850]LogModuleManager: Shutting down and abandoning module StaticMeshEditor (554)
[2018.02.24-20.21.01:980][850]LogModuleManager: Shutting down and abandoning module MaterialEditor (552)
[2018.02.24-20.21.01:980][850]LogModuleManager: Shutting down and abandoning module HierarchicalLODOutliner (550)
[2018.02.24-20.21.01:980][850]LogModuleManager: Shutting down and abandoning module DesktopPlatform (548)
[2018.02.24-20.21.01:980][850]LogModuleManager: Shutting down and abandoning module SceneOutliner (546)
[2018.02.24-20.21.01:980][850]LogModuleManager: Shutting down and abandoning module AddContentDialog (544)
[2018.02.24-20.21.01:980][850]LogDirectoryWatcher: A directory notification for 'C:/Program Files/Epic Games/UE_4.18/FeaturePacks/' was aborted.
[2018.02.24-20.21.01:981][850]LogModuleManager: Shutting down and abandoning module WidgetCarousel (543)
[2018.02.24-20.21.01:981][850]LogModuleManager: Shutting down and abandoning module EditorWidgets (540)
[2018.02.24-20.21.01:981][850]LogModuleManager: Shutting down and abandoning module CollectionManager (538)
[2018.02.24-20.21.01:981][850]LogDirectoryWatcher: A directory notification for 'C:/Users/Jay/Documents/GitHub/PGVR/GumshoeVR/Content/Collections/' was aborted.
[2018.02.24-20.21.01:982][850]LogDirectoryWatcher: A directory notification for 'C:/Users/Jay/Documents/GitHub/PGVR/GumshoeVR/Content/Developers/Jay/Collections/' was aborted.
[2018.02.24-20.21.01:982][850]LogDirectoryWatcher: A directory notification for 'C:/Users/Jay/Documents/GitHub/PGVR/GumshoeVR/Saved/Collections/' was aborted.
[2018.02.24-20.21.01:982][850]LogModuleManager: Shutting down and abandoning module StatsViewer (536)
[2018.02.24-20.21.01:982][850]LogModuleManager: Shutting down and abandoning module FoliageEdit (534)
[2018.02.24-20.21.01:982][850]LogModuleManager: Shutting down and abandoning module LandscapeEditor (532)
[2018.02.24-20.21.01:982][850]LogModuleManager: Shutting down and abandoning module MeshPaintMode (530)
[2018.02.24-20.21.01:982][850]LogModuleManager: Shutting down and abandoning module SceneDepthPickerMode (528)
[2018.02.24-20.21.01:982][850]LogModuleManager: Shutting down and abandoning module ActorPickerMode (526)
[2018.02.24-20.21.01:982][850]LogModuleManager: Shutting down and abandoning module GeometryMode (524)
[2018.02.24-20.21.01:982][850]LogModuleManager: Shutting down and abandoning module TextureAlignMode (522)
[2018.02.24-20.21.01:982][850]LogModuleManager: Shutting down and abandoning module BspMode (520)
[2018.02.24-20.21.01:982][850]LogModuleManager: Shutting down and abandoning module PIEPreviewDeviceProfileSelector (518)
[2018.02.24-20.21.01:982][850]LogModuleManager: Shutting down and abandoning module HardwareSurvey (516)
[2018.02.24-20.21.01:982][850]LogModuleManager: Shutting down and abandoning module SequenceRecorderSections (514)
[2018.02.24-20.21.01:982][850]LogModuleManager: Shutting down and abandoning module AutomationWorker (512)
[2018.02.24-20.21.01:982][850]LogModuleManager: Shutting down and abandoning module MatineeToLevelSequence (510)
[2018.02.24-20.21.01:982][850]LogModuleManager: Shutting down and abandoning module LevelSequenceEditor (508)
[2018.02.24-20.21.01:982][850]LogModuleManager: Shutting down and abandoning module PlacementMode (507)
[2018.02.24-20.21.01:982][850]LogModuleManager: Shutting down and abandoning module WmfMediaFactory (504)
[2018.02.24-20.21.01:982][850]LogModuleManager: Shutting down and abandoning module WmfMediaEditor (502)
[2018.02.24-20.21.01:982][850]LogModuleManager: Shutting down and abandoning module OpenExrWrapper (500)
[2018.02.24-20.21.01:983][850]LogModuleManager: Shutting down and abandoning module ImgMediaFactory (498)
[2018.02.24-20.21.01:983][850]LogModuleManager: Shutting down and abandoning module ImgMediaEditor (496)
[2018.02.24-20.21.01:983][850]LogModuleManager: Shutting down and abandoning module AvfMediaFactory (494)
[2018.02.24-20.21.01:983][850]LogModuleManager: Shutting down and abandoning module AvfMediaEditor (492)
[2018.02.24-20.21.01:983][850]LogModuleManager: Shutting down and abandoning module AndroidMediaFactory (490)
[2018.02.24-20.21.01:983][850]LogModuleManager: Shutting down and abandoning module AndroidMediaEditor (488)
[2018.02.24-20.21.01:983][850]LogModuleManager: Shutting down and abandoning module CharacterAI (486)
[2018.02.24-20.21.01:983][850]LogModuleManager: Shutting down and abandoning module AudioCapture (484)
[2018.02.24-20.21.01:983][850]LogModuleManager: Shutting down and abandoning module SequenceRecorder (483)
[2018.02.24-20.21.01:983][850]LogModuleManager: Shutting down and abandoning module SmartSnapping (480)
[2018.02.24-20.21.01:983][850]LogModuleManager: Shutting down and abandoning module SessionServices (478)
[2018.02.24-20.21.01:983][850]LogModuleManager: Shutting down and abandoning module ViewportSnapping (476)
[2018.02.24-20.21.01:983][850]LogModuleManager: Shutting down and abandoning module ViewportInteraction (474)
[2018.02.24-20.21.01:983][850]LogModuleManager: Shutting down and abandoning module ClothPainter (472)
[2018.02.24-20.21.01:983][850]LogModuleManager: Shutting down and abandoning module SkeletalMeshEditor (471)
[2018.02.24-20.21.01:983][850]LogModuleManager: Shutting down and abandoning module LogVisualizer (468)
[2018.02.24-20.21.01:983][850]LogModuleManager: Shutting down and abandoning module IntroTutorials (466)
[2018.02.24-20.21.01:983][850]LogModuleManager: Shutting down and abandoning module GameProjectGeneration (465)
[2018.02.24-20.21.01:983][850]LogModuleManager: Shutting down and abandoning module IOSPlatformEditor (462)
[2018.02.24-20.21.01:983][850]LogModuleManager: Shutting down and abandoning module HTML5PlatformEditor (460)
[2018.02.24-20.21.01:983][850]LogModuleManager: Shutting down and abandoning module AndroidPlatformEditor (458)
[2018.02.24-20.21.01:983][850]LogModuleManager: Shutting down and abandoning module AndroidDeviceDetection (457)
[2018.02.24-20.21.02:968][850]LogModuleManager: Shutting down and abandoning module WindowsPlatformEditor (454)
[2018.02.24-20.21.02:968][850]LogModuleManager: Shutting down and abandoning module IOSRuntimeSettings (452)
[2018.02.24-20.21.02:968][850]LogModuleManager: Shutting down and abandoning module AndroidRuntimeSettings (450)
[2018.02.24-20.21.02:968][850]LogModuleManager: Shutting down and abandoning module InputBindingEditor (448)
[2018.02.24-20.21.02:968][850]LogModuleManager: Shutting down and abandoning module MergeActors (446)
[2018.02.24-20.21.02:968][850]LogModuleManager: Shutting down and abandoning module SizeMap (444)
[2018.02.24-20.21.02:968][850]LogModuleManager: Shutting down and abandoning module TreeMap (442)
[2018.02.24-20.21.02:968][850]LogModuleManager: Shutting down and abandoning module ReferenceViewer (440)
[2018.02.24-20.21.02:968][850]LogModuleManager: Shutting down and abandoning module LocalizationDashboard (438)
[2018.02.24-20.21.02:968][850]LogModuleManager: Shutting down and abandoning module LocalizationService (437)
[2018.02.24-20.21.02:968][850]LogModuleManager: Shutting down and abandoning module HardwareTargeting (434)
[2018.02.24-20.21.02:968][850]LogModuleManager: Shutting down and abandoning module DeviceProfileEditor (432)
[2018.02.24-20.21.02:968][850]LogModuleManager: Shutting down and abandoning module UndoHistory (430)
[2018.02.24-20.21.02:968][850]LogModuleManager: Shutting down and abandoning module XmlParser (428)
[2018.02.24-20.21.02:968][850]LogModuleManager: Shutting down and abandoning module Blutility (426)
[2018.02.24-20.21.02:968][850]LogModuleManager: Shutting down and abandoning module ProjectSettingsViewer (424)
[2018.02.24-20.21.02:968][850]LogModuleManager: Shutting down and abandoning module ProjectTargetPlatformEditor (423)
[2018.02.24-20.21.02:969][850]LogModuleManager: Shutting down and abandoning module EditorSettingsViewer (420)
[2018.02.24-20.21.02:969][850]LogModuleManager: Shutting down and abandoning module SettingsEditor (418)
[2018.02.24-20.21.02:969][850]LogModuleManager: Shutting down and abandoning module ProjectLauncher (416)
[2018.02.24-20.21.02:969][850]LogModuleManager: Shutting down and abandoning module SessionFrontend (414)
[2018.02.24-20.21.02:969][850]LogModuleManager: Shutting down and abandoning module ProfilerClient (412)
[2018.02.24-20.21.02:969][850]LogModuleManager: Shutting down and abandoning module DeviceManager (410)
[2018.02.24-20.21.02:969][850]LogModuleManager: Shutting down and abandoning module TargetDeviceServices (409)
[2018.02.24-20.21.03:032][850]LogModuleManager: Shutting down and abandoning module AutomationController (406)
[2018.02.24-20.21.03:032][850]LogModuleManager: Shutting down and abandoning module AutomationWindow (404)
[2018.02.24-20.21.03:032][850]LogModuleManager: Shutting down and abandoning module Layers (402)
[2018.02.24-20.21.03:032][850]LogModuleManager: Shutting down and abandoning module ComponentVisualizers (400)
[2018.02.24-20.21.03:032][850]LogModuleManager: Shutting down and abandoning module DetailCustomizations (398)
[2018.02.24-20.21.03:032][850]LogModuleManager: Shutting down and abandoning module PackagesDialog (396)
[2018.02.24-20.21.03:033][850]LogModuleManager: Shutting down and abandoning module Persona (394)
[2018.02.24-20.21.03:033][850]LogModuleManager: Shutting down and abandoning module AdvancedPreviewScene (393)
[2018.02.24-20.21.03:033][850]LogModuleManager: Shutting down and abandoning module AnimGraph (391)
[2018.02.24-20.21.03:033][850]LogModuleManager: Shutting down and abandoning module Kismet (388)
[2018.02.24-20.21.03:035][850]LogModuleManager: Shutting down and abandoning module ClassViewer (386)
[2018.02.24-20.21.03:035][850]LogModuleManager: Shutting down and abandoning module Toolbox (384)
[2018.02.24-20.21.03:035][850]LogModuleManager: Shutting down and abandoning module ModuleUI (382)
[2018.02.24-20.21.03:035][850]LogModuleManager: Shutting down and abandoning module MovieSceneTools (380)
[2018.02.24-20.21.03:035][850]LogModuleManager: Shutting down and abandoning module OutputLog (378)
[2018.02.24-20.21.03:035][850]LogModuleManager: Shutting down and abandoning module GammaUI (376)
[2018.02.24-20.21.03:035][850]LogModuleManager: Shutting down and abandoning module Documentation (374)
[2018.02.24-20.21.03:035][850]LogModuleManager: Shutting down and abandoning module MovieSceneTracks (372)
[2018.02.24-20.21.03:035][850]LogModuleManager: Shutting down and abandoning module MovieScene (370)
[2018.02.24-20.21.03:035][850]LogModuleManager: Shutting down and abandoning module StreamingPauseRendering (368)
[2018.02.24-20.21.03:035][850]LogModuleManager: Shutting down and abandoning module LauncherPlatform (366)
[2018.02.24-20.21.03:035][850]LogModuleManager: Shutting down and abandoning module AnalyticsET (364)
[2018.02.24-20.21.03:035][850]LogModuleManager: Shutting down and abandoning module PortalServices (362)
[2018.02.24-20.21.03:035][850]LogModuleManager: Shutting down and abandoning module PortalRpc (360)
[2018.02.24-20.21.03:035][850]LogModuleManager: Shutting down and abandoning module MessagingRpc (358)
[2018.02.24-20.21.03:035][850]LogModuleManager: Shutting down and abandoning module AIModule (356)
[2018.02.24-20.21.03:035][850]LogModuleManager: Shutting down and abandoning module GameplayDebugger (355)
[2018.02.24-20.21.03:035][850]LogModuleManager: Shutting down and abandoning module AITestSuite (353)
[2018.02.24-20.21.03:035][850]LogModuleManager: Shutting down and abandoning module ProfilerService (350)
[2018.02.24-20.21.03:263][850]LogModuleManager: Shutting down and abandoning module TaskGraph (348)
[2018.02.24-20.21.03:263][850]LogModuleManager: Shutting down and abandoning module SteamVRController (346)
[2018.02.24-20.21.03:263][850]LogModuleManager: Shutting down and abandoning module ProceduralMeshComponentEditor (344)
[2018.02.24-20.21.03:263][850]LogModuleManager: Shutting down and abandoning module ProceduralMeshComponent (342)
[2018.02.24-20.21.03:263][850]LogModuleManager: Shutting down and abandoning module OculusInput (340)
[2018.02.24-20.21.03:263][850]LogModuleManager: Shutting down and abandoning module MobilePatchingUtils (338)
[2018.02.24-20.21.03:263][850]LogModuleManager: Shutting down and abandoning module CustomMeshComponent (336)
[2018.02.24-20.21.03:263][850]LogModuleManager: Shutting down and abandoning module CableComponent (334)
[2018.02.24-20.21.03:263][850]LogModuleManager: Shutting down and abandoning module ArchVisCharacter (332)
[2018.02.24-20.21.03:263][850]LogModuleManager: Shutting down and abandoning module AndroidPermission (330)
[2018.02.24-20.21.03:263][850]LogModuleManager: Shutting down and abandoning module ActorSequence (326)
[2018.02.24-20.21.03:263][850]LogModuleManager: Shutting down and abandoning module MediaPlayerEditor (324)
[2018.02.24-20.21.03:263][850]LogModuleManager: Shutting down and abandoning module MediaCompositingEditor (322)
[2018.02.24-20.21.03:263][850]LogModuleManager: Shutting down and abandoning module MediaCompositing (320)
[2018.02.24-20.21.03:263][850]LogModuleManager: Shutting down and abandoning module HTML5Networking (318)
[2018.02.24-20.21.03:263][850]LogModuleManager: Shutting down and abandoning module AlembicImporter (316)
[2018.02.24-20.21.03:263][850]LogModuleManager: Shutting down and abandoning module AlembicLibrary (315)
[2018.02.24-20.21.03:263][850]LogModuleManager: Shutting down and abandoning module GeometryCache (314)
[2018.02.24-20.21.03:263][850]LogModuleManager: Shutting down and abandoning module GeometryCacheEd (313)
[2018.02.24-20.21.03:263][850]LogModuleManager: Shutting down and abandoning module SpeedTreeImporter (308)
[2018.02.24-20.21.03:263][850]LogModuleManager: Shutting down and abandoning module PluginBrowser (306)
[2018.02.24-20.21.03:263][850]LogModuleManager: Shutting down and abandoning module MobileLauncherProfileWizard (304)
[2018.02.24-20.21.03:263][850]LogModuleManager: Shutting down and abandoning module VisualStudioSourceCodeAccess (302)
[2018.02.24-20.21.03:263][850]LogModuleManager: Shutting down and abandoning module VisualStudioCodeSourceCodeAccess (300)
[2018.02.24-20.21.03:263][850]LogModuleManager: Shutting down and abandoning module UObjectPlugin (298)
[2018.02.24-20.21.03:263][850]LogModuleManager: Shutting down and abandoning module SubversionSourceControl (296)
[2018.02.24-20.21.03:264][850]LogModuleManager: Shutting down and abandoning module PerforceSourceControl (294)
[2018.02.24-20.21.03:264][850]LogModuleManager: Shutting down and abandoning module GitSourceControl (292)
[2018.02.24-20.21.03:264][850]LogModuleManager: Shutting down and abandoning module SourceControl (291)
[2018.02.24-20.21.03:264][850]LogModuleManager: Shutting down and abandoning module LightPropagationVolumeEditor (288)
[2018.02.24-20.21.03:264][850]LogModuleManager: Shutting down and abandoning module PaperTiledImporter (286)
[2018.02.24-20.21.03:264][850]LogModuleManager: Shutting down and abandoning module PaperSpriteSheetImporter (284)
[2018.02.24-20.21.03:264][850]LogModuleManager: Shutting down and abandoning module Paper2DEditor (282)
[2018.02.24-20.21.03:264][850]LogModuleManager: Shutting down and abandoning module MeshPaint (281)
[2018.02.24-20.21.03:264][850]LogModuleManager: Shutting down and abandoning module LevelEditor (279)
[2018.02.24-20.21.03:265][850]LogModuleManager: Shutting down and abandoning module PixelInspectorModule (278)
[2018.02.24-20.21.03:265][850]LogModuleManager: Shutting down and abandoning module MainFrame (276)
[2018.02.24-20.21.03:265][850]LogModuleManager: Shutting down and abandoning module HotReload (275)
[2018.02.24-20.21.03:265][850]LogDirectoryWatcher: A directory notification for 'C:/Users/Jay/Documents/GitHub/PGVR/GumshoeVR/Binaries/Win64' was aborted.
[2018.02.24-20.21.03:266][850]LogModuleManager: Shutting down and abandoning module VRProj (270)
[2018.02.24-20.21.03:266][850]LogModuleManager: Shutting down and abandoning module RuntimePhysXCooking (268)
[2018.02.24-20.21.03:266][850]LogModuleManager: Shutting down and abandoning module PhysXVehiclesEditor (266)
[2018.02.24-20.21.03:266][850]LogModuleManager: Shutting down and abandoning module PhysXVehicles (264)
[2018.02.24-20.21.03:266][850]LogModuleManager: Shutting down and abandoning module OculusEditor (262)
[2018.02.24-20.21.03:266][850]LogModuleManager: Shutting down and abandoning module LocationServicesBPLibrary (260)
[2018.02.24-20.21.03:266][850]LogModuleManager: Shutting down and abandoning module ImmediatePhysicsEditor (258)
[2018.02.24-20.21.03:266][850]LogModuleManager: Shutting down and abandoning module ImmediatePhysics (256)
[2018.02.24-20.21.03:266][850]LogModuleManager: Shutting down and abandoning module UdpMessaging (254)
[2018.02.24-20.21.03:366][850]LogModuleManager: Shutting down and abandoning module TcpMessaging (252)
[2018.02.24-20.21.03:467][850]LogModuleManager: Shutting down and abandoning module GameplayTagsEditor (250)
[2018.02.24-20.21.03:467][850]LogModuleManager: Shutting down and abandoning module FacialAnimationEditor (248)
[2018.02.24-20.21.03:467][850]LogModuleManager: Shutting down and abandoning module FacialAnimation (246)
[2018.02.24-20.21.03:467][850]LogModuleManager: Shutting down and abandoning module AssetManagerEditor (244)
[2018.02.24-20.21.03:467][850]LogModuleManager: Shutting down and abandoning module GraphEditor (243)
[2018.02.24-20.21.03:467][850]LogModuleManager: Shutting down and abandoning module ContentBrowser (241)
[2018.02.24-20.21.03:469][850]LogModuleManager: Shutting down and abandoning module LightPropagationVolumeRuntime (238)
[2018.02.24-20.21.03:469][850]LogModuleManager: Shutting down and abandoning module Paper2D (236)
[2018.02.24-20.21.03:469][850]LogModuleManager: Shutting down and abandoning module WindowsMoviePlayer (234)
[2018.02.24-20.21.03:469][850]LogModuleManager: Shutting down and abandoning module WmfMedia (232)
[2018.02.24-20.21.03:472][850]LogModuleManager: Shutting down and abandoning module ImgMedia (230)
[2018.02.24-20.21.03:472][850]LogModuleManager: Shutting down and abandoning module PacketHandler (228)
[2018.02.24-20.21.03:472][850]LogModuleManager: Shutting down and abandoning module ClothingSystemEditor (226)
[2018.02.24-20.21.03:472][850]LogModuleManager: Shutting down and abandoning module ClothingSystemRuntime (224)
[2018.02.24-20.21.03:472][850]LogModuleManager: Shutting down and abandoning module MediaAssets (222)
[2018.02.24-20.21.03:472][850]LogModuleManager: Shutting down and abandoning module Media (221)
[2018.02.24-20.21.03:478][850]LogModuleManager: Shutting down and abandoning module Overlay (218)
[2018.02.24-20.21.03:478][850]LogModuleManager: Shutting down and abandoning module OverlayEditor (217)
[2018.02.24-20.21.03:478][850]LogModuleManager: Shutting down and abandoning module VREditor (214)
[2018.02.24-20.21.03:478][850]LogModuleManager: Shutting down and abandoning module StringTableEditor (212)
[2018.02.24-20.21.03:478][850]LogModuleManager: Shutting down and abandoning module GameplayTasksEditor (210)
[2018.02.24-20.21.03:478][850]LogModuleManager: Shutting down and abandoning module BehaviorTreeEditor (208)
[2018.02.24-20.21.03:478][850]LogModuleManager: Shutting down and abandoning module FunctionalTesting (206)
[2018.02.24-20.21.03:478][850]LogModuleManager: Shutting down and abandoning module CollisionAnalyzer (204)
[2018.02.24-20.21.03:478][850]LogModuleManager: Shutting down and abandoning module WorkspaceMenuStructure (203)
[2018.02.24-20.21.03:478][850]LogModuleManager: Shutting down and abandoning module UMG (200)
[2018.02.24-20.21.03:478][850]LogModuleManager: Shutting down and abandoning module UMGEditor (199)
[2018.02.24-20.21.03:478][850]LogModuleManager: Shutting down and abandoning module Sequencer (198)
[2018.02.24-20.21.03:479][850]LogModuleManager: Shutting down and abandoning module MessageLog (195)
[2018.02.24-20.21.03:479][850]LogModuleManager: Shutting down and abandoning module SlateReflector (190)
[2018.02.24-20.21.03:479][850]LogModuleManager: Shutting down and abandoning module Slate (188)
[2018.02.24-20.21.03:479][850]LogModuleManager: Shutting down and abandoning module EditorStyle (186)
[2018.02.24-20.21.03:482][850]LogModuleManager: Shutting down and abandoning module MRMesh (184)
[2018.02.24-20.21.03:482][850]LogModuleManager: Shutting down and abandoning module SourceCodeAccess (182)
[2018.02.24-20.21.03:482][850]LogModuleManager: Shutting down and abandoning module HeadMountedDisplay (180)
[2018.02.24-20.21.03:482][850]LogModuleManager: Shutting down and abandoning module XAudio2 (178)
[2018.02.24-20.21.03:482][850]LogModuleManager: Shutting down and abandoning module Networking (176)
[2018.02.24-20.21.03:482][850]LogModuleManager: Shutting down and abandoning module Core (172)
[2018.02.24-20.21.03:483][850]LogModuleManager: Shutting down and abandoning module LevelSequence (168)
[2018.02.24-20.21.03:483][850]LogModuleManager: Shutting down and abandoning module DirectoryWatcher (166)
[2018.02.24-20.21.03:484][850]LogModuleManager: Shutting down and abandoning module KismetCompiler (164)
[2018.02.24-20.21.03:484][850]LogModuleManager: Shutting down and abandoning module MeshUtilities (162)
[2018.02.24-20.21.03:484][850]LogModuleManager: Shutting down and abandoning module MeshMergeUtilities (161)
[2018.02.24-20.21.03:484][850]LogModuleManager: Shutting down and abandoning module MeshReductionInterface (160)
[2018.02.24-20.21.03:484][850]LogModuleManager: Shutting down and abandoning module SimplygonSwarm (159)
[2018.02.24-20.21.03:484][850]LogModuleManager: Shutting down and abandoning module SimplygonMeshReduction (157)
[2018.02.24-20.21.03:484][850]LogModuleManager: Shutting down and abandoning module QuadricMeshReduction (155)
[2018.02.24-20.21.03:484][850]LogModuleManager: Shutting down and abandoning module MaterialBaking (151)
[2018.02.24-20.21.03:484][850]LogModuleManager: Shutting down and abandoning module DerivedDataCache (148)
[2018.02.24-20.21.03:489][850]LogDerivedDataCache: Shutdown
[2018.02.24-20.21.03:489][850]LogModuleManager: Shutting down and abandoning module TargetPlatform (146)
[2018.02.24-20.21.03:489][850]LogModuleManager: Shutting down and abandoning module VulkanShaderFormat (145)
[2018.02.24-20.21.03:489][850]LogModuleManager: Shutting down and abandoning module ShaderFormatVectorVM (143)
[2018.02.24-20.21.03:489][850]LogModuleManager: Shutting down and abandoning module ShaderFormatOpenGL (141)
[2018.02.24-20.21.03:489][850]LogModuleManager: Shutting down and abandoning module ShaderFormatD3D (139)
[2018.02.24-20.21.03:489][850]LogModuleManager: Shutting down and abandoning module MetalShaderFormat (137)
[2018.02.24-20.21.03:489][850]LogModuleManager: Shutting down and abandoning module TextureFormatUncompressed (135)
[2018.02.24-20.21.03:489][850]LogModuleManager: Shutting down and abandoning module TextureFormatPVR (133)
[2018.02.24-20.21.03:489][850]LogModuleManager: Shutting down and abandoning module TextureFormatDXT (131)
[2018.02.24-20.21.03:489][850]LogModuleManager: Shutting down and abandoning module TextureFormatIntelISPCTexComp (129)
[2018.02.24-20.21.03:489][850]LogModuleManager: Shutting down and abandoning module TextureFormatASTC (127)
[2018.02.24-20.21.03:489][850]LogModuleManager: Shutting down and abandoning module ImageWrapper (126)
[2018.02.24-20.21.03:489][850]LogModuleManager: Shutting down and abandoning module TextureFormatAndroid (123)
[2018.02.24-20.21.03:489][850]LogModuleManager: Shutting down and abandoning module AudioFormatOpus (121)
[2018.02.24-20.21.03:489][850]LogModuleManager: Shutting down and abandoning module AudioFormatOgg (119)
[2018.02.24-20.21.03:489][850]LogModuleManager: Shutting down and abandoning module AudioFormatADPCM (117)
[2018.02.24-20.21.03:489][850]LogModuleManager: Shutting down and abandoning module LinuxTargetPlatform (115)
[2018.02.24-20.21.03:489][850]LogModuleManager: Shutting down and abandoning module LinuxServerTargetPlatform (113)
[2018.02.24-20.21.03:489][850]LogModuleManager: Shutting down and abandoning module LinuxNoEditorTargetPlatform (111)
[2018.02.24-20.21.03:489][850]LogModuleManager: Shutting down and abandoning module LinuxClientTargetPlatform (109)
[2018.02.24-20.21.03:489][850]LogModuleManager: Shutting down and abandoning module TVOSTargetPlatform (107)
[2018.02.24-20.21.03:489][850]LogModuleManager: Shutting down and abandoning module Messaging (105)
[2018.02.24-20.21.03:489][850]LogModuleManager: Shutting down and abandoning module IOSTargetPlatform (103)
[2018.02.24-20.21.03:489][850]LogModuleManager: Shutting down and abandoning module HTML5TargetPlatform (101)
[2018.02.24-20.21.03:490][850]LogModuleManager: Shutting down and abandoning module AndroidTargetPlatform (99)
[2018.02.24-20.21.03:490][850]LogModuleManager: Shutting down and abandoning module Android_PVRTCTargetPlatform (97)
[2018.02.24-20.21.03:490][850]LogModuleManager: Shutting down and abandoning module Android_MultiTargetPlatform (95)
[2018.02.24-20.21.03:490][850]LogModuleManager: Shutting down and abandoning module Android_ETC2TargetPlatform (93)
[2018.02.24-20.21.03:490][850]LogModuleManager: Shutting down and abandoning module Android_ETC1TargetPlatform (91)
[2018.02.24-20.21.03:490][850]LogModuleManager: Shutting down and abandoning module Android_DXTTargetPlatform (89)
[2018.02.24-20.21.03:490][850]LogModuleManager: Shutting down and abandoning module Android_ATCTargetPlatform (87)
[2018.02.24-20.21.03:490][850]LogModuleManager: Shutting down and abandoning module Android_ASTCTargetPlatform (85)
[2018.02.24-20.21.03:490][850]LogModuleManager: Shutting down and abandoning module WindowsTargetPlatform (83)
[2018.02.24-20.21.03:490][850]LogModuleManager: Shutting down and abandoning module WindowsServerTargetPlatform (81)
[2018.02.24-20.21.03:490][850]LogModuleManager: Shutting down and abandoning module WindowsNoEditorTargetPlatform (79)
[2018.02.24-20.21.03:490][850]LogModuleManager: Shutting down and abandoning module WindowsClientTargetPlatform (77)
[2018.02.24-20.21.03:490][850]LogModuleManager: Shutting down and abandoning module MacTargetPlatform (75)
[2018.02.24-20.21.03:490][850]LogModuleManager: Shutting down and abandoning module MacServerTargetPlatform (73)
[2018.02.24-20.21.03:490][850]LogModuleManager: Shutting down and abandoning module MacNoEditorTargetPlatform (71)
[2018.02.24-20.21.03:490][850]LogModuleManager: Shutting down and abandoning module MacClientTargetPlatform (69)
[2018.02.24-20.21.03:490][850]LogModuleManager: Shutting down and abandoning module AllDesktopTargetPlatform (67)
[2018.02.24-20.21.03:490][850]LogModuleManager: Shutting down and abandoning module InputCore (64)
[2018.02.24-20.21.03:490][850]LogModuleManager: Shutting down and abandoning module Settings (62)
[2018.02.24-20.21.03:490][850]LogModuleManager: Shutting down and abandoning module PhysXCooking (60)
[2018.02.24-20.21.03:490][850]LogModuleManager: Shutting down and abandoning module SteamVR (58)
[2018.02.24-20.21.03:490][850]LogModuleManager: Shutting down and abandoning module OculusHMD (56)
[2018.02.24-20.21.03:490][850]LogModuleManager: Shutting down and abandoning module ExampleDeviceProfileSelector (54)
[2018.02.24-20.21.03:490][850]LogModuleManager: Shutting down and abandoning module AppleARKit (52)
[2018.02.24-20.21.03:490][850]LogModuleManager: Shutting down and abandoning module AugmentedReality (51)
[2018.02.24-20.21.03:490][850]LogModuleManager: Shutting down and abandoning module OnlineBlueprintSupport (48)
[2018.02.24-20.21.03:490][850]LogModuleManager: Shutting down and abandoning module OnlineSubsystem (44)
[2018.02.24-20.21.03:490][850]LogModuleManager: Shutting down and abandoning module XMPP (43)
[2018.02.24-20.21.03:490][850]LogModuleManager: Shutting down and abandoning module HTTP (41)
[2018.02.24-20.21.03:490][850]LogHttp: Display: Http module shutting down, but needs to wait on 1 outstanding Http requests:
[2018.02.24-20.21.03:490][850]LogHttp: Display: 	verb=[POST] url=[https://datarouter.ol.epicgames.com/datarouter/api/v1/public/data?SessionID=%7BE2F64C1B-4BE8-5A9B-07C2-FA90B248DD08%7D&AppID=UEEditor.Rocket.Release&AppVersion=4.18.3-3832480%2B%2B%2BUE4%2BRelease-4.18&UserID=fb7a58584e9549e57da4909b90fc9f63%7Cbc4818cd7cc64eae8d8bf071c3f7fdfa%7Cde23452b-eaa2-4c94-87c5-5110acc35c66&AppEnvironment=datacollector-binary&UploadType=eteventstream] status=Processing
[2018.02.24-20.21.03:518][850]LogModuleManager: Shutting down and abandoning module SSL (40)
[2018.02.24-20.21.03:520][850]LogModuleManager: Shutting down and abandoning module AnimationModifiers (36)
[2018.02.24-20.21.03:520][850]LogModuleManager: Shutting down and abandoning module PropertyEditor (35)
[2018.02.24-20.21.03:520][850]LogModuleManager: Shutting down and abandoning module AudioEditor (32)
[2018.02.24-20.21.03:520][850]LogModuleManager: Shutting down and abandoning module TextureCompressor (30)
[2018.02.24-20.21.03:520][850]LogModuleManager: Shutting down and abandoning module ShaderCore (28)
[2018.02.24-20.21.03:520][850]LogModuleManager: Shutting down and abandoning module Landscape (26)
[2018.02.24-20.21.03:520][850]LogModuleManager: Shutting down and abandoning module SlateRHIRenderer (24)
[2018.02.24-20.21.03:521][850]LogModuleManager: Shutting down and abandoning module OpenGLDrv (22)
[2018.02.24-20.21.03:522][850]LogModuleManager: Shutting down and abandoning module D3D11RHI (20)
[2018.02.24-20.21.03:522][850]LogModuleManager: Shutting down and abandoning module AnimGraphRuntime (18)
[2018.02.24-20.21.03:522][850]LogModuleManager: Shutting down and abandoning module Renderer (16)
[2018.02.24-20.21.03:522][850]LogModuleManager: Shutting down and abandoning module Engine (14)
[2018.02.24-20.21.03:522][850]LogModuleManager: Shutting down and abandoning module CoreUObject (12)
[2018.02.24-20.21.03:522][850]LogModuleManager: Shutting down and abandoning module NetworkFile (10)
[2018.02.24-20.21.03:522][850]LogModuleManager: Shutting down and abandoning module CookedIterativeFile (8)
[2018.02.24-20.21.03:522][850]LogModuleManager: Shutting down and abandoning module StreamingFile (6)
[2018.02.24-20.21.03:522][850]LogModuleManager: Shutting down and abandoning module SandboxFile (4)
[2018.02.24-20.21.03:522][850]LogModuleManager: Shutting down and abandoning module PakFile (2)
[2018.02.24-20.21.03:526][850]LogExit: Exiting.
[2018.02.24-20.21.03:542][850]Log file closed, 02/24/18 20:21:03
