Log file open, 02/22/18 11:57:58
LogWindows: Failed to load 'aqProf.dll' (GetLastError=126)
LogWindows: File 'aqProf.dll' does not exist
LogWindows: Failed to load 'VtuneApi.dll' (GetLastError=126)
LogWindows: File 'VtuneApi.dll' does not exist
LogWindows: Failed to load 'VtuneApi32e.dll' (GetLastError=126)
LogWindows: File 'VtuneApi32e.dll' does not exist
LogInit: Display: Running engine for game: VRProj
LogPlatformFile: Not using cached read wrapper
LogInit: Display: RandInit(562248004) SRandInit(562248004).
LogInit: Read version file with build ID '3709383'
LogInit: Overriding engine version to CL 3832480, compatible CL 3709383
LogInit: Registered custom module enumerator with build ID '3709383'
LogTaskGraph: Started task graph with 5 named threads and 14 total threads with 3 sets of task threads.
LogStats: Stats thread started at 0.170582
LogD3D11RHI: Aftermath initialized
LogPluginManager: Mounting plugin Paper2D
LogPluginManager: Mounting plugin LightPropagationVolume
LogPluginManager: Mounting plugin CodeLiteSourceCodeAccess
LogPluginManager: Mounting plugin GitSourceControl
LogPluginManager: Mounting plugin KDevelopSourceCodeAccess
LogPluginManager: Mounting plugin NullSourceCodeAccess
LogPluginManager: Mounting plugin PerforceSourceControl
LogPluginManager: Mounting plugin SubversionSourceControl
LogPluginManager: Mounting plugin UObjectPlugin
LogPluginManager: Mounting plugin VisualStudioCodeSourceCodeAccess
LogPluginManager: Mounting plugin VisualStudioSourceCodeAccess
LogPluginManager: Mounting plugin XCodeSourceCodeAccess
LogPluginManager: Mounting plugin AssetManagerEditor
LogPluginManager: Mounting plugin AudioCapture
LogPluginManager: Mounting plugin FacialAnimation
LogPluginManager: Mounting plugin GameplayTagsEditor
LogPluginManager: Mounting plugin MobileLauncherProfileWizard
LogPluginManager: Mounting plugin PluginBrowser
LogPluginManager: Mounting plugin SpeedTreeImporter
LogPluginManager: Mounting plugin AlembicImporter
LogPluginManager: Mounting plugin CharacterAI
LogPluginManager: Mounting plugin HTML5Networking
LogPluginManager: Mounting plugin AndroidMedia
LogPluginManager: Mounting plugin AvfMedia
LogPluginManager: Mounting plugin ImgMedia
LogPluginManager: Mounting plugin MediaCompositing
LogPluginManager: Mounting plugin MediaPlayerEditor
LogPluginManager: Mounting plugin WmfMedia
LogPluginManager: Mounting plugin TcpMessaging
LogPluginManager: Mounting plugin UdpMessaging
LogPluginManager: Mounting plugin ActorSequence
LogPluginManager: Mounting plugin LevelSequenceEditor
LogPluginManager: Mounting plugin MatineeToLevelSequence
LogPluginManager: Mounting plugin OnlineSubsystemGooglePlay
LogPluginManager: Mounting plugin OnlineSubsystemIOS
LogPluginManager: Mounting plugin OnlineSubsystem
LogPluginManager: Mounting plugin OnlineSubsystemNull
LogPluginManager: Mounting plugin OnlineSubsystemUtils
LogPluginManager: Mounting plugin AndroidDeviceProfileSelector
LogPluginManager: Mounting plugin AndroidMoviePlayer
LogPluginManager: Mounting plugin AndroidPermission
LogPluginManager: Mounting plugin AppleARKit
LogPluginManager: Mounting plugin AppleMoviePlayer
LogPluginManager: Mounting plugin ArchVisCharacter
LogPluginManager: Mounting plugin CableComponent
LogPluginManager: Mounting plugin CustomMeshComponent
LogPluginManager: Mounting plugin ExampleDeviceProfileSelector
LogPluginManager: Mounting plugin GoogleCloudMessaging
LogPluginManager: Mounting plugin ImmediatePhysics
LogPluginManager: Mounting plugin IOSDeviceProfileSelector
LogPluginManager: Mounting plugin LinuxDeviceProfileSelector
LogPluginManager: Mounting plugin LocationServicesBPLibrary
LogPluginManager: Mounting plugin MobilePatchingUtils
LogPluginManager: Mounting plugin OculusVR
LogPluginManager: Plugin shader directory ../../../Engine/Plugins/Runtime/Oculus/OculusVR/Shaders found
LogPluginManager: Mapping shader source directory ../../../Engine/Plugins/Runtime/Oculus/OculusVR/Shaders to virtual directory /Plugin/OculusVR
LogPluginManager: Mounting plugin PhysXVehicles
LogPluginManager: Mounting plugin ProceduralMeshComponent
LogPluginManager: Mounting plugin RuntimePhysXCooking
LogPluginManager: Mounting plugin SteamVR
LogPluginManager: Mounting plugin WindowsMoviePlayer
LogModuleManager: Display: Found up-to-date module file C:/Users/Andrew/Documents/PGVR/GumshoeVR/Binaries/Win64/UE4Editor-VRProj.dll (API version 3709383).
LogModuleManager: Display: Found up-to-date module file ../../../Engine/Plugins/2D/Paper2D/Binaries/Win64/UE4Editor-Paper2D.dll (API version 3709383).
LogModuleManager: Display: Found up-to-date module file ../../../Engine/Plugins/2D/Paper2D/Binaries/Win64/UE4Editor-Paper2DEditor.dll (API version 3709383).
LogModuleManager: Display: Found up-to-date module file ../../../Engine/Plugins/2D/Paper2D/Binaries/Win64/UE4Editor-PaperSpriteSheetImporter.dll (API version 3709383).
LogModuleManager: Display: Found up-to-date module file ../../../Engine/Plugins/2D/Paper2D/Binaries/Win64/UE4Editor-PaperTiledImporter.dll (API version 3709383).
LogModuleManager: Display: Found up-to-date module file ../../../Engine/Plugins/2D/Paper2D/Binaries/Win64/UE4Editor-SmartSnapping.dll (API version 3709383).
LogModuleManager: Display: Found up-to-date module file ../../../Engine/Plugins/Blendables/LightPropagationVolume/Binaries/Win64/UE4Editor-LightPropagationVolumeRuntime.dll (API version 3709383).
LogModuleManager: Display: Found up-to-date module file ../../../Engine/Plugins/Blendables/LightPropagationVolume/Binaries/Win64/UE4Editor-LightPropagationVolumeEditor.dll (API version 3709383).
LogModuleManager: Display: Found up-to-date module file ../../../Engine/Plugins/Developer/GitSourceControl/Binaries/Win64/UE4Editor-GitSourceControl.dll (API version 3709383).
LogModuleManager: Display: Found up-to-date module file ../../../Engine/Plugins/Developer/PerforceSourceControl/Binaries/Win64/UE4Editor-PerforceSourceControl.dll (API version 3709383).
LogModuleManager: Display: Found up-to-date module file ../../../Engine/Plugins/Developer/SubversionSourceControl/Binaries/Win64/UE4Editor-SubversionSourceControl.dll (API version 3709383).
LogModuleManager: Display: Found up-to-date module file ../../../Engine/Plugins/Developer/UObjectPlugin/Binaries/Win64/UE4Editor-UObjectPlugin.dll (API version 3709383).
LogModuleManager: Display: Found up-to-date module file ../../../Engine/Plugins/Developer/VisualStudioCodeSourceCodeAccess/Binaries/Win64/UE4Editor-VisualStudioCodeSourceCodeAccess.dll (API version 3709383).
LogModuleManager: Display: Found up-to-date module file ../../../Engine/Plugins/Developer/VisualStudioSourceCodeAccess/Binaries/Win64/UE4Editor-VisualStudioSourceCodeAccess.dll (API version 3709383).
LogModuleManager: Display: Found up-to-date module file ../../../Engine/Plugins/Editor/AssetManagerEditor/Binaries/Win64/UE4Editor-AssetManagerEditor.dll (API version 3709383).
LogModuleManager: Display: Found up-to-date module file ../../../Engine/Plugins/Editor/AudioCapture/Binaries/Win64/UE4Editor-AudioCapture.dll (API version 3709383).
LogModuleManager: Display: Found up-to-date module file ../../../Engine/Plugins/Editor/FacialAnimation/Binaries/Win64/UE4Editor-FacialAnimation.dll (API version 3709383).
LogModuleManager: Display: Found up-to-date module file ../../../Engine/Plugins/Editor/FacialAnimation/Binaries/Win64/UE4Editor-FacialAnimationEditor.dll (API version 3709383).
LogModuleManager: Display: Found up-to-date module file ../../../Engine/Plugins/Editor/GameplayTagsEditor/Binaries/Win64/UE4Editor-GameplayTagsEditor.dll (API version 3709383).
LogModuleManager: Display: Found up-to-date module file ../../../Engine/Plugins/Editor/MobileLauncherProfileWizard/Binaries/Win64/UE4Editor-MobileLauncherProfileWizard.dll (API version 3709383).
LogModuleManager: Display: Found up-to-date module file ../../../Engine/Plugins/Editor/PluginBrowser/Binaries/Win64/UE4Editor-PluginBrowser.dll (API version 3709383).
LogModuleManager: Display: Found up-to-date module file ../../../Engine/Plugins/Editor/SpeedTreeImporter/Binaries/Win64/UE4Editor-SpeedTreeImporter.dll (API version 3709383).
LogModuleManager: Display: Found up-to-date module file ../../../Engine/Plugins/Experimental/AlembicImporter/Binaries/Win64/UE4Editor-AlembicImporter.dll (API version 3709383).
LogModuleManager: Display: Found up-to-date module file ../../../Engine/Plugins/Experimental/AlembicImporter/Binaries/Win64/UE4Editor-AlembicLibrary.dll (API version 3709383).
LogModuleManager: Display: Found up-to-date module file ../../../Engine/Plugins/Experimental/CharacterAI/Binaries/Win64/UE4Editor-CharacterAI.dll (API version 3709383).
LogModuleManager: Display: Found up-to-date module file ../../../Engine/Plugins/Experimental/HTML5Networking/Binaries/Win64/UE4Editor-HTML5Networking.dll (API version 3709383).
LogModuleManager: Display: Found up-to-date module file ../../../Engine/Plugins/Media/AndroidMedia/Binaries/Win64/UE4Editor-AndroidMediaEditor.dll (API version 3709383).
LogModuleManager: Display: Found up-to-date module file ../../../Engine/Plugins/Media/AndroidMedia/Binaries/Win64/UE4Editor-AndroidMediaFactory.dll (API version 3709383).
LogModuleManager: Display: Found up-to-date module file ../../../Engine/Plugins/Media/AvfMedia/Binaries/Win64/UE4Editor-AvfMediaEditor.dll (API version 3709383).
LogModuleManager: Display: Found up-to-date module file ../../../Engine/Plugins/Media/AvfMedia/Binaries/Win64/UE4Editor-AvfMediaFactory.dll (API version 3709383).
LogModuleManager: Display: Found up-to-date module file ../../../Engine/Plugins/Media/AvfMedia/Binaries/Win64/UE4Editor-AvfMediaFactory.dll (API version 3709383).
LogModuleManager: Display: Found up-to-date module file ../../../Engine/Plugins/Media/ImgMedia/Binaries/Win64/UE4Editor-ImgMedia.dll (API version 3709383).
LogModuleManager: Display: Found up-to-date module file ../../../Engine/Plugins/Media/ImgMedia/Binaries/Win64/UE4Editor-ImgMediaEditor.dll (API version 3709383).
LogModuleManager: Display: Found up-to-date module file ../../../Engine/Plugins/Media/ImgMedia/Binaries/Win64/UE4Editor-ImgMediaFactory.dll (API version 3709383).
LogModuleManager: Display: Found up-to-date module file ../../../Engine/Plugins/Media/ImgMedia/Binaries/Win64/UE4Editor-ImgMediaFactory.dll (API version 3709383).
LogModuleManager: Display: Found up-to-date module file ../../../Engine/Plugins/Media/ImgMedia/Binaries/Win64/UE4Editor-OpenExrWrapper.dll (API version 3709383).
LogModuleManager: Display: Found up-to-date module file ../../../Engine/Plugins/Media/MediaCompositing/Binaries/Win64/UE4Editor-MediaCompositing.dll (API version 3709383).
LogModuleManager: Display: Found up-to-date module file ../../../Engine/Plugins/Media/MediaCompositing/Binaries/Win64/UE4Editor-MediaCompositingEditor.dll (API version 3709383).
LogModuleManager: Display: Found up-to-date module file ../../../Engine/Plugins/Media/MediaPlayerEditor/Binaries/Win64/UE4Editor-MediaPlayerEditor.dll (API version 3709383).
LogModuleManager: Display: Found up-to-date module file ../../../Engine/Plugins/Media/WmfMedia/Binaries/Win64/UE4Editor-WmfMedia.dll (API version 3709383).
LogModuleManager: Display: Found up-to-date module file ../../../Engine/Plugins/Media/WmfMedia/Binaries/Win64/UE4Editor-WmfMediaEditor.dll (API version 3709383).
LogModuleManager: Display: Found up-to-date module file ../../../Engine/Plugins/Media/WmfMedia/Binaries/Win64/UE4Editor-WmfMediaFactory.dll (API version 3709383).
LogModuleManager: Display: Found up-to-date module file ../../../Engine/Plugins/Media/WmfMedia/Binaries/Win64/UE4Editor-WmfMediaFactory.dll (API version 3709383).
LogModuleManager: Display: Found up-to-date module file ../../../Engine/Plugins/Messaging/TcpMessaging/Binaries/Win64/UE4Editor-TcpMessaging.dll (API version 3709383).
LogModuleManager: Display: Found up-to-date module file ../../../Engine/Plugins/Messaging/UdpMessaging/Binaries/Win64/UE4Editor-UdpMessaging.dll (API version 3709383).
LogModuleManager: Display: Found up-to-date module file ../../../Engine/Plugins/MovieScene/ActorSequence/Binaries/Win64/UE4Editor-ActorSequence.dll (API version 3709383).
LogModuleManager: Display: Found up-to-date module file ../../../Engine/Plugins/MovieScene/LevelSequenceEditor/Binaries/Win64/UE4Editor-LevelSequenceEditor.dll (API version 3709383).
LogModuleManager: Display: Found up-to-date module file ../../../Engine/Plugins/MovieScene/MatineeToLevelSequence/Binaries/Win64/UE4Editor-MatineeToLevelSequence.dll (API version 3709383).
LogModuleManager: Display: Found up-to-date module file ../../../Engine/Plugins/Online/OnlineSubsystem/Binaries/Win64/UE4Editor-OnlineSubsystem.dll (API version 3709383).
LogModuleManager: Display: Found up-to-date module file ../../../Engine/Plugins/Online/OnlineSubsystemNull/Binaries/Win64/UE4Editor-OnlineSubsystemNull.dll (API version 3709383).
LogModuleManager: Display: Found up-to-date module file ../../../Engine/Plugins/Online/OnlineSubsystemUtils/Binaries/Win64/UE4Editor-OnlineSubsystemUtils.dll (API version 3709383).
LogModuleManager: Display: Found up-to-date module file ../../../Engine/Plugins/Online/OnlineSubsystemUtils/Binaries/Win64/UE4Editor-OnlineBlueprintSupport.dll (API version 3709383).
LogModuleManager: Display: Found up-to-date module file ../../../Engine/Plugins/Runtime/AndroidDeviceProfileSelector/Binaries/Win64/UE4Editor-AndroidDeviceProfileSelector.dll (API version 3709383).
LogModuleManager: Display: Found up-to-date module file ../../../Engine/Plugins/Runtime/AndroidPermission/Binaries/Win64/UE4Editor-AndroidPermission.dll (API version 3709383).
LogModuleManager: Display: Found up-to-date module file ../../../Engine/Plugins/Runtime/AppleARKit/Binaries/Win64/UE4Editor-AppleARKit.dll (API version 3709383).
LogModuleManager: Display: Found up-to-date module file ../../../Engine/Plugins/Runtime/ArchVisCharacter/Binaries/Win64/UE4Editor-ArchVisCharacter.dll (API version 3709383).
LogModuleManager: Display: Found up-to-date module file ../../../Engine/Plugins/Runtime/CableComponent/Binaries/Win64/UE4Editor-CableComponent.dll (API version 3709383).
LogModuleManager: Display: Found up-to-date module file ../../../Engine/Plugins/Runtime/CustomMeshComponent/Binaries/Win64/UE4Editor-CustomMeshComponent.dll (API version 3709383).
LogModuleManager: Display: Found up-to-date module file ../../../Engine/Plugins/Runtime/ExampleDeviceProfileSelector/Binaries/Win64/UE4Editor-ExampleDeviceProfileSelector.dll (API version 3709383).
LogModuleManager: Display: Found up-to-date module file ../../../Engine/Plugins/Runtime/ImmediatePhysics/Binaries/Win64/UE4Editor-ImmediatePhysics.dll (API version 3709383).
LogModuleManager: Display: Found up-to-date module file ../../../Engine/Plugins/Runtime/ImmediatePhysics/Binaries/Win64/UE4Editor-ImmediatePhysicsEditor.dll (API version 3709383).
LogModuleManager: Display: Found up-to-date module file ../../../Engine/Plugins/Runtime/LocationServicesBPLibrary/Binaries/Win64/UE4Editor-LocationServicesBPLibrary.dll (API version 3709383).
LogModuleManager: Display: Found up-to-date module file ../../../Engine/Plugins/Runtime/MobilePatchingUtils/Binaries/Win64/UE4Editor-MobilePatchingUtils.dll (API version 3709383).
LogModuleManager: Display: Found up-to-date module file ../../../Engine/Plugins/Runtime/Oculus/OculusVR/Binaries/Win64/UE4Editor-OculusHMD.dll (API version 3709383).
LogModuleManager: Display: Found up-to-date module file ../../../Engine/Plugins/Runtime/Oculus/OculusVR/Binaries/Win64/UE4Editor-OculusInput.dll (API version 3709383).
LogModuleManager: Display: Found up-to-date module file ../../../Engine/Plugins/Runtime/Oculus/OculusVR/Binaries/Win64/UE4Editor-OculusEditor.dll (API version 3709383).
LogModuleManager: Display: Found up-to-date module file ../../../Engine/Plugins/Runtime/PhysXVehicles/Binaries/Win64/UE4Editor-PhysXVehicles.dll (API version 3709383).
LogModuleManager: Display: Found up-to-date module file ../../../Engine/Plugins/Runtime/PhysXVehicles/Binaries/Win64/UE4Editor-PhysXVehiclesEditor.dll (API version 3709383).
LogModuleManager: Display: Found up-to-date module file ../../../Engine/Plugins/Runtime/ProceduralMeshComponent/Binaries/Win64/UE4Editor-ProceduralMeshComponent.dll (API version 3709383).
LogModuleManager: Display: Found up-to-date module file ../../../Engine/Plugins/Runtime/ProceduralMeshComponent/Binaries/Win64/UE4Editor-ProceduralMeshComponentEditor.dll (API version 3709383).
LogModuleManager: Display: Found up-to-date module file ../../../Engine/Plugins/Runtime/RuntimePhysXCooking/Binaries/Win64/UE4Editor-RuntimePhysXCooking.dll (API version 3709383).
LogModuleManager: Display: Found up-to-date module file ../../../Engine/Plugins/Runtime/Steam/SteamVR/Binaries/Win64/UE4Editor-SteamVR.dll (API version 3709383).
LogModuleManager: Display: Found up-to-date module file ../../../Engine/Plugins/Runtime/Steam/SteamVR/Binaries/Win64/UE4Editor-SteamVRController.dll (API version 3709383).
LogModuleManager: Display: Found up-to-date module file ../../../Engine/Plugins/Runtime/WindowsMoviePlayer/Binaries/Win64/UE4Editor-WindowsMoviePlayer.dll (API version 3709383).
LogInit: Using libcurl 7.47.1
LogInit:  - built for x86_64-pc-win32
LogInit:  - supports SSL with OpenSSL/1.0.2g
LogInit:  - supports HTTP deflate (compression) using libz 1.2.8
LogInit:  - other features:
LogInit:      CURL_VERSION_SSL
LogInit:      CURL_VERSION_LIBZ
LogInit:      CURL_VERSION_IPV6
LogInit:      CURL_VERSION_ASYNCHDNS
LogInit:      CURL_VERSION_LARGEFILE
LogInit:      CURL_VERSION_IDN
LogInit:  CurlRequestOptions (configurable via config and command line):
LogInit:  - bVerifyPeer = false  - Libcurl will NOT verify peer certificate
LogInit:  - bUseHttpProxy = false  - Libcurl will NOT use HTTP proxy
LogInit:  - bDontReuseConnections = false  - Libcurl will reuse connections
LogInit:  - CertBundlePath = nullptr  - Libcurl will use whatever was configured at build time.
LogInit: Build: ++UE4+Release-4.18-CL-3832480
LogInit: Engine Version: 4.18.3-3832480+++UE4+Release-4.18
LogInit: Compatible Engine Version: 4.18.0-3709383+++UE4+Release-4.18
LogInit: Net CL: 3709383
LogDevObjectVersion: Number of dev versions registered: 16
LogDevObjectVersion:   Dev-Blueprints (B0D832E4-1F89-4F0D-ACCF-7EB736FD4AA2): 10
LogDevObjectVersion:   Dev-Build (E1C64328-A22C-4D53-A36C-8E866417BD8C): 0
LogDevObjectVersion:   Dev-Core (375EC13C-06E4-48FB-B500-84F0262A717E): 2
LogDevObjectVersion:   Dev-Editor (E4B068ED-F494-42E9-A231-DA0B2E46BB41): 20
LogDevObjectVersion:   Dev-Framework (CFFC743F-43B0-4480-9391-14DF171D2073): 30
LogDevObjectVersion:   Dev-Mobile (B02B49B5-BB20-44E9-A304-32B752E40360): 0
LogDevObjectVersion:   Dev-Networking (A4E4105C-59A1-49B5-A7C5-40C4547EDFEE): 0
LogDevObjectVersion:   Dev-Online (39C831C9-5AE6-47DC-9A44-9C173E1C8E7C): 0
LogDevObjectVersion:   Dev-Physics (78F01B33-EBEA-4F98-B9B4-84EACCB95AA2): 0
LogDevObjectVersion:   Dev-Platform (6631380F-2D4D-43E0-8009-CF276956A95A): 0
LogDevObjectVersion:   Dev-Rendering (12F88B9F-8875-4AFC-A67C-D90C383ABD29): 20
LogDevObjectVersion:   Dev-Sequencer (7B5AE74C-D270-4C10-A958-57980B212A5A): 4
LogDevObjectVersion:   Dev-VR (D7296918-1DD6-4BDD-9DE2-64A83CC13884): 0
LogDevObjectVersion:   Dev-LoadTimes (C2A15278-BFE7-4AFE-6C17-90FF531DF755): 1
LogDevObjectVersion:   Private-Geometry (6EACA3D4-40EC-4CC1-B786-8BED09428FC5): 1
LogDevObjectVersion:   Dev-AnimPhys (29E575DD-E0A3-4627-9D10-D276232CDCEA): 12
LogInit: Compiled (64-bit): Jan 12 2018 02:04:55
LogInit: Compiled with Visual C++: 19.00.24215.01
LogInit: Build Configuration: Development
LogInit: Branch Name: ++UE4+Release-4.18
LogInit: Command line:  
LogInit: Base directory: D:/UE_4.18/Engine/Binaries/Win64/
LogInit: Installed Engine Build: 1
LogInit: Presizing for max 8388607 objects, including 0 objects not considered by GC, pre-allocating 0 bytes for permanent pool.
LogInit: Object subsystem initialized
[2018.02.22-11.58.00:569][  0]LogInit: Selected Device Profile: [Windows]
[2018.02.22-11.58.00:569][  0]LogInit: Applying CVar settings loaded from the selected device profile: [Windows]
[2018.02.22-11.58.00:582][  0]LogInit: Computer: DESKTOP-908AS1F
[2018.02.22-11.58.00:582][  0]LogInit: User: Toomer
[2018.02.22-11.58.00:582][  0]LogInit: CPU Page size=4096, Cores=4
[2018.02.22-11.58.00:582][  0]LogInit: High frequency timer resolution =3.421877 MHz
[2018.02.22-11.58.00:582][  0]LogMemory: Memory total: Physical=15.9GB (16GB approx)
[2018.02.22-11.58.00:582][  0]LogMemory: Platform Memory Stats for Windows
[2018.02.22-11.58.00:582][  0]LogMemory: Process Physical Memory: 271.81 MB used, 271.81 MB peak
[2018.02.22-11.58.00:582][  0]LogMemory: Process Virtual Memory: 263.76 MB used, 263.76 MB peak
[2018.02.22-11.58.00:582][  0]LogMemory: Physical Memory: 5194.64 MB used,  11120.41 MB free, 16315.05 MB total
[2018.02.22-11.58.00:582][  0]LogMemory: Virtual Memory: 670.86 MB used,  11120.41 MB free, 134217728.00 MB total
[2018.02.22-11.58.00:717][  0]LogInit: Using OS detected language (en-US).
[2018.02.22-11.58.00:717][  0]LogInit: Using OS detected locale (en-GB).
[2018.02.22-11.58.00:722][  0]LogTextLocalizationManager: No specific localization for 'en-US' exists, so the 'en' localization will be used.
[2018.02.22-11.58.01:131][  0]LogInit: Setting process to per monitor DPI aware
[2018.02.22-11.58.01:486][  0]LogD3D11RHI: D3D11 adapters:
[2018.02.22-11.58.01:538][  0]LogD3D11RHI:    0. 'NVIDIA GeForce GTX 1060 6GB' (Feature Level 11_0)
[2018.02.22-11.58.01:538][  0]LogD3D11RHI:       6052/0/8157 MB DedicatedVideo/DedicatedSystem/SharedSystem, Outputs:2, VendorId:0x10de
[2018.02.22-11.58.01:540][  0]LogD3D11RHI:    1. 'Microsoft Basic Render Driver' (Feature Level 11_0)
[2018.02.22-11.58.01:540][  0]LogD3D11RHI:       0/0/8157 MB DedicatedVideo/DedicatedSystem/SharedSystem, Outputs:0, VendorId:0x1414
[2018.02.22-11.58.01:540][  0]LogD3D11RHI: Chosen D3D11 Adapter: 0
[2018.02.22-11.58.01:546][  0]LogD3D11RHI: Creating new Direct3DDevice
[2018.02.22-11.58.01:546][  0]LogD3D11RHI:     GPU DeviceId: 0x1c03 (for the marketing name, search the web for "GPU Device Id")
[2018.02.22-11.58.01:546][  0]LogWindows: EnumDisplayDevices:
[2018.02.22-11.58.01:546][  0]LogWindows:    0. 'NVIDIA GeForce GTX 1060 6GB' (P:1 D:1)
[2018.02.22-11.58.01:547][  0]LogWindows:    1. 'NVIDIA GeForce GTX 1060 6GB' (P:0 D:1)
[2018.02.22-11.58.01:547][  0]LogWindows:    2. 'NVIDIA GeForce GTX 1060 6GB' (P:0 D:0)
[2018.02.22-11.58.01:547][  0]LogWindows:    3. 'NVIDIA GeForce GTX 1060 6GB' (P:0 D:0)
[2018.02.22-11.58.01:547][  0]LogWindows: DebugString: GetVideoDriverDetailsInvalid PrimaryIsNotTheChoosenAdapter GetVideoDriverDetailsInvalid PrimaryIsNotTheChoosenAdapter GetVideoDriverDetailsInvalid PrimaryIsNotTheChoosenAdapter GetVideoDriverDetailsInvalid PrimaryIsNotTheChoosenAdapter FoundDriverCount:0 
[2018.02.22-11.58.01:547][  0]LogD3D11RHI:     Adapter Name: NVIDIA GeForce GTX 1060 6GB
[2018.02.22-11.58.01:547][  0]LogD3D11RHI:   Driver Version: Unknown (internal:Unknown, unified:Unknown)
[2018.02.22-11.58.01:547][  0]LogD3D11RHI:      Driver Date: Unknown
[2018.02.22-11.58.01:547][  0]LogRHI: Texture pool is 4236 MB (70% of 6052 MB)
[2018.02.22-11.58.01:571][  0]LogD3D11RHI: Async texture creation enabled
[2018.02.22-11.58.01:588][  0]LogD3D11RHI: GPU Timing Frequency: 1000.000000 (Debug: 2 2)
[2018.02.22-11.58.01:687][  0]LogShaderCompilers: Guid format shader working directory is 7 characters bigger than the processId version (C:/Users/Andrew/Documents/PGVR/GumshoeVR/Intermediate/Shaders/WorkingDirectory/8784/).
[2018.02.22-11.58.01:687][  0]LogShaderCompilers: Cleaned the shader compiler working directory 'C:/Users/Andrew/AppData/Local/Temp/UnrealShaderWorkingDir/890DFC6D4B4A43446E5F18896DFC8AF6/'.
[2018.02.22-11.58.01:688][  0]LogShaderCompilers: Display: Using Local Shader Compiler.
[2018.02.22-11.58.02:719][  0]LogTemp: Display: Loaded TP AllDesktopTargetPlatform
[2018.02.22-11.58.02:787][  0]LogTemp: Display: Loaded TP MacClientTargetPlatform
[2018.02.22-11.58.02:842][  0]LogTemp: Display: Loaded TP MacNoEditorTargetPlatform
[2018.02.22-11.58.02:889][  0]LogTemp: Display: Loaded TP MacServerTargetPlatform
[2018.02.22-11.58.02:935][  0]LogTemp: Display: Loaded TP MacTargetPlatform
[2018.02.22-11.58.02:979][  0]LogTemp: Display: Loaded TP WindowsClientTargetPlatform
[2018.02.22-11.58.03:022][  0]LogTemp: Display: Loaded TP WindowsNoEditorTargetPlatform
[2018.02.22-11.58.03:068][  0]LogTemp: Display: Loaded TP WindowsServerTargetPlatform
[2018.02.22-11.58.03:105][  0]LogTemp: Display: Loaded TP WindowsTargetPlatform
[2018.02.22-11.58.03:151][  0]LogTemp: Display: Loaded TP Android_ASTCTargetPlatform
[2018.02.22-11.58.03:194][  0]LogTemp: Display: Loaded TP Android_ATCTargetPlatform
[2018.02.22-11.58.03:239][  0]LogTemp: Display: Loaded TP Android_DXTTargetPlatform
[2018.02.22-11.58.03:283][  0]LogTemp: Display: Loaded TP Android_ETC1TargetPlatform
[2018.02.22-11.58.03:330][  0]LogTemp: Display: Loaded TP Android_ETC2TargetPlatform
[2018.02.22-11.58.03:440][  0]LogTemp: Display: Loaded TP Android_MultiTargetPlatform
[2018.02.22-11.58.03:440][  0]LogTemp: Display: Loaded TP Android_PVRTCTargetPlatform
[2018.02.22-11.58.03:497][  0]LogTemp: Display: Loaded TP AndroidTargetPlatform
[2018.02.22-11.58.03:549][  0]LogTemp: Display: Loaded TP HTML5TargetPlatform
[2018.02.22-11.58.03:650][  0]LogTemp: Display: Loaded TP IOSTargetPlatform
[2018.02.22-11.58.03:677][  0]LogTemp: Display: Loaded TP TVOSTargetPlatform
[2018.02.22-11.58.03:733][  0]LogTemp: Display: Loaded TP LinuxClientTargetPlatform
[2018.02.22-11.58.03:777][  0]LogTemp: Display: Loaded TP LinuxNoEditorTargetPlatform
[2018.02.22-11.58.03:824][  0]LogTemp: Display: Loaded TP LinuxServerTargetPlatform
[2018.02.22-11.58.03:870][  0]LogTemp: Display: Loaded TP LinuxTargetPlatform
[2018.02.22-11.58.03:870][  0]LogTargetPlatformManager: Display: Building Assets For Windows
[2018.02.22-11.58.04:295][  0]LogDerivedDataCache: Display: Max Cache Size: 512 MB
[2018.02.22-11.58.04:363][  0]LogDerivedDataCache: Loaded boot cache 0.07s 79MB C:/Users/Andrew/AppData/Local/UnrealEngine/4.18/DerivedDataCache/Boot.ddc.
[2018.02.22-11.58.04:363][  0]LogDerivedDataCache: Display: Loaded Boot cache: C:/Users/Andrew/AppData/Local/UnrealEngine/4.18/DerivedDataCache/Boot.ddc
[2018.02.22-11.58.04:363][  0]LogDerivedDataCache: FDerivedDataBackendGraph:  Pak pak cache file C:/Users/Andrew/Documents/PGVR/GumshoeVR/DerivedDataCache/DDC.ddp not found, will not use a pak cache.
[2018.02.22-11.58.04:363][  0]LogDerivedDataCache: Unable to find inner node Pak for hierarchical cache Hierarchy.
[2018.02.22-11.58.04:363][  0]LogDerivedDataCache: FDerivedDataBackendGraph:  CompressedPak pak cache file C:/Users/Andrew/Documents/PGVR/GumshoeVR/DerivedDataCache/Compressed.ddp not found, will not use a pak cache.
[2018.02.22-11.58.04:363][  0]LogDerivedDataCache: Unable to find inner node CompressedPak for hierarchical cache Hierarchy.
[2018.02.22-11.58.04:378][  0]LogDerivedDataCache: Display: Pak cache opened for reading ../../../Engine/DerivedDataCache/Compressed.ddp.
[2018.02.22-11.58.04:390][  0]LogDerivedDataCache: Using Local data cache path C:/Users/Andrew/AppData/Local/UnrealEngine/Common/DerivedDataCache: Writable
[2018.02.22-11.58.04:400][  0]LogMaterial: Verifying Global Shaders for PCD3D_SM5
[2018.02.22-11.58.04:400][  0]LogSlate: Using Freetype 2.6.0
[2018.02.22-11.58.04:402][  0]LogSlate: SlateFontCache - WITH_FREETYPE: 1, WITH_HARFBUZZ: 1
[2018.02.22-11.58.04:402][  0]LogSlate: SlateFontCache - WITH_FREETYPE: 1, WITH_HARFBUZZ: 1
[2018.02.22-11.58.04:781][  0]LogInit: Selected Device Profile: [Windows]
[2018.02.22-11.58.05:085][  0]LogSimplygon: Simplygon DLL not present - disabling.
[2018.02.22-11.58.05:120][  0]LogMeshReduction: Using SimplygonSwarm for distributed automatic mesh merging
[2018.02.22-11.58.05:120][  0]LogMeshReduction: Using QuadricMeshReduction for automatic static mesh reduction
[2018.02.22-11.58.05:120][  0]LogMeshReduction: No automatic skeletal mesh reduction module available
[2018.02.22-11.58.05:120][  0]LogMeshReduction: No automatic mesh merging module available
[2018.02.22-11.58.05:120][  0]LogMeshMerging: No automatic mesh merging module available
[2018.02.22-11.58.05:154][  0]LogNetVersion: VRProj , NetCL: 3709383, EngineNetVer: 2, GameNetVer: 0 (Checksum: 4015886109)
[2018.02.22-11.58.05:316][  0]LogAssetRegistry: FAssetRegistry took 0.0268 seconds to start up
[2018.02.22-11.58.05:832][  0]LogPackageLocalizationCache: Processed 7 localized package path(s) for 2 prioritized culture(s) in 0.100950 seconds
[2018.02.22-11.58.05:837][  0]LogUObjectArray: 35870 objects as part of root set at end of initial load.
[2018.02.22-11.58.05:837][  0]LogUObjectAllocator: 7363704 out of 0 bytes used by permanent object pool.
[2018.02.22-11.58.05:837][  0]LogUObjectArray: CloseDisregardForGC: 0/0 objects in disregard for GC pool
[2018.02.22-11.58.05:874][  0]LogInit: WinSock: version 1.1 (2.2), MaxSocks=32767, MaxUdp=65467
[2018.02.22-11.58.08:578][  0]LogTcpMessaging: Initializing TcpMessaging bridge
[2018.02.22-11.58.08:624][  0]LogUdpMessaging: Initializing bridge on interface 0.0.0.0:0 to multicast group 230.0.0.1:6666.
[2018.02.22-11.58.09:182][  0]LogUObjectGlobals: Warning: Class which was marked abstract was trying to be loaded.  It will be nulled out on save. LightComp LightComponent
[2018.02.22-11.58.09:514][  0]LogStats: FPlatformStackWalk::StackWalkAndDump -  0.332 s
[2018.02.22-11.58.09:514][  0]LogOutputDevice: Error: === Handled ensure: ===
[2018.02.22-11.58.09:514][  0]LogOutputDevice: Error: 
[2018.02.22-11.58.09:514][  0]LogOutputDevice: Error: Ensure condition failed: false [File:D:\Build\++UE4+Release-4.18+Compile\Sync\Engine\Source\Runtime\CoreUObject\Private\UObject\UObjectGlobals.cpp] [Line: 2190]
[2018.02.22-11.58.09:514][  0]LogOutputDevice: Error: Class which was marked abstract was trying to be loaded.  It will be nulled out on save. LightComp LightComponent
[2018.02.22-11.58.09:514][  0]LogOutputDevice: Error: Stack: 
[2018.02.22-11.58.09:514][  0]LogOutputDevice: Error: [Callstack] 0x0000000095BC2786 UE4Editor-Core.dll!UnknownFunction []
[2018.02.22-11.58.09:514][  0]LogOutputDevice: Error: [Callstack] 0x000000009596123A UE4Editor-Core.dll!UnknownFunction []
[2018.02.22-11.58.09:514][  0]LogOutputDevice: Error: [Callstack] 0x000000009597B906 UE4Editor-Core.dll!UnknownFunction []
[2018.02.22-11.58.09:514][  0]LogOutputDevice: Error: [Callstack] 0x0000000098D9F64B UE4Editor-CoreUObject.dll!UnknownFunction []
[2018.02.22-11.58.09:514][  0]LogOutputDevice: Error: [Callstack] 0x0000000098D9D519 UE4Editor-CoreUObject.dll!UnknownFunction []
[2018.02.22-11.58.09:514][  0]LogOutputDevice: Error: [Callstack] 0x0000000098DA0191 UE4Editor-CoreUObject.dll!UnknownFunction []
[2018.02.22-11.58.09:514][  0]LogOutputDevice: Error: [Callstack] 0x0000000098D68A79 UE4Editor-CoreUObject.dll!UnknownFunction []
[2018.02.22-11.58.09:514][  0]LogOutputDevice: Error: [Callstack] 0x0000000098CB3EC4 UE4Editor-CoreUObject.dll!UnknownFunction []
[2018.02.22-11.58.09:514][  0]LogOutputDevice: Error: [Callstack] 0x00000000787E2962 UE4Editor-VRProj.dll!AInteractablePrototype::AInteractablePrototype() [d:\unreal\vrproj 4.18\source\vrproj\interactableprototype.cpp:19]
[2018.02.22-11.58.09:514][  0]LogOutputDevice: Error: [Callstack] 0x0000000098B305CD UE4Editor-CoreUObject.dll!UnknownFunction []
[2018.02.22-11.58.09:514][  0]LogOutputDevice: Error: [Callstack] 0x0000000098DA91B0 UE4Editor-CoreUObject.dll!UnknownFunction []
[2018.02.22-11.58.09:514][  0]LogOutputDevice: Error: [Callstack] 0x0000000098D8B41F UE4Editor-CoreUObject.dll!UnknownFunction []
[2018.02.22-11.58.09:514][  0]LogOutputDevice: Error: [Callstack] 0x0000000098B32547 UE4Editor-CoreUObject.dll!UnknownFunction []
[2018.02.22-11.58.09:514][  0]LogOutputDevice: Error: [Callstack] 0x00000000957FE6C0 UE4Editor-Core.dll!UnknownFunction []
[2018.02.22-11.58.09:514][  0]LogOutputDevice: Error: [Callstack] 0x0000000095A52282 UE4Editor-Core.dll!UnknownFunction []
[2018.02.22-11.58.09:514][  0]LogOutputDevice: Error: [Callstack] 0x00000000AC7CF60D UE4Editor-Projects.dll!UnknownFunction []
[2018.02.22-11.58.09:514][  0]LogOutputDevice: Error: [Callstack] 0x00000000AC7CF91E UE4Editor-Projects.dll!UnknownFunction []
[2018.02.22-11.58.09:514][  0]LogOutputDevice: Error: [Callstack] 0x0000000005557F71 UE4Editor.exe!UnknownFunction []
[2018.02.22-11.58.09:514][  0]LogOutputDevice: Error: [Callstack] 0x000000000555C4EC UE4Editor.exe!UnknownFunction []
[2018.02.22-11.58.09:514][  0]LogOutputDevice: Error: [Callstack] 0x000000000555525A UE4Editor.exe!UnknownFunction []
[2018.02.22-11.58.09:514][  0]LogOutputDevice: Error: [Callstack] 0x00000000055554AA UE4Editor.exe!UnknownFunction []
[2018.02.22-11.58.09:514][  0]LogOutputDevice: Error: [Callstack] 0x0000000005562379 UE4Editor.exe!UnknownFunction []
[2018.02.22-11.58.09:514][  0]LogOutputDevice: Error: [Callstack] 0x0000000005563D57 UE4Editor.exe!UnknownFunction []
[2018.02.22-11.58.09:514][  0]LogOutputDevice: Error: [Callstack] 0x00000000C2381FE4 KERNEL32.DLL!UnknownFunction []
[2018.02.22-11.58.09:514][  0]LogOutputDevice: Error: [Callstack] 0x00000000C457EFC1 ntdll.dll!UnknownFunction []
[2018.02.22-11.58.09:514][  0]LogOutputDevice: Error: 
[2018.02.22-11.58.09:519][  0]LogStats:                SubmitErrorReport -  0.000 s
[2018.02.22-11.58.09:749][  0]LogStats:                    SendNewReport -  0.230 s
[2018.02.22-11.58.09:749][  0]LogStats:             FDebug::EnsureFailed -  0.568 s
[2018.02.22-11.58.09:750][  0]LogStats: FPlatformStackWalk::StackWalkAndDump -  0.001 s
[2018.02.22-11.58.09:750][  0]LogOutputDevice: Error: === Handled ensure: ===
[2018.02.22-11.58.09:750][  0]LogOutputDevice: Error: 
[2018.02.22-11.58.09:750][  0]LogOutputDevice: Error: Ensure condition failed: AttachmentRules.LocationRule == EAttachmentRule::KeepRelative && AttachmentRules.RotationRule == EAttachmentRule::KeepRelative && AttachmentRules.ScaleRule == EAttachmentRule::KeepRelative [File:D:\Build\++UE4+Release-4.18+Compile\Sync\Engine\Source\Runtime\Engine\Private\Components\SceneComponent.cpp] [Line: 1670]
[2018.02.22-11.58.09:750][  0]LogOutputDevice: Error: AttachToComponent when called from a constructor is only setting up attachment and will always be treated as KeepRelative. Consider calling SetupAttachment directly instead.
[2018.02.22-11.58.09:750][  0]LogOutputDevice: Error: Stack: 
[2018.02.22-11.58.09:750][  0]LogOutputDevice: Error: [Callstack] 0x0000000095BC2786 UE4Editor-Core.dll!UnknownFunction []
[2018.02.22-11.58.09:750][  0]LogOutputDevice: Error: [Callstack] 0x000000009596123A UE4Editor-Core.dll!UnknownFunction []
[2018.02.22-11.58.09:750][  0]LogOutputDevice: Error: [Callstack] 0x000000009597B906 UE4Editor-Core.dll!UnknownFunction []
[2018.02.22-11.58.09:750][  0]LogOutputDevice: Error: [Callstack] 0x0000000092D0D468 UE4Editor-Engine.dll!UnknownFunction []
[2018.02.22-11.58.09:750][  0]LogOutputDevice: Error: [Callstack] 0x00000000787E3D5E UE4Editor-VRProj.dll!AVRCharacterPrototype::AVRCharacterPrototype() [d:\unreal\vrproj 4.18\source\vrproj\vrcharacterprototype.cpp:25]
[2018.02.22-11.58.09:751][  0]LogOutputDevice: Error: [Callstack] 0x0000000098B305CD UE4Editor-CoreUObject.dll!UnknownFunction []
[2018.02.22-11.58.09:751][  0]LogOutputDevice: Error: [Callstack] 0x0000000098DA91B0 UE4Editor-CoreUObject.dll!UnknownFunction []
[2018.02.22-11.58.09:751][  0]LogOutputDevice: Error: [Callstack] 0x0000000098D8B41F UE4Editor-CoreUObject.dll!UnknownFunction []
[2018.02.22-11.58.09:751][  0]LogOutputDevice: Error: [Callstack] 0x0000000098B32547 UE4Editor-CoreUObject.dll!UnknownFunction []
[2018.02.22-11.58.09:751][  0]LogOutputDevice: Error: [Callstack] 0x00000000957FE6C0 UE4Editor-Core.dll!UnknownFunction []
[2018.02.22-11.58.09:751][  0]LogOutputDevice: Error: [Callstack] 0x0000000095A52282 UE4Editor-Core.dll!UnknownFunction []
[2018.02.22-11.58.09:751][  0]LogOutputDevice: Error: [Callstack] 0x00000000AC7CF60D UE4Editor-Projects.dll!UnknownFunction []
[2018.02.22-11.58.09:751][  0]LogOutputDevice: Error: [Callstack] 0x00000000AC7CF91E UE4Editor-Projects.dll!UnknownFunction []
[2018.02.22-11.58.09:751][  0]LogOutputDevice: Error: [Callstack] 0x0000000005557F71 UE4Editor.exe!UnknownFunction []
[2018.02.22-11.58.09:751][  0]LogOutputDevice: Error: [Callstack] 0x000000000555C4EC UE4Editor.exe!UnknownFunction []
[2018.02.22-11.58.09:751][  0]LogOutputDevice: Error: [Callstack] 0x000000000555525A UE4Editor.exe!UnknownFunction []
[2018.02.22-11.58.09:751][  0]LogOutputDevice: Error: [Callstack] 0x00000000055554AA UE4Editor.exe!UnknownFunction []
[2018.02.22-11.58.09:751][  0]LogOutputDevice: Error: [Callstack] 0x0000000005562379 UE4Editor.exe!UnknownFunction []
[2018.02.22-11.58.09:751][  0]LogOutputDevice: Error: [Callstack] 0x0000000005563D57 UE4Editor.exe!UnknownFunction []
[2018.02.22-11.58.09:751][  0]LogOutputDevice: Error: [Callstack] 0x00000000C2381FE4 KERNEL32.DLL!UnknownFunction []
[2018.02.22-11.58.09:751][  0]LogOutputDevice: Error: [Callstack] 0x00000000C457EFC1 ntdll.dll!UnknownFunction []
[2018.02.22-11.58.09:751][  0]LogOutputDevice: Error: 
[2018.02.22-11.58.09:760][  0]LogStats:                SubmitErrorReport -  0.000 s
[2018.02.22-11.58.09:993][  0]LogStats:                    SendNewReport -  0.233 s
[2018.02.22-11.58.09:993][  0]LogStats:             FDebug::EnsureFailed -  0.244 s
[2018.02.22-11.58.10:219][  0]LogMaterial: Uniform references updated for custom material expression Custom.
[2018.02.22-11.58.10:642][  0]SourceControl: Source control is disabled
[2018.02.22-11.58.10:642][  0]SourceControl: Source control is disabled
[2018.02.22-11.58.10:698][  0]SourceControl: Source control is disabled
[2018.02.22-11.58.10:753][  0]SourceControl: Source control is disabled
[2018.02.22-11.58.11:605][  0]LogAndroidPermission: UAndroidPermissionCallbackProxy::GetInstance
[2018.02.22-11.58.11:872][  0]LogOcInput: OculusInput pre-init called
[2018.02.22-11.58.12:129][  0]LogEngine: Initializing Engine...
[2018.02.22-11.58.12:132][  0]LogHMD: Failed to initialize OpenVR with code 101
[2018.02.22-11.58.12:355][  0]LogStats: UGameplayTagsManager::ConstructGameplayTagTree: Construct from data asset -  0.000 s
[2018.02.22-11.58.12:355][  0]LogStats: UGameplayTagsManager::ConstructGameplayTagTree: GameplayTagTreeChangedEvent.Broadcast -  0.000 s
[2018.02.22-11.58.12:479][  0]LogAIModule: Creating AISystem for world Untitled
[2018.02.22-11.58.12:499][  0]LogInit: XAudio2 using 'Headset Earphone (3- Razer ManO'War)' : 2 channels at 48 kHz using 16 bits per sample (channel mask 0x3)
[2018.02.22-11.58.12:529][  0]LogInit: FAudioDevice initialized.
[2018.02.22-11.58.12:605][  0]LogDerivedDataCache: Saved boot cache 0.08s 79MB C:/Users/Andrew/AppData/Local/UnrealEngine/4.18/DerivedDataCache/Boot.ddc.
[2018.02.22-11.58.12:616][  0]LogInit: Texture streaming: Enabled
[2018.02.22-11.58.12:689][  0]LogEngineSessionManager: EngineSessionManager initialized
[2018.02.22-11.58.12:803][  0]LogInit: Transaction tracking system initialized
[2018.02.22-11.58.13:072][  0]BlueprintLog: New page: Editor Load
[2018.02.22-11.58.13:820][  0]LocalizationService: Localization service is disabled
[2018.02.22-11.58.14:459][  0]LogConsoleResponse: Display: 
[2018.02.22-11.58.14:613][  0]LogCook: Display: Max memory allowance for cook 16384mb min free memory 0mb
[2018.02.22-11.58.14:613][  0]LogCook: Display: Mobile HDR setting 1
[2018.02.22-11.58.14:613][  0]LogGameplayTags: Display: UGameplayTagsManager::DoneAddingNativeTags. DelegateIsBound: 0
[2018.02.22-11.58.14:984][  0]LogFileCache: Scanning file cache for directory 'C:/Users/Andrew/Documents/PGVR/GumshoeVR/Content/' took 0.02s
[2018.02.22-11.58.15:791][  0]SourceControl: Source control is disabled
[2018.02.22-11.58.15:791][  0]Cmd: MAP LOAD FILE="C:/Users/Andrew/Documents/PGVR/GumshoeVR/Content/MainMenu/MainMenu.umap" TEMPLATE=0 SHOWPROGRESS=1 FEATURELEVEL=3
[2018.02.22-11.58.15:791][  0]LightingResults: New page: Lighting Build
[2018.02.22-11.58.15:828][  0]MapCheck: New page: Map Check
[2018.02.22-11.58.15:828][  0]LightingResults: New page: Lighting Build
[2018.02.22-11.58.16:276][  0]LogLinker: Warning: Can't find file '/Game/MainMenu/MainMenu_BuiltData'
[2018.02.22-11.58.16:276][  0]LogLinker: Warning: Can't find file for asset '/Game/MainMenu/MainMenu_BuiltData' while loading C:/Users/Andrew/Documents/PGVR/GumshoeVR/Content/MainMenu/MainMenu.umap.
[2018.02.22-11.58.16:276][  0]LoadErrors: Error: /Game/MainMenu/MainMenu : Can't find file for asset. /Game/MainMenu/MainMenu_BuiltData
[2018.02.22-11.58.16:296][  0]LogLinker: Warning: Can't find file '/Game/MainMenu/MainMenu_BuiltData'
[2018.02.22-11.58.16:296][  0]LogLinker: Warning: Can't find file for asset '/Game/MainMenu/MainMenu_BuiltData' while loading C:/Users/Andrew/Documents/PGVR/GumshoeVR/Content/MainMenu/MainMenu.umap.
[2018.02.22-11.58.16:296][  0]LoadErrors: Error: /Game/MainMenu/MainMenu : Can't find file for asset. /Game/MainMenu/MainMenu_BuiltData
[2018.02.22-11.58.16:328][  0]LogLinker: Warning: Can't find file '/Game/MainMenu/MainMenu_BuiltData'
[2018.02.22-11.58.16:328][  0]LoadErrors: Failed to load /Game/MainMenu/MainMenu_BuiltData.MainMenu_BuiltData Referenced by PersistentLevel
[2018.02.22-11.58.16:329][  0]LogLinker: Warning: Can't find file for asset '/Game/MainMenu/MainMenu_BuiltData' while loading NULL.
[2018.02.22-11.58.16:329][  0]LoadErrors: Failed to load /Game/MainMenu/MainMenu_BuiltData.MainMenu_BuiltData Referenced by PersistentLevel
[2018.02.22-11.58.16:536][  0]LogAIModule: Creating AISystem for world MainMenu
[2018.02.22-11.58.16:592][  0]LogEditorServer: Finished looking for orphan Actors (0.000 secs)
[2018.02.22-11.58.16:609][  0]Cmd: MAP CHECKDEP NOCLEARLOG
[2018.02.22-11.58.16:670][  0]MapCheck: Map check complete: 0 Error(s), 0 Warning(s), took 60.467ms to complete.
[2018.02.22-11.58.16:670][  0]LogFileHelpers: Loading map 'MainMenu' took 0.879
[2018.02.22-11.58.16:818][  0]LogCollectionManager: Loaded 0 collections in 0.000795 seconds
[2018.02.22-11.58.16:893][  0]LogFileCache: Scanning file cache for directory 'C:/Users/Andrew/Documents/PGVR/GumshoeVR/Saved/Collections/' took 0.01s
[2018.02.22-11.58.16:893][  0]LogFileCache: Scanning file cache for directory 'C:/Users/Andrew/Documents/PGVR/GumshoeVR/Content/Developers/Toomer/Collections/' took 0.01s
[2018.02.22-11.58.16:893][  0]LogFileCache: Scanning file cache for directory 'C:/Users/Andrew/Documents/PGVR/GumshoeVR/Content/Collections/' took 0.01s
[2018.02.22-11.58.16:893][  0]LogCollectionManager: Rebuilt the GUID cache for 0 collections in 0.000000 seconds
[2018.02.22-11.58.16:902][  0]LogContentBrowser: Native class hierarchy populated in 0.0081 seconds. Added 2366 classes and 521 folders.
[2018.02.22-11.58.16:953][  0]LogContentBrowser: Native class hierarchy updated for 'WidgetCarousel' in 0.0005 seconds. Added 0 classes and 0 folders.
[2018.02.22-11.58.17:007][  0]LogContentBrowser: Native class hierarchy updated for 'AddContentDialog' in 0.0004 seconds. Added 0 classes and 0 folders.
[2018.02.22-11.58.17:044][  0]LogContentBrowser: Native class hierarchy updated for 'SceneOutliner' in 0.0006 seconds. Added 1 classes and 2 folders.
[2018.02.22-11.58.17:105][  0]LogSlate: Took 0.000272 seconds to synchronously load lazily loaded font '../../../Engine/Content/Slate/Fonts/Roboto-Regular.ttf' (155K)
[2018.02.22-11.58.17:107][  0]LogSlate: Took 0.000207 seconds to synchronously load lazily loaded font '../../../Engine/Content/Slate/Fonts/Roboto-Bold.ttf' (160K)
[2018.02.22-11.58.17:112][  0]LogSlate: Took 0.000240 seconds to synchronously load lazily loaded font '../../../Engine/Content/Editor/Slate/Fonts/FontAwesome.ttf' (139K)
[2018.02.22-11.58.17:208][  0]LogRenderer: Reallocating scene render targets to support 1204x692 Format 26 NumSamples 1 (Frame:1).
[2018.02.22-11.58.17:395][  0]LogContentBrowser: Native class hierarchy updated for 'HierarchicalLODOutliner' in 0.0004 seconds. Added 1 classes and 2 folders.
[2018.02.22-11.58.17:395][  0]LogLoad: (Engine Initialization) Total time: 20.02 seconds
[2018.02.22-11.58.17:395][  0]LogLoad: (Engine Initialization) Total Blueprint compile time: 0.00 seconds
[2018.02.22-11.58.17:395][  0]LogExternalProfiler: Found external profiler: VSPerf
[2018.02.22-11.58.17:395][  0]LogExternalProfiler: Using external profiler: VSPerf
[2018.02.22-11.58.17:443][  0]LogContentStreaming: Texture pool size now 1000 MB
[2018.02.22-11.58.17:501][  1]LogFileCache: Retrieving MD5 hashes for directory 'C:/Users/Andrew/Documents/PGVR/GumshoeVR/Content/' took 0.08s
[2018.02.22-11.58.17:518][  1]LogAssetRegistry: Asset discovery search completed in 12.2253 seconds
[2018.02.22-11.58.17:520][  1]LogCollectionManager: Rebuilt the object cache for 0 collections in 0.000000 seconds (found 0 objects)
[2018.02.22-11.58.17:521][  1]LogCollectionManager: Fixed up redirectors for 0 collections in 0.000056 seconds (updated 0 objects)
[2018.02.22-11.58.21:490][337]LogSlate: Took 0.000188 seconds to synchronously load lazily loaded font '../../../Engine/Content/Slate/Fonts/Roboto-Light.ttf' (159K)
[2018.02.22-11.58.25:596][679]LogSlate: Took 0.000213 seconds to synchronously load lazily loaded font '../../../Engine/Content/Slate/Fonts/Roboto-Light.ttf' (159K)
[2018.02.22-11.58.25:993][679]LogLinker: Warning: Can't find file '/Game/defaultPolygonShader'
[2018.02.22-11.58.25:993][679]LogLinker: Warning: Can't find file for asset '/Game/defaultPolygonShader' while loading C:/Users/Andrew/Documents/PGVR/GumshoeVR/Content/Maps/Apartment.umap.
[2018.02.22-11.58.25:993][679]LoadErrors: Error: /Game/Maps/Apartment : Can't find file for asset. /Game/defaultPolygonShader
[2018.02.22-11.58.25:993][679]LogLinker: Warning: Can't find file '/Game/MiscInteractable'
[2018.02.22-11.58.25:993][679]LogLinker: Warning: Can't find file for asset '/Game/MiscInteractable' while loading C:/Users/Andrew/Documents/PGVR/GumshoeVR/Content/Maps/Apartment.umap.
[2018.02.22-11.58.25:993][679]LoadErrors: Error: /Game/Maps/Apartment : Can't find file for asset. /Game/MiscInteractable
[2018.02.22-11.58.26:064][679]LogLinker: Warning: Asset 'C:/Users/Andrew/Documents/PGVR/GumshoeVR/Content/SuperGrid/StarterPack/Materials/Functions/Basic/BreakSet.uasset' has been saved with empty engine version. The asset will be loaded but may be incompatible.
[2018.02.22-11.58.26:066][679]LogLinker: Warning: Asset 'C:/Users/Andrew/Documents/PGVR/GumshoeVR/Content/SuperGrid/StarterPack/Materials/Functions/Basic/MakeSet.uasset' has been saved with empty engine version. The asset will be loaded but may be incompatible.
[2018.02.22-11.58.26:068][679]LogLinker: Warning: Asset 'C:/Users/Andrew/Documents/PGVR/GumshoeVR/Content/SuperGrid/StarterPack/Materials/Functions/Basic/Roughness.uasset' has been saved with empty engine version. The asset will be loaded but may be incompatible.
[2018.02.22-11.58.26:069][679]LogLinker: Warning: Asset 'C:/Users/Andrew/Documents/PGVR/GumshoeVR/Content/SuperGrid/StarterPack/Materials/Functions/Texture/Dye_SingleColor.uasset' has been saved with empty engine version. The asset will be loaded but may be incompatible.
[2018.02.22-11.58.26:071][679]LogLinker: Warning: Asset 'C:/Users/Andrew/Documents/PGVR/GumshoeVR/Content/SuperGrid/StarterPack/Materials/Functions/Texture/Tex_SimpleGrid.uasset' has been saved with empty engine version. The asset will be loaded but may be incompatible.
[2018.02.22-11.58.26:072][679]LogLinker: Warning: Asset 'C:/Users/Andrew/Documents/PGVR/GumshoeVR/Content/SuperGrid/StarterPack/Source/Textures/T_BasicGrid_M.uasset' has been saved with empty engine version. The asset will be loaded but may be incompatible.
[2018.02.22-11.58.26:077][679]LogLinker: Warning: Asset 'C:/Users/Andrew/Documents/PGVR/GumshoeVR/Content/SuperGrid/StarterPack/Materials/Functions/UV/UV_SetupGrid.uasset' has been saved with empty engine version. The asset will be loaded but may be incompatible.
[2018.02.22-11.58.26:082][679]LogLinker: Warning: Asset 'C:/Users/Andrew/Documents/PGVR/GumshoeVR/Content/SuperGrid/StarterPack/Source/Textures/T_BasicGrid_N.uasset' has been saved with empty engine version. The asset will be loaded but may be incompatible.
[2018.02.22-11.58.26:251][679]LogLinker: Warning: Can't find file '/Game/defaultPolygonShader'
[2018.02.22-11.58.26:251][679]LogLinker: Warning: Can't find file for asset '/Game/defaultPolygonShader' while loading C:/Users/Andrew/Documents/PGVR/GumshoeVR/Content/Maps/Apartment.umap.
[2018.02.22-11.58.26:256][679]LogLinker: Warning: Can't find file '/Game/MiscInteractable'
[2018.02.22-11.58.26:256][679]LogLinker: Warning: Can't find file for asset '/Game/MiscInteractable' while loading C:/Users/Andrew/Documents/PGVR/GumshoeVR/Content/Maps/Apartment.umap.
[2018.02.22-11.58.26:292][679]LogLinker: Warning: Can't find file '/Game/defaultPolygonShader'
[2018.02.22-11.58.26:292][679]LogLinker: Warning: Can't find file for asset '/Game/defaultPolygonShader' while loading NULL.
[2018.02.22-11.58.26:293][679]LogLinker: Warning: Can't find file '/Game/MiscInteractable'
[2018.02.22-11.58.26:293][679]LogLinker: Warning: Can't find file for asset '/Game/MiscInteractable' while loading NULL.
[2018.02.22-11.58.26:293][679]LogLinker: Warning: Can't find file '/Game/defaultPolygonShader'
[2018.02.22-11.58.26:293][679]LogLinker: Warning: Can't find file for asset '/Game/defaultPolygonShader' while loading NULL.
[2018.02.22-11.58.26:293][679]LogLinker: Warning: Can't find file '/Game/MiscInteractable'
[2018.02.22-11.58.26:293][679]LogLinker: Warning: Can't find file for asset '/Game/MiscInteractable' while loading NULL.
[2018.02.22-11.58.26:459][679]LogSlate: Took 0.000262 seconds to synchronously load lazily loaded font '../../../Engine/Content/Slate/Fonts/Roboto-Regular.ttf' (155K)
[2018.02.22-11.58.26:464][679]LogLinker: Warning: Can't find file '/Game/MiscInteractable'
[2018.02.22-11.58.26:465][679]LoadErrors: Failed to load /Game/MiscInteractable.MiscInteractable Referenced by Model_3
[2018.02.22-11.58.26:465][679]LogLinker: Warning: Can't find file for asset '/Game/MiscInteractable' while loading NULL.
[2018.02.22-11.58.26:465][679]LogLinker: Warning: Can't find file '/Game/MiscInteractable'
[2018.02.22-11.58.26:465][679]LogLinker: Warning: Can't find file for asset '/Game/MiscInteractable' while loading NULL.
[2018.02.22-11.58.26:465][679]LogLinker: Warning: Can't find file '/Game/MiscInteractable'
[2018.02.22-11.58.26:466][679]LogLinker: Warning: Can't find file for asset '/Game/MiscInteractable' while loading NULL.
[2018.02.22-11.58.26:466][679]LogLinker: Warning: Can't find file '/Game/MiscInteractable'
[2018.02.22-11.58.26:466][679]LogLinker: Warning: Can't find file for asset '/Game/MiscInteractable' while loading NULL.
[2018.02.22-11.58.26:466][679]LogLinker: Warning: Can't find file '/Game/MiscInteractable'
[2018.02.22-11.58.26:466][679]LogLinker: Warning: Can't find file for asset '/Game/MiscInteractable' while loading NULL.
[2018.02.22-11.58.26:466][679]LogLinker: Warning: Can't find file '/Game/MiscInteractable'
[2018.02.22-11.58.26:466][679]LogLinker: Warning: Can't find file for asset '/Game/MiscInteractable' while loading NULL.
[2018.02.22-11.58.26:467][679]LogLinker: Warning: Can't find file '/Game/MiscInteractable'
[2018.02.22-11.58.26:467][679]LoadErrors: Failed to load /Game/MiscInteractable.MiscInteractable Referenced by ModelComponent_8
[2018.02.22-11.58.26:467][679]LogLinker: Warning: Can't find file for asset '/Game/MiscInteractable' while loading NULL.
[2018.02.22-11.58.26:469][679]LogLinker: Warning: Can't find file '/Game/MiscInteractable'
[2018.02.22-11.58.26:469][679]LoadErrors: Failed to load /Game/MiscInteractable.MiscInteractable Referenced by Polys_1
[2018.02.22-11.58.26:469][679]LogLinker: Warning: Can't find file for asset '/Game/MiscInteractable' while loading NULL.
[2018.02.22-11.58.26:469][679]LogLinker: Warning: Can't find file '/Game/MiscInteractable'
[2018.02.22-11.58.26:469][679]LogLinker: Warning: Can't find file for asset '/Game/MiscInteractable' while loading NULL.
[2018.02.22-11.58.26:469][679]LogLinker: Warning: Can't find file '/Game/MiscInteractable'
[2018.02.22-11.58.26:470][679]LogLinker: Warning: Can't find file for asset '/Game/MiscInteractable' while loading NULL.
[2018.02.22-11.58.26:470][679]LogLinker: Warning: Can't find file '/Game/MiscInteractable'
[2018.02.22-11.58.26:470][679]LogLinker: Warning: Can't find file for asset '/Game/MiscInteractable' while loading NULL.
[2018.02.22-11.58.26:470][679]LogLinker: Warning: Can't find file '/Game/MiscInteractable'
[2018.02.22-11.58.26:470][679]LogLinker: Warning: Can't find file for asset '/Game/MiscInteractable' while loading NULL.
[2018.02.22-11.58.26:470][679]LogLinker: Warning: Can't find file '/Game/MiscInteractable'
[2018.02.22-11.58.26:470][679]LogLinker: Warning: Can't find file for asset '/Game/MiscInteractable' while loading NULL.
[2018.02.22-11.58.26:510][679]LogLinker: Warning: Can't find file '/Game/defaultPolygonShader'
[2018.02.22-11.58.26:510][679]LoadErrors: Failed to load /Game/defaultPolygonShader.defaultPolygonShader Referenced by BedroomRoof_21
[2018.02.22-11.58.26:510][679]LogLinker: Warning: Can't find file for asset '/Game/defaultPolygonShader' while loading NULL.
[2018.02.22-11.58.26:536][679]LogMaterial: Uniform references updated for custom material expression Custom.
[2018.02.22-11.58.27:131][679]LogAIModule: Creating AISystem for world Apartment
[2018.02.22-11.58.27:208][679]Cmd: MAP LOAD FILE="C:/Users/Andrew/Documents/PGVR/GumshoeVR/Content/Maps/Apartment.umap" TEMPLATE=0 SHOWPROGRESS=1 FEATURELEVEL=3
[2018.02.22-11.58.27:208][679]LightingResults: New page: Lighting Build
[2018.02.22-11.58.27:209][679]LoadErrors: New page: Loading map: Apartment.umap
[2018.02.22-11.58.27:210][679]MapCheck: New page: Map Check
[2018.02.22-11.58.27:210][679]LightingResults: New page: Lighting Build
[2018.02.22-11.58.27:266][679]LogEditorServer: Finished looking for orphan Actors (0.000 secs)
[2018.02.22-11.58.27:309][679]Cmd: MAP CHECKDEP NOCLEARLOG
[2018.02.22-11.58.27:408][679]MapCheck: Map check complete: 0 Error(s), 0 Warning(s), took 99.608ms to complete.
[2018.02.22-11.58.27:410][679]LogFileHelpers: Loading map 'Apartment' took 0.202
[2018.02.22-11.58.31:295][781]LogEditorViewport: Clicking on Actor (LMB): StaticMeshActor (Frame1)
[2018.02.22-11.58.34:183][841]LogSlate: Took 0.000202 seconds to synchronously load lazily loaded font '../../../Engine/Content/Slate/Fonts/Roboto-Light.ttf' (159K)
[2018.02.22-11.58.44:817][773]LogEditorViewport: Clicking on Actor (LMB): StaticMeshActor (Frame5)
[2018.02.22-11.58.50:829][181]LogEditorViewport: Clicking on Actor (LMB): StaticMeshActor (Frame9)
[2018.02.22-11.59.09:314][604]Cmd: TRANSACTION UNDO
[2018.02.22-11.59.09:314][604]LogEditorTransaction: Undo Edit Static Mesh
[2018.02.22-11.59.09:991][626]LogSlate: Took 0.014851 seconds to synchronously load lazily loaded font '../../../Engine/Content/Editor/Slate/Fonts/Roboto-Italic.ttf' (157K)
[2018.02.22-11.59.33:693][337]LogEditorViewport: Clicking on Actor (LMB): StaticMeshActor (Frame6)
[2018.02.22-11.59.48:941][625]LogEditorViewport: Clicking on Actor (LMB): StaticMeshActor (Frame8)
[2018.02.22-11.59.56:186][208]LogEditorViewport: Clicking on Actor (LMB): StaticMeshActor (Frame7)
[2018.02.22-11.59.56:934][261]Cmd: DELETE
[2018.02.22-11.59.56:934][261]Cmd: ACTOR DELETE
[2018.02.22-11.59.56:985][261]LogEditorActor: Deleted Actor: StaticMeshActor
[2018.02.22-11.59.57:013][261]LogEditorActor: Deleted 1 Actors (0.060 secs)
[2018.02.22-11.59.57:202][276]LogEditorViewport: Clicking on Actor (LMB): StaticMeshActor (Frame8)
[2018.02.22-12.00.03:236][744]LogEditorViewport: Clicking on Actor (LMB): StaticMeshActor (Frame1)
[2018.02.22-12.00.08:644][985]LogEditorViewport: Clicking on Actor (LMB): StaticMeshActor (Frame3)
[2018.02.22-12.00.08:835][986]Cmd: DELETE
[2018.02.22-12.00.08:835][986]Cmd: ACTOR DELETE
[2018.02.22-12.00.08:858][986]LogEditorActor: Deleted Actor: StaticMeshActor
[2018.02.22-12.00.08:878][986]LogEditorActor: Deleted 1 Actors (0.042 secs)
[2018.02.22-12.00.09:143][993]LogEditorViewport: Clicking on Actor (LMB): StaticMeshActor (Frame2)
[2018.02.22-12.00.09:321][995]Cmd: DELETE
[2018.02.22-12.00.09:321][995]Cmd: ACTOR DELETE
[2018.02.22-12.00.09:335][995]LogEditorActor: Deleted Actor: StaticMeshActor
[2018.02.22-12.00.09:347][995]LogEditorActor: Deleted 1 Actors (0.025 secs)
[2018.02.22-12.00.09:701][  3]LogEditorViewport: Clicking on Actor (LMB): StaticMeshActor (Frame4)
[2018.02.22-12.00.09:868][  5]Cmd: DELETE
[2018.02.22-12.00.09:868][  5]Cmd: ACTOR DELETE
[2018.02.22-12.00.09:882][  5]LogEditorActor: Deleted Actor: StaticMeshActor
[2018.02.22-12.00.09:895][  5]LogEditorActor: Deleted 1 Actors (0.027 secs)
[2018.02.22-12.00.10:313][ 16]LogEditorViewport: Clicking on Actor (LMB): StaticMeshActor (Frame1)
[2018.02.22-12.00.18:122][495]Cmd: DELETE
[2018.02.22-12.00.18:122][495]Cmd: ACTOR DELETE
[2018.02.22-12.00.18:137][495]LogEditorActor: Deleted Actor: StaticMeshActor
[2018.02.22-12.00.18:149][495]LogEditorActor: Deleted 1 Actors (0.027 secs)
[2018.02.22-12.00.19:417][533]Cmd: TRANSACTION UNDO
[2018.02.22-12.00.19:417][533]LogEditorTransaction: Undo Delete Actors
[2018.02.22-12.01.37:640][ 12]LogEditorViewport: Clicking on Actor (LMB): StaticMeshActor (Desk_01_SM2)
[2018.02.22-12.01.47:946][423]LogSkeletalMesh: USkeletalMeshComponent::InitArticulated : Could not find root physics body: '/Game/Maps/Apartment.Apartment:PersistentLevel.SkeletalMeshActor_0.SkeletalMeshComponent0'
[2018.02.22-12.01.47:949][423]LogSkeletalMesh: USkeletalMeshComponent::InitArticulated : Could not find root physics body: '/Game/Maps/Apartment.Apartment:PersistentLevel.AnsweringMachine_01_SM_Anim.SkeletalMeshComponent0'
[2018.02.22-12.01.47:949][423]LogSkeletalMesh: USkeletalMeshComponent::InitArticulated : Could not find root physics body: '/Game/Maps/Apartment.Apartment:PersistentLevel.AnsweringMachine_01_SM_Anim.SkeletalMeshComponent0'
[2018.02.22-12.01.49:218][467]LogSkeletalMesh: USkeletalMeshComponent::InitArticulated : Could not find root physics body: '/Game/Maps/Apartment.Apartment:PersistentLevel.SkeletalMeshActor_1.SkeletalMeshComponent0'
[2018.02.22-12.01.49:218][467]LogSkeletalMesh: USkeletalMeshComponent::InitArticulated : Could not find root physics body: '/Game/Maps/Apartment.Apartment:PersistentLevel.AnsweringMachine_01_SM_Anim_2.SkeletalMeshComponent0'
[2018.02.22-12.01.49:357][467]LogSkeletalMesh: USkeletalMeshComponent::InitArticulated : Could not find root physics body: '/Game/Maps/Apartment.Apartment:PersistentLevel.AnsweringMachine_01_SM_Anim_2.SkeletalMeshComponent0'
[2018.02.22-12.02.00:586][ 91]LogSkeletalMesh: USkeletalMeshComponent::InitArticulated : Could not find root physics body: '/Game/Maps/Apartment.Apartment:PersistentLevel.AnsweringMachine_01_SM_Anim_2.SkeletalMeshComponent0'
[2018.02.22-12.02.08:512][569]LogSkeletalMesh: USkeletalMeshComponent::InitArticulated : Could not find root physics body: '/Game/Maps/Apartment.Apartment:PersistentLevel.AnsweringMachine_01_SM_Anim_2.SkeletalMeshComponent0'
[2018.02.22-12.02.09:767][619]Cmd: TRANSACTION UNDO
[2018.02.22-12.02.09:767][619]LogEditorTransaction: Undo Replace component used material
[2018.02.22-12.02.09:791][619]LogSkeletalMesh: USkeletalMeshComponent::InitArticulated : Could not find root physics body: '/Game/Maps/Apartment.Apartment:PersistentLevel.AnsweringMachine_01_SM_Anim_2.SkeletalMeshComponent0'
[2018.02.22-12.02.12:814][829]LogSkeletalMesh: USkeletalMeshComponent::InitArticulated : Could not find root physics body: '/Game/Maps/Apartment.Apartment:PersistentLevel.AnsweringMachine_01_SM_Anim_2.SkeletalMeshComponent0'
[2018.02.22-12.02.21:719][372]LogSkeletalMesh: USkeletalMeshComponent::InitArticulated : Could not find root physics body: '/Game/Maps/Apartment.Apartment:PersistentLevel.AnsweringMachine_01_SM_Anim_2.SkeletalMeshComponent0'
[2018.02.22-12.02.41:017][481]LogContentBrowser: Native class hierarchy updated for 'MaterialEditor' in 0.0006 seconds. Added 1 classes and 0 folders.
[2018.02.22-12.02.41:056][481]LogMaterial: Missing cached shader map for material HologramGlobe_01_MAT, compiling. 
[2018.02.22-12.02.41:954][481]LogMaterial: Missing cached shader map for material HologramGlobe_01_MAT, compiling. 
[2018.02.22-12.02.41:985][481]LogMaterial: Missing cached shader map for material HologramGlobe_01_MAT, compiling. 
[2018.02.22-12.02.42:044][481]LogMaterial: Missing cached shader map for material FMatExpressionPreview MaterialExpressionConstant3Vector_0, compiling. 
[2018.02.22-12.02.42:049][481]LogMaterial: Missing cached shader map for material FMatExpressionPreview MaterialExpressionTextureSample_5, compiling. 
[2018.02.22-12.02.42:054][481]LogMaterial: Missing cached shader map for material FMatExpressionPreview MaterialExpressionTextureSample_8, compiling. 
[2018.02.22-12.02.42:059][481]LogMaterial: Missing cached shader map for material FMatExpressionPreview MaterialExpressionTextureSample_1, compiling. 
[2018.02.22-12.02.42:064][481]LogMaterial: Missing cached shader map for material FMatExpressionPreview MaterialExpressionTextureSample_3, compiling. 
[2018.02.22-12.02.42:068][481]LogMaterial: Missing cached shader map for material FMatExpressionPreview MaterialExpressionTextureSample_4, compiling. 
[2018.02.22-12.02.42:073][481]LogMaterial: Missing cached shader map for material FMatExpressionPreview MaterialExpressionMultiply_0, compiling. 
[2018.02.22-12.02.42:101][481]LogSlate: Took 0.018570 seconds to synchronously load lazily loaded font '../../../Engine/Content/Editor/Slate/Fonts/Roboto-BoldCondensed.ttf' (158K)
[2018.02.22-12.02.52:670][988]MaterialEditorStats: Base pass shader without light map: 113 instructions
[2018.02.22-12.02.52:670][988]MaterialEditorStats: Vertex shader: 224 instructions
[2018.02.22-12.02.52:670][988]MaterialEditorStats: Texture samplers: 4/16
[2018.02.22-12.02.52:670][988]MaterialEditorStats: User interpolators: 2/4 Scalars (1/4 Vectors) (TexCoords: 2, Custom: 0)
[2018.02.22-12.02.54:955][137]LogSkeletalMesh: USkeletalMeshComponent::InitArticulated : Could not find root physics body: '/Game/Maps/Apartment.Apartment:PersistentLevel.AnsweringMachine_01_SM_Anim_2.SkeletalMeshComponent0'
[2018.02.22-12.02.55:987][184]Cmd: TRANSACTION UNDO
[2018.02.22-12.02.55:987][184]LogEditorTransaction: Undo Replace component used material
[2018.02.22-12.02.56:009][184]LogSkeletalMesh: USkeletalMeshComponent::InitArticulated : Could not find root physics body: '/Game/Maps/Apartment.Apartment:PersistentLevel.AnsweringMachine_01_SM_Anim_2.SkeletalMeshComponent0'
[2018.02.22-12.02.56:016][184]LogMaterial: Missing cached shader map for material HologramGlobe_01_MAT, compiling. 
[2018.02.22-12.02.57:957][288]LogSkeletalMesh: USkeletalMeshComponent::InitArticulated : Could not find root physics body: '/Game/Maps/Apartment.Apartment:PersistentLevel.AnsweringMachine_01_SM_Anim_2.SkeletalMeshComponent0'
[2018.02.22-12.03.01:238][443]MaterialEditorStats: Base pass shader without light map: 113 instructions
[2018.02.22-12.03.01:238][443]MaterialEditorStats: Vertex shader: 224 instructions
[2018.02.22-12.03.01:238][443]MaterialEditorStats: Texture samplers: 4/16
[2018.02.22-12.03.01:238][443]MaterialEditorStats: User interpolators: 2/4 Scalars (1/4 Vectors) (TexCoords: 2, Custom: 0)
[2018.02.22-12.03.05:829][610]Cmd: TRANSACTION UNDO
[2018.02.22-12.03.05:829][610]LogEditorTransaction: Undo Replace component used material
[2018.02.22-12.03.05:853][610]LogSkeletalMesh: USkeletalMeshComponent::InitArticulated : Could not find root physics body: '/Game/Maps/Apartment.Apartment:PersistentLevel.AnsweringMachine_01_SM_Anim_2.SkeletalMeshComponent0'
[2018.02.22-12.03.05:856][610]LogMaterial: Missing cached shader map for material HologramGlobe_01_MAT, compiling. 
[2018.02.22-12.03.09:162][754]LogSkeletalMesh: USkeletalMeshComponent::InitArticulated : Could not find root physics body: '/Game/Maps/Apartment.Apartment:PersistentLevel.AnsweringMachine_01_SM_Anim_2.SkeletalMeshComponent0'
[2018.02.22-12.03.09:595][771]MaterialEditorStats: Base pass shader without light map: 113 instructions
[2018.02.22-12.03.09:595][771]MaterialEditorStats: Vertex shader: 224 instructions
[2018.02.22-12.03.09:595][771]MaterialEditorStats: Texture samplers: 4/16
[2018.02.22-12.03.09:595][771]MaterialEditorStats: User interpolators: 2/4 Scalars (1/4 Vectors) (TexCoords: 2, Custom: 0)
[2018.02.22-12.03.14:711][970]Cmd: DELETE
[2018.02.22-12.03.14:711][970]Cmd: ACTOR DELETE
[2018.02.22-12.03.14:727][970]LogEditorActor: Deleted Actor: Brush
[2018.02.22-12.03.14:727][970]LogEditorActor: Deleted Actor: Brush
[2018.02.22-12.03.14:727][970]LogEditorActor: Deleted Actor: Brush
[2018.02.22-12.03.14:727][970]LogEditorActor: Deleted Actor: Brush
[2018.02.22-12.03.14:727][970]LogEditorActor: Deleted Actor: Brush
[2018.02.22-12.03.14:727][970]LogEditorActor: Deleted Actor: Brush
[2018.02.22-12.03.14:796][970]LogEditorActor: Deleted 6 Actors (0.085 secs)
[2018.02.22-12.03.15:284][986]Cmd: DELETE
[2018.02.22-12.03.15:284][986]Cmd: ACTOR DELETE
[2018.02.22-12.03.15:299][986]LogEditorActor: Deleted Actor: Brush
[2018.02.22-12.03.15:299][986]LogEditorActor: Deleted Actor: Brush
[2018.02.22-12.03.15:299][986]LogEditorActor: Deleted Actor: Brush
[2018.02.22-12.03.15:299][986]LogEditorActor: Deleted Actor: Brush
[2018.02.22-12.03.15:299][986]LogEditorActor: Deleted Actor: Brush
[2018.02.22-12.03.15:299][986]LogEditorActor: Deleted Actor: Brush
[2018.02.22-12.03.15:330][986]LogEditorActor: Deleted 6 Actors (0.046 secs)
[2018.02.22-12.03.15:786][997]Cmd: DELETE
[2018.02.22-12.03.15:786][997]Cmd: ACTOR DELETE
[2018.02.22-12.03.15:800][997]LogEditorActor: Deleted Actor: Brush
[2018.02.22-12.03.15:800][997]LogEditorActor: Deleted Actor: Brush
[2018.02.22-12.03.15:800][997]LogEditorActor: Deleted Actor: Brush
[2018.02.22-12.03.15:800][997]LogEditorActor: Deleted Actor: Brush
[2018.02.22-12.03.15:800][997]LogEditorActor: Deleted Actor: Brush
[2018.02.22-12.03.15:800][997]LogEditorActor: Deleted Actor: Brush
[2018.02.22-12.03.15:827][997]LogEditorActor: Deleted 6 Actors (0.041 secs)
[2018.02.22-12.03.16:304][ 10]Cmd: DELETE
[2018.02.22-12.03.16:304][ 10]Cmd: ACTOR DELETE
[2018.02.22-12.03.16:318][ 10]LogEditorActor: Deleted Actor: Brush
[2018.02.22-12.03.16:319][ 10]LogEditorActor: Deleted Actor: Brush
[2018.02.22-12.03.16:319][ 10]LogEditorActor: Deleted Actor: Brush
[2018.02.22-12.03.16:319][ 10]LogEditorActor: Deleted Actor: Brush
[2018.02.22-12.03.16:319][ 10]LogEditorActor: Deleted Actor: Brush
[2018.02.22-12.03.16:319][ 10]LogEditorActor: Deleted Actor: Brush
[2018.02.22-12.03.16:348][ 10]LogEditorActor: Deleted 6 Actors (0.044 secs)
[2018.02.22-12.03.17:363][ 47]Cmd: DELETE
[2018.02.22-12.03.17:363][ 47]Cmd: ACTOR DELETE
[2018.02.22-12.03.17:379][ 47]LogEditorActor: Deleted Actor: Brush
[2018.02.22-12.03.17:379][ 47]LogEditorActor: Deleted Actor: Brush
[2018.02.22-12.03.17:380][ 47]LogEditorActor: Deleted Actor: Brush
[2018.02.22-12.03.17:380][ 47]LogEditorActor: Deleted Actor: Brush
[2018.02.22-12.03.17:380][ 47]LogEditorActor: Deleted Actor: Brush
[2018.02.22-12.03.17:380][ 47]LogEditorActor: Deleted Actor: Brush
[2018.02.22-12.03.17:407][ 47]LogEditorActor: Deleted 6 Actors (0.044 secs)
[2018.02.22-12.03.18:202][ 78]Cmd: DELETE
[2018.02.22-12.03.18:202][ 78]Cmd: ACTOR DELETE
[2018.02.22-12.03.18:219][ 78]LogEditorActor: Deleted Actor: Brush
[2018.02.22-12.03.18:219][ 78]LogEditorActor: Deleted Actor: Brush
[2018.02.22-12.03.18:219][ 78]LogEditorActor: Deleted Actor: Brush
[2018.02.22-12.03.18:219][ 78]LogEditorActor: Deleted Actor: Brush
[2018.02.22-12.03.18:219][ 78]LogEditorActor: Deleted Actor: Brush
[2018.02.22-12.03.18:219][ 78]LogEditorActor: Deleted Actor: Brush
[2018.02.22-12.03.18:246][ 78]LogEditorActor: Deleted 6 Actors (0.044 secs)
[2018.02.22-12.03.26:716][533]LogActorFactory: Actor Factory created DiningTable_01_SM
[2018.02.22-12.03.27:402][557]LogActorFactory: Actor Factory created DiningTable_01_SM
[2018.02.22-12.03.43:758][209]LogActorFactory: Actor Factory created DiningChair_01_SM
[2018.02.22-12.03.44:535][236]LogActorFactory: Actor Factory created DiningChair_01_SM
[2018.02.22-12.04.13:355][256]LogActorFactory: Actor Factory created DiningChair_01_SM
[2018.02.22-12.04.14:013][278]LogActorFactory: Actor Factory created DiningChair_01_SM
[2018.02.22-12.04.23:684][649]LogActorFactory: Actor Factory created DiningChair_01_SM
[2018.02.22-12.04.24:096][671]LogActorFactory: Actor Factory created DiningChair_01_SM
[2018.02.22-12.04.38:500][360]LogActorFactory: Actor Factory created DiningChair_01_SM
[2018.02.22-12.04.39:093][381]LogActorFactory: Actor Factory created DiningChair_01_SM
[2018.02.22-12.04.46:066][621]LogActorFactory: Actor Factory created DiningChair_01_SM
[2018.02.22-12.04.46:907][651]LogActorFactory: Actor Factory created DiningChair_01_SM
[2018.02.22-12.04.54:366][910]LogActorFactory: Actor Factory created DiningChair_01_SM
[2018.02.22-12.04.55:104][936]LogActorFactory: Actor Factory created DiningChair_01_SM
[2018.02.22-12.05.13:507][807]LogActorFactory: Actor Factory created Canvas1
[2018.02.22-12.05.14:140][834]LogActorFactory: Actor Factory created Canvas1
[2018.02.22-12.05.14:875][871]Cmd: DELETE
[2018.02.22-12.05.14:875][871]Cmd: ACTOR DELETE
[2018.02.22-12.05.14:889][871]LogEditorActor: Deleted Actor: StaticMeshActor
[2018.02.22-12.05.14:903][871]LogEditorActor: Deleted 1 Actors (0.027 secs)
[2018.02.22-12.05.15:879][921]LogActorFactory: Actor Factory created Canvas
[2018.02.22-12.05.16:757][959]LogActorFactory: Actor Factory created Canvas
[2018.02.22-12.05.42:535][ 21]LogEditorViewport: Clicking on Actor (LMB): StaticMeshActor (Canvas)
[2018.02.22-12.05.54:936][456]LogActorFactory: Actor Factory created TV_01_SM
[2018.02.22-12.05.55:791][478]LogActorFactory: Actor Factory created TV_01_SM
[2018.02.22-12.05.56:601][502]Cmd: DELETE
[2018.02.22-12.05.56:601][502]Cmd: ACTOR DELETE
[2018.02.22-12.05.56:616][502]LogEditorActor: Deleted Actor: Brush
[2018.02.22-12.05.56:652][502]LogEditorActor: Deleted 1 Actors (0.050 secs)
[2018.02.22-12.05.57:049][516]LogEditorViewport: Clicking on Actor (LMB): StaticMeshActor (TV_01_SM)
[2018.02.22-12.06.40:200][347]LogActorFactory: Actor Factory created TVRemote_01_SM
[2018.02.22-12.06.41:378][387]LogActorFactory: Actor Factory created TVRemote_01_SM
[2018.02.22-12.06.43:896][474]LogEditorViewport: Clicking on Actor (LMB): StaticMeshActor (TV_01_SM)
[2018.02.22-12.06.58:368][207]LogMaterial: Missing cached shader map for material Material_0, compiling. 
[2018.02.22-12.06.58:431][209]LogMaterial: Missing cached shader map for material Material_1, compiling. 
[2018.02.22-12.06.58:694][226]LogMaterial: Missing cached shader map for material Material_2, compiling. 
[2018.02.22-12.07.31:970][588]LogActorFactory: Actor Factory created TableBowl_01_SM
[2018.02.22-12.07.33:322][639]LogActorFactory: Actor Factory created TableBowl_01_SM
[2018.02.22-12.07.50:300][618]LogEditorViewport: Clicking on Actor (LMB): StaticMeshActor (TableBowl_01_SM3)
[2018.02.22-12.07.54:635][870]LogEditorViewport: Clicking on Actor (LMB): StaticMeshActor (TableBowl_01_SM)
[2018.02.22-12.11.01:756][539]LogActorFactory: Actor Factory created Canvas2
[2018.02.22-12.11.02:734][566]LogActorFactory: Actor Factory created Canvas2
[2018.02.22-12.11.33:855][615]LogActorFactory: Actor Factory created Canvas2
[2018.02.22-12.11.34:427][636]LogActorFactory: Actor Factory created Canvas2
[2018.02.22-12.11.36:707][736]Cmd: DELETE
[2018.02.22-12.11.36:707][736]Cmd: ACTOR DELETE
[2018.02.22-12.11.36:722][736]LogEditorActor: Deleted Actor: StaticMeshActor
[2018.02.22-12.11.36:736][736]LogEditorActor: Deleted 1 Actors (0.029 secs)
[2018.02.22-12.11.37:369][766]LogActorFactory: Actor Factory created Canvas1
[2018.02.22-12.11.37:834][783]LogActorFactory: Actor Factory created Canvas1
[2018.02.22-12.11.41:740][943]Cmd: TRANSACTION UNDO
[2018.02.22-12.11.41:740][943]LogEditorTransaction: Undo Rotate Actors
[2018.02.22-12.11.41:767][943]LogMaterial: Missing cached shader map for material HologramGlobe_01_MAT, compiling. 
[2018.02.22-12.11.48:608][249]MaterialEditorStats: Base pass shader without light map: 113 instructions
[2018.02.22-12.11.48:608][249]MaterialEditorStats: Vertex shader: 224 instructions
[2018.02.22-12.11.48:608][249]MaterialEditorStats: Texture samplers: 4/16
[2018.02.22-12.11.48:608][249]MaterialEditorStats: User interpolators: 2/4 Scalars (1/4 Vectors) (TexCoords: 2, Custom: 0)
[2018.02.22-12.12.33:099][684]LogMaterialEditor: Applying material HologramGlobe_01_MAT
[2018.02.22-12.12.33:511][684]LogMaterial: Missing cached shader map for material HologramGlobe_01_MAT, compiling. 
[2018.02.22-12.12.33:569][684]LogMaterial: Missing cached shader map for material HologramGlobe_01_MAT, compiling. 
[2018.02.22-12.12.33:608][684]LogMaterial: Missing cached shader map for material HologramGlobe_01_MAT, compiling. 
[2018.02.22-12.12.33:653][684]LogMaterial: Missing cached shader map for material FDebugViewModeMaterialProxy HologramGlobe_01_MAT, compiling. 
[2018.02.22-12.12.35:901][684]TextureStreamingBuild: Display: Compiling optional shaders took 2.253 seconds.
[2018.02.22-12.12.38:652][785]Cmd: OBJ SAVEPACKAGE PACKAGE="/Game/Maps/Apartment" FILE="C:/Users/Andrew/Documents/PGVR/GumshoeVR/Content/Maps/Apartment.umap" SILENT=true AUTOSAVING=false KEEPDIRTY=false
[2018.02.22-12.12.39:859][785]LogSavePackage: Save=1146.33ms
[2018.02.22-12.12.39:860][785]LogSavePackage: Moving 'C:/Users/Andrew/Documents/PGVR/GumshoeVR/Saved/Apartment1440A8C04AB2070AC222C781E90824A9.tmp' to 'C:/Users/Andrew/Documents/PGVR/GumshoeVR/Content/Maps/Apartment.umap'
[2018.02.22-12.12.39:872][785]LogSavePackage: Display: Finished SavePackage C:/Users/Andrew/Documents/PGVR/GumshoeVR/Content/Maps/Apartment.umap
[2018.02.22-12.12.41:334][831]MaterialEditorStats: Base pass shader without light map: 113 instructions
[2018.02.22-12.12.41:334][831]MaterialEditorStats: Vertex shader: 224 instructions
[2018.02.22-12.12.41:334][831]MaterialEditorStats: Texture samplers: 4/16
[2018.02.22-12.12.41:334][831]MaterialEditorStats: User interpolators: 2/4 Scalars (1/4 Vectors) (TexCoords: 2, Custom: 0)
[2018.02.22-12.12.44:285][936]LogEditorViewport: Clicking on Actor (LMB): Brush (Box Brush28)
[2018.02.22-12.12.53:998][508]LogActorFactory: Actor Factory created Toaster
[2018.02.22-12.12.54:820][554]LogActorFactory: Actor Factory created Toaster
[2018.02.22-12.13.04:026][172]Cmd: TRANSACTION UNDO
[2018.02.22-12.13.04:026][172]LogEditorTransaction: Undo Scale Actors
[2018.02.22-12.13.04:043][172]LogMaterial: Missing cached shader map for material HologramGlobe_01_MAT, compiling. 
[2018.02.22-12.13.11:315][658]MaterialEditorStats: Base pass shader without light map: 113 instructions
[2018.02.22-12.13.11:315][658]MaterialEditorStats: Vertex shader: 224 instructions
[2018.02.22-12.13.11:315][658]MaterialEditorStats: Texture samplers: 4/16
[2018.02.22-12.13.11:315][658]MaterialEditorStats: User interpolators: 2/4 Scalars (1/4 Vectors) (TexCoords: 2, Custom: 0)
[2018.02.22-12.13.19:155][323]LogActorFactory: Actor Factory created Mug
[2018.02.22-12.13.19:585][347]LogActorFactory: Actor Factory created Mug
[2018.02.22-12.13.20:568][422]LogActorFactory: Actor Factory created MugRack
[2018.02.22-12.13.21:698][484]LogActorFactory: Actor Factory created MugRack
[2018.02.22-12.13.32:504][356]LogEditorViewport: Clicking on Actor (LMB): StaticMeshActor (Toaster)
[2018.02.22-12.14.33:819][823]LogEditorViewport: Clicking on Actor (LMB): StaticMeshActor (Wall_15)
[2018.02.22-12.14.46:609][559]LogEditorViewport: Clicking on Actor (LMB): StaticMeshActor (Wall_17)
[2018.02.22-12.14.57:605][248]LogEditorViewport: Clicking on Actor (LMB): StaticMeshActor (Wall_14)
[2018.02.22-12.15.10:893][979]LogEditorViewport: Clicking on Actor (LMB): StaticMeshActor (Sphere)
[2018.02.22-12.15.11:542][997]Cmd: DELETE
[2018.02.22-12.15.11:542][997]Cmd: ACTOR DELETE
[2018.02.22-12.15.11:557][997]LogEditorActor: Deleted Actor: StaticMeshActor
[2018.02.22-12.15.11:574][997]LogEditorActor: Deleted 1 Actors (0.032 secs)
[2018.02.22-12.15.15:576][128]LogEditorViewport: Clicking on Actor (LMB): SkeletalMeshActor (AnsweringMachine_01_SM_Anim)
[2018.02.22-12.15.19:164][233]Cmd: TRANSACTION UNDO
[2018.02.22-12.15.19:164][233]LogEditorTransaction: Undo Scale Actors
[2018.02.22-12.15.19:190][233]LogSkeletalMesh: USkeletalMeshComponent::InitArticulated : Could not find root physics body: '/Game/Maps/Apartment.Apartment:PersistentLevel.AnsweringMachine_01_SM_Anim_2.SkeletalMeshComponent0'
[2018.02.22-12.15.19:190][233]LogSkeletalMesh: USkeletalMeshComponent::InitArticulated : Could not find root physics body: '/Game/Maps/Apartment.Apartment:PersistentLevel.AnsweringMachine_01_SM_Anim_2.SkeletalMeshComponent0'
[2018.02.22-12.15.19:192][233]LogMaterial: Missing cached shader map for material HologramGlobe_01_MAT, compiling. 
[2018.02.22-12.15.24:683][426]MaterialEditorStats: Base pass shader without light map: 113 instructions
[2018.02.22-12.15.24:683][426]MaterialEditorStats: Vertex shader: 224 instructions
[2018.02.22-12.15.24:683][426]MaterialEditorStats: Texture samplers: 4/16
[2018.02.22-12.15.24:683][426]MaterialEditorStats: User interpolators: 2/4 Scalars (1/4 Vectors) (TexCoords: 2, Custom: 0)
[2018.02.22-12.15.26:610][478]LogEditorViewport: Clicking on Actor (LMB): StaticMeshActor (Frame1)
[2018.02.22-12.15.49:563][142]LogMaterialEditor: Applying material HologramGlobe_01_MAT
[2018.02.22-12.15.49:972][142]LogMaterial: Missing cached shader map for material HologramGlobe_01_MAT, compiling. 
[2018.02.22-12.15.50:027][142]LogMaterial: Missing cached shader map for material HologramGlobe_01_MAT, compiling. 
[2018.02.22-12.15.50:060][142]LogMaterial: Missing cached shader map for material HologramGlobe_01_MAT, compiling. 
[2018.02.22-12.15.50:105][142]LogMaterial: Missing cached shader map for material FDebugViewModeMaterialProxy HologramGlobe_01_MAT, compiling. 
[2018.02.22-12.15.52:149][142]TextureStreamingBuild: Display: Compiling optional shaders took 2.048 seconds.
[2018.02.22-12.15.53:294][174]LogMaterialEditor: Saving and Compiling material HologramGlobe_01_MAT
[2018.02.22-12.15.54:891][174]Cmd: OBJ SAVEPACKAGE PACKAGE="/Game/Apartment/HologramGlobe_01_MAT" FILE="C:/Users/Andrew/Documents/PGVR/GumshoeVR/Content/Apartment/HologramGlobe_01_MAT.uasset" SILENT=true
[2018.02.22-12.15.54:929][174]LogSavePackage: Save=26.27ms
[2018.02.22-12.15.54:929][174]LogSavePackage: Moving 'C:/Users/Andrew/Documents/PGVR/GumshoeVR/Saved/HologramGlobe_01_MATFFA45B104974D5149C19CA97D5D31A46.tmp' to 'C:/Users/Andrew/Documents/PGVR/GumshoeVR/Content/Apartment/HologramGlobe_01_MAT.uasset'
[2018.02.22-12.15.54:937][174]LogSavePackage: Display: Finished SavePackage C:/Users/Andrew/Documents/PGVR/GumshoeVR/Content/Apartment/HologramGlobe_01_MAT.uasset
[2018.02.22-12.15.54:947][174]MaterialEditorStats: Base pass shader without light map: 113 instructions
[2018.02.22-12.15.54:947][174]MaterialEditorStats: Vertex shader: 224 instructions
[2018.02.22-12.15.54:947][174]MaterialEditorStats: Texture samplers: 4/16
[2018.02.22-12.15.54:947][174]MaterialEditorStats: User interpolators: 2/4 Scalars (1/4 Vectors) (TexCoords: 2, Custom: 0)
